T4A28 000:006.397   SEGGER J-Link V8.92 Log File
T4A28 000:006.821   DLL Compiled: Dec  3 2025 16:42:11
T4A28 000:006.869   Logging started @ 2026-03-11 13:46
T4A28 000:006.911   Process: C:\Users\hseiyama\.eclipse\com.renesas.platform_1435879475\DebugComp\RA\e2-server-gdb.exe
T4A28 000:006.964 - 6.952ms 
T4A28 000:007.039 JLINK_GetDLLVersion()
T4A28 000:007.142 - 0.105ms returns 89200
T4A28 000:012.045 JLINK_OpenEx(...)
T4A28 000:026.617   Firmware: J-Link V9 compiled May  7 2021 16:26:12
T4A28 000:028.221   Firmware: J-Link V9 compiled May  7 2021 16:26:12
T4A28 000:028.466   Decompressing FW timestamp took 162 us
T4A28 000:035.866   Hardware: V9.60
T4A28 000:035.971   S/N: 69657260
T4A28 000:036.046   OEM: SEGGER
T4A28 000:036.827   Feature(s): RDI, GDB, FlashDL, FlashBP, JFlash
T4A28 000:038.213   Bootloader: (FW returned invalid version)
T4A28 000:039.147   EMU: Cleaned up zombie connection 0. PID: 0x14F0 (5360)
T4A28 000:041.091   TELNET listener socket opened on port 19021
T4A28 000:041.298   WEBSRV WEBSRV_Init(): Starting webserver thread(s)
T4A28 000:041.589   WEBSRV Webserver running on local port 19080
T4A28 000:041.807   Looking for J-Link GUI Server exe at: C:\Users\hseiyama\.eclipse\com.renesas.platform_1435879475\DebugComp\RA\ARM\Segger_v8.92.0\JLinkGUIServer.exe
T4A28 000:042.142   Looking for J-Link GUI Server exe at: \JLinkGUIServer.exe
T4A28 000:348.807   Failed to connect to J-Link GUI Server.
T4A28 000:348.890 - 336.833ms returns "O.K."
T4A28 000:349.100 JLINK_ExecCommand("ProjectFile=C:\Users\hseiyama\ra4m1_ws\e2_studio\simple_ioport/simple_ioport Debug.jlink", ...). 
T4A28 000:450.976 - 101.881ms returns 0x00
T4A28 000:452.736 JLINK_ExecCommand("device=R7FA4M1AB", ...). 
T4A28 000:453.418   Device "R7FA4M1AB" selected.
T4A28 000:453.933 - 1.150ms returns 0x00
T4A28 000:453.993 JLINK_ExecCommand("SetCPUConnectIDCODE = FFFFFFFFFFFFFFFFFFFFFFFFFFFFFFFF", ...). 
T4A28 000:454.024 - 0.008ms returns 0x00
T4A28 000:454.076 JLINK_TIF_GetAvailable(...)
T4A28 000:454.573 - 0.500ms 
T4A28 000:454.615 JLINK_TIF_Select(JLINKARM_TIF_SWD)
T4A28 000:456.227 - 1.619ms returns 0x00
T4A28 000:456.262 JLINK_SetSpeed(4000)
T4A28 000:456.635 - 0.376ms 
T4A28 000:456.660 JLINK_SetEndian(ARM_ENDIAN_LITTLE)
T4A28 000:456.675 - 0.015ms returns 0
T4A28 000:456.692 JLINK_SetInitRegsOnReset(OFF)
T4A28 000:456.707 - 0.014ms returns 1
T4A28 000:456.725 JLINK_SetResetType(JLINKARM_RESET_TYPE_NORMAL)
T4A28 000:456.740 - 0.015ms returns JLINKARM_RESET_TYPE_NORMAL
T4A28 000:456.768 JLINK_ExecCommand("EnableFlashBPs", ...). 
T4A28 000:456.787 - 0.001ms returns 0x00
T4A28 000:456.806 JLINK_ExecCommand("SetAllowFlashCache = 0", ...). 
T4A28 000:456.825 - 0.001ms returns 0x01
T4A28 000:456.844 JLINK_ExecCommand("SetRestartOnClose = 0", ...). 
T4A28 000:456.864 - 0.002ms returns 0x01
T4A28 000:456.882 JLINK_ExecCommand("SetAllowSimulation = 0", ...). 
T4A28 000:456.902 - 0.001ms returns 0x01
T4A28 000:456.919 JLINK_EnableSoftBPs(ON)
T4A28 000:456.933 - 0.014ms 
T4A28 000:456.956 JLINK_Connect()
T4A28 000:457.471   InitTarget() start
T4A28 000:457.505    J-Link Script File: Executing InitTarget()
T4A28 000:457.532   Identifying target device...
T4A28 000:457.555   SWD selected. Executing JTAG -> SWD switching sequence...
T4A28 000:458.281   Initializing DAP...
T4A28 000:460.703   DAP initialized successfully.
T4A28 000:466.860   InitTarget() end - Took 9.35ms
T4A28 000:468.103   Found SW-DP with ID 0x5BA02477
T4A28 000:471.340   DPIDR: 0x5BA02477
T4A28 000:471.363   CoreSight SoC-400 or earlier
T4A28 000:471.376   Scanning AP map to find all available APs
T4A28 000:472.914   AP[2]: Stopped AP scan as end of AP map has been reached
T4A28 000:472.937   AP[0]: AHB-AP (IDR: 0x24770011, ADDR: 0x00000000)
T4A28 000:472.950   AP[1]: APB-AP (IDR: 0x44770002, ADDR: 0x01000000)
T4A28 000:472.963   Iterating through AP map to find AHB-AP to use
T4A28 000:474.063   AP[0]: Core found
T4A28 000:474.086   AP[0]: AHB-AP ROM base: 0xE00FF000
T4A28 000:474.647   CPUID register: 0x410FC241. Implementer code: 0x41 (ARM)
T4A28 000:474.728   Found Cortex-M4 r0p1, Little endian.
T4A28 000:475.674   -- Max. mem block: 0x00010920
T4A28 000:476.460   CPU_ReadMem(4 bytes @ 0xE000EDF0)
T4A28 000:476.933   CPU_ReadMem(4 bytes @ 0xE0002000)
T4A28 000:477.425   FPUnit: 6 code (BP) slots and 2 literal slots
T4A28 000:477.444   CPU_ReadMem(4 bytes @ 0xE000EDFC)
T4A28 000:477.927   CPU_ReadMem(4 bytes @ 0xE0001000)
T4A28 000:478.429   CPU_WriteMem(4 bytes @ 0xE0001000)
T4A28 000:478.939   CPU_ReadMem(4 bytes @ 0xE000ED88)
T4A28 000:479.434   CPU_WriteMem(4 bytes @ 0xE000ED88)
T4A28 000:479.931   CPU_ReadMem(4 bytes @ 0xE000ED88)
T4A28 000:480.425   CPU_WriteMem(4 bytes @ 0xE000ED88)
T4A28 000:480.931   CoreSight components:
T4A28 000:480.947   ROMTbl[0] @ E00FF000
T4A28 000:480.960   CPU_ReadMem(64 bytes @ 0xE00FF000)
T4A28 000:481.721   CPU_ReadMem(32 bytes @ 0xE000EFE0)
T4A28 000:482.317   [0][0]: E000E000 CID B105E00D PID 000BB00C SCS-M7
T4A28 000:482.335   CPU_ReadMem(32 bytes @ 0xE0001FE0)
T4A28 000:482.930   [0][1]: E0001000 CID B105E00D PID 003BB002 DWT
T4A28 000:482.946   CPU_ReadMem(32 bytes @ 0xE0002FE0)
T4A28 000:483.580   [0][2]: E0002000 CID B105E00D PID 002BB003 FPB
T4A28 000:483.612   CPU_ReadMem(32 bytes @ 0xE0000FE0)
T4A28 000:484.333   [0][3]: E0000000 CID B105E00D PID 003BB001 ITM
T4A28 000:484.355   CPU_ReadMem(32 bytes @ 0xE0040FE0)
T4A28 000:485.070   [0][4]: E0040000 CID B105900D PID 000BB9A1 TPIU
T4A28 000:485.087   CPU_ReadMem(32 bytes @ 0xE0041FE0)
T4A28 000:485.707   [0][5]: E0041000 CID B105900D PID 000BB925 ETM
T4A28 000:485.724   CPU_ReadMem(32 bytes @ 0xE0042FE0)
T4A28 000:486.320   [0][6]: E0042000 CID B105900D PID 002BB908 CSTF
T4A28 000:486.337   CPU_ReadMem(32 bytes @ 0xE0043FE0)
T4A28 000:486.949   [0][7]: E0043000 CID B105900D PID 001BB961 TMC
T4A28 000:486.965   CPU_ReadMem(32 bytes @ 0xE0044FE0)
T4A28 000:487.570   [0][8]: E0044000 CID B105F00D PID 001BB101 TSG
T4A28 000:487.617 - 30.661ms returns 0x00
T4A28 000:487.652 JLINK_Halt()
T4A28 000:490.422 - 2.769ms returns 0x00
T4A28 000:490.473 JLINK_IsHalted()
T4A28 000:490.504 - 0.030ms returns TRUE
T4A28 000:490.543 JLINK_ResetPullsRESET(ON)
T4A28 000:490.561 - 0.018ms 
T4A28 000:490.587 JLINK_Reset()
T4A28 000:490.636   JLINK_GetResetTypeDesc
T4A28 000:490.654   - 0.018ms 
T4A28 000:490.678   Reset type: NORMAL (https://kb.segger.com/J-Link_Reset_Strategies)
T4A28 000:490.707   CPU_WriteMem(4 bytes @ 0xE000EDF0)
T4A28 000:491.403   CPU_WriteMem(4 bytes @ 0xE000EDFC)
T4A28 000:491.957   Reset: Halt core after reset via DEMCR.VC_CORERESET.
T4A28 000:492.719   Reset: Reset device via AIRCR.SYSRESETREQ.
T4A28 000:492.738   CPU_WriteMem(4 bytes @ 0xE000ED0C)
T4A28 000:547.769   CPU_ReadMem(4 bytes @ 0xE000EDF0)
T4A28 000:548.383   CPU_ReadMem(4 bytes @ 0xE000EDF0)
T4A28 000:549.425   CPU_WriteMem(4 bytes @ 0xE000EDFC)
T4A28 000:556.245   CPU_ReadMem(4 bytes @ 0xE000EDF0)
T4A28 000:560.291   CPU_WriteMem(4 bytes @ 0xE0002000)
T4A28 000:560.996   CPU_ReadMem(4 bytes @ 0xE000EDFC)
T4A28 000:561.740   CPU_ReadMem(4 bytes @ 0xE0001000)
T4A28 000:562.427 - 71.839ms 
T4A28 000:562.565 JLINK_ReadMemEx(0x407FB19C, 0x8 Bytes, Flags = 0x00000004)
T4A28 000:562.591   CPU_ReadMem(8 bytes @ 0x407FB19C)
T4A28 000:563.155   Data:  00 3C 00 01 00 00 00 00
T4A28 000:563.183 - 0.618ms returns 8 (0x8)
T4A28 000:563.213 JLINK_ReadMem(0x01003C24, 0x10 Bytes, ...)
T4A28 000:563.227   CPU_ReadMem(16 bytes @ 0x01003C24)
T4A28 000:563.926   Data:  52 37 46 41 34 4D 31 41 42 33 43 46 4D 20 20 20
T4A28 000:563.954 - 0.741ms returns 0
T4A28 000:563.975 JLINK_IsHalted()
T4A28 000:563.984 - 0.009ms returns TRUE
T4A28 000:564.420 JLINK_IsHalted()
T4A28 000:564.438 - 0.017ms returns TRUE
T4A28 000:564.450 JLINK_MeasureCPUSpeed(RAMAddr = 0xFFFFFFFF)
T4A28 000:564.463   CPU_ReadMem(16 bytes @ 0x20000000)
T4A28 000:565.241   CPU_ReadMem(64 bytes @ 0x20000000)
T4A28 000:566.141    -- Updating C cache (64 bytes @ 0x20000000)
T4A28 000:566.170    -- Read from C cache (6 bytes @ 0x20000000)
T4A28 000:566.185   CPU_ReadMem(4 bytes @ 0xE000ED90)
T4A28 000:566.873   CPU_ReadMem(4 bytes @ 0xE000ED94)
T4A28 000:567.516   CPU_WriteMem(16 bytes @ 0x20000000)
T4A28 000:568.259   CPU_WriteMem(6 bytes @ 0x20000000)
T4A28 000:568.919   CPU_ReadMem(64 bytes @ 0x20000000)
T4A28 000:569.716    -- Updating C cache (64 bytes @ 0x20000000)
T4A28 000:569.735    -- Read from C cache (6 bytes @ 0x20000000)
T4A28 000:569.760   CPU_WriteMem(4 bytes @ 0xE0002008)
T4A28 000:569.774   CPU_WriteMem(4 bytes @ 0xE000200C)
T4A28 000:569.786   CPU_WriteMem(4 bytes @ 0xE0002010)
T4A28 000:569.799   CPU_WriteMem(4 bytes @ 0xE0002014)
T4A28 000:569.811   CPU_WriteMem(4 bytes @ 0xE0002018)
T4A28 000:569.823   CPU_WriteMem(4 bytes @ 0xE000201C)
T4A28 000:577.605   CPU_WriteMem(4 bytes @ 0xE0002008)
T4A28 000:578.246   CPU_WriteMem(4 bytes @ 0xE000200C)
T4A28 000:578.815   CPU_WriteMem(4 bytes @ 0xE0002010)
T4A28 000:579.312   CPU_WriteMem(4 bytes @ 0xE0002014)
T4A28 000:579.811   CPU_WriteMem(4 bytes @ 0xE0002018)
T4A28 000:580.340   CPU_WriteMem(4 bytes @ 0xE000201C)
T4A28 000:606.806   CPU_WriteMem(6 bytes @ 0x20000000)
T4A28 000:607.494   ClockFreq: 514500 Hz
T4A28 000:607.547 - 43.096ms returns 514500
T4A28 000:607.598 JLINK_ReadReg(XPSR)
T4A28 000:607.622 - 0.024ms returns 0x01000000
T16D4 002:913.836 JLINK_BeginDownload(Flags = 0x00000000)
T16D4 002:913.943 - 0.106ms 
T16D4 002:932.285 JLINK_WriteMem(0x00000000, 0x40 Bytes, ...)
T16D4 002:932.335   Data:  00 04 00 20 45 0C 00 00 39 0B 00 00 41 0C 00 00 ...
T16D4 002:932.788   completely In flash
T16D4 002:932.811 - 0.527ms returns 0x40
T16D4 002:933.341 JLINK_WriteMem(0x00000040, 0x3C Bytes, ...)
T16D4 002:933.372   Data:  01 00 00 00 70 00 00 00 02 00 00 00 50 00 00 00 ...
T16D4 002:933.395   completely In flash
T16D4 002:933.415 - 0.074ms returns 0x3C
T16D4 002:934.112 JLINK_WriteMem(0x00000400, 0x4 Bytes, ...)
T16D4 002:934.136   Data:  FF FF FF FF
T16D4 002:934.160   completely In flash
T16D4 002:934.180 - 0.069ms returns 0x4
T16D4 002:934.782 JLINK_WriteMem(0x00000404, 0x4 Bytes, ...)
T16D4 002:934.810   Data:  DF 8F FF FF
T16D4 002:934.837   completely In flash
T16D4 002:934.852 - 0.070ms returns 0x4
T16D4 002:935.528 JLINK_WriteMem(0x00000440, 0xA9C Bytes, ...)
T16D4 002:935.549   Data:  03 48 04 4B 83 42 02 D0 03 4B 03 B1 18 47 70 47 ...
T16D4 002:935.568   completely In flash
T16D4 002:935.582 - 0.054ms returns 0xA9C
T16D4 002:936.074 JLINK_WriteMem(0x00000EDC, 0x4 Bytes, ...)
T16D4 002:936.102   Data:  F8 B5 00 BF
T16D4 002:936.130   completely In flash
T16D4 002:936.152 - 0.078ms returns 0x4
T16D4 002:936.573 JLINK_WriteMem(0x00000EE0, 0x4 Bytes, ...)
T16D4 002:936.601   Data:  F8 B5 00 BF
T16D4 002:936.624   completely In flash
T16D4 002:936.647 - 0.074ms returns 0x4
T16D4 002:937.066 JLINK_WriteMem(0x00000EE4, 0x4 Bytes, ...)
T16D4 002:937.097   Data:  A9 04 00 00
T16D4 002:937.120   completely In flash
T16D4 002:937.140 - 0.074ms returns 0x4
T16D4 002:937.597 JLINK_WriteMem(0x00000EE8, 0x4 Bytes, ...)
T16D4 002:937.627   Data:  81 04 00 00
T16D4 002:937.652   completely In flash
T16D4 002:937.713 - 0.115ms returns 0x4
T16D4 002:962.486 JLINK_EndDownload()
T16D4 002:963.093   HandleBeforeFlashProg() start
T16D4 002:963.136    J-Link Script File: Executing HandleBeforeFlashProg()
T16D4 002:963.176   CPU_ReadMem(2 bytes @ 0x40000D04)
T16D4 002:963.881   CPU_ReadMem(2 bytes @ 0x40000D14)
T16D4 002:964.520   HandleBeforeFlashProg() end - Took 1.38ms
T16D4 002:964.553   CPU_ReadMem(4 bytes @ 0xE000ED90)
T16D4 002:965.065   CPU_ReadMem(4 bytes @ 0xE000ED94)
T16D4 002:965.579    -- --------------------------------------
T16D4 002:965.618    -- Flash bank @ 0x00000000: Default: L2 verify disabled because algorithm performs L1 verify
T16D4 002:965.636    -- Start of determining dirty areas in flash cache
T16D4 002:965.656    -- Filling invalid ranges in sector buffer (flash cache) for sector @ 0x00000000 if necessary
T16D4 002:965.673    -- Filling invalid ranges in sector buffer (flash cache) for sector @ 0x00000800 if necessary
T16D4 002:965.750    -- End of determining dirty areas
T16D4 002:965.763    -- Start of preparing flash programming
T16D4 002:965.780    -- Calculating RAM usage
T16D4 002:965.924    -- RAM usage = 3572 Bytes
T16D4 002:965.937    -- Preserving CPU registers
T16D4 002:965.980    -- Determining CPU clock frequency
T16D4 003:004.524    -- Preparing target
T16D4 003:010.637    -- Preserving target RAM temporarily used for programming
T16D4 003:027.129    -- Downloading RAMCode
T16D4 003:047.000    -- Preparing RAMCode
T16D4 003:054.071    -- CPU frequency = 8000 kHz
T16D4 003:054.140    -- End of preparing flash programming
T16D4 003:054.176   
  ***** Warning: 
T16D4 003:054.188   CPU is running at low speed (8000 kHz).
T16D4 003:054.200    -- CPU is running at 8000 kHz.
T16D4 003:054.215    -- Start of comparing flash
T16D4 003:054.230    -- CRC check was estimated as fastest method
T16D4 003:054.246    -- Comparing range 0x0000 - 0x0FFF (2 Sectors, 4 KB), using multi-block CRC calculation
T16D4 003:056.892    -- CRC does not match for sectors 0-1
T16D4 003:056.923    -- End of comparing flash
T16D4 003:056.938    -- Start of erasing sectors
T16D4 003:056.953    -- Erasing range 0x00000000 - 0x00000FFF (  2 Sectors, 4 KB)
T16D4 003:069.987    -- End of erasing sectors
T16D4 003:070.028    -- Start of flash programming
T16D4 003:070.045    -- Programming range 0x00000000 - 0x00000FFF (  2 Sectors, 4 KB)
T16D4 003:115.672    -- End of flash programming
T16D4 003:115.741    -- 0x0000 - 0x0FFF (  2 Sectors, 4 KB)
T16D4 003:115.759    -- Start of restoring
T16D4 003:115.773    -- Restoring RAMCode
T16D4 003:134.671    -- Restoring target memory
T16D4 003:148.232    -- Restore target
T16D4 003:151.726    -- Restoring CPU registers
T16D4 003:151.852    -- End of restoring
T16D4 003:151.884    -- Bank 0 @ 0x00000000: 1 range affected (4096 bytes)
T16D4 003:151.912    -- Total: 0.186s (Prepare: 0.088s, Compare: 0.002s, Erase: 0.013s, Program & Verify: 0.061s, Restore: 0.020s)
T16D4 003:151.935    -- Program & Verify speed: 65 KB/s
T16D4 003:151.971   HandleAfterFlashProg() start
T16D4 003:151.990    J-Link Script File: Executing HandleAfterFlashProg()
T16D4 003:152.008   HandleAfterFlashProg() end - Took 17us
T16D4 003:152.431 - 189.944ms returns 4096 (0x1000)
T16D4 003:153.064 JLINK_WriteReg(R15 (PC), 0x00000C44)
T16D4 003:153.101 - 0.037ms returns 0
T16D4 003:153.120 JLINK_WriteReg(XPSR, 0x01000000)
T16D4 003:153.137 - 0.016ms returns 0
T16D4 003:174.541 JLINK_ReadMem(0x00000C44, 0x4 Bytes, ...)
T16D4 003:174.681   CPU_ReadMem(64 bytes @ 0x00000C40)
T16D4 003:175.611    -- Updating C cache (64 bytes @ 0x00000C40)
T16D4 003:175.633    -- Read from C cache (4 bytes @ 0x00000C44)
T16D4 003:175.646   Data:  08 B5 00 F0
T16D4 003:175.660 - 1.121ms returns 0
T16D4 003:182.872 JLINK_ReadMem(0x00000C44, 0x4 Bytes, ...)
T16D4 003:182.944    -- Read from C cache (4 bytes @ 0x00000C44)
T16D4 003:182.972   Data:  08 B5 00 F0
T16D4 003:183.003 - 0.131ms returns 0
T16D4 003:373.833 JLINK_GetNumBPUnits(Type = 0xFFFFFF00)
T16D4 003:373.893 - 0.060ms returns 0x06
T16D4 003:373.915 JLINK_GetNumWPUnits()
T16D4 003:373.929 - 0.013ms returns 4
T16D4 003:373.955 JLINK_GetNumBPUnits(Type = 0xFFFFFF00)
T16D4 003:373.970 - 0.015ms returns 0x06
T16D4 003:373.986 JLINK_GetNumWPUnits()
T16D4 003:374.002 - 0.016ms returns 4
T16D4 003:374.028 JLINK_GetNumBPUnits(Type = 0xFFFFFF00)
T16D4 003:374.043 - 0.015ms returns 0x06
T16D4 003:374.058 JLINK_GetNumWPUnits()
T16D4 003:374.071 - 0.012ms returns 4
T16D4 003:374.148 JLINK_SetBPEx(Addr = 0x000005F0, Type = 0xFFFFFF00)
T16D4 003:374.172 - 0.024ms returns 0x00000001
T16D4 003:374.192 JLINK_ClrBPEx(BPHandle = 0x00000001)
T16D4 003:374.206 - 0.015ms returns 0x00
T16D4 003:388.406 JLINK_ReadMem(0x000005C0, 0x40 Bytes, ...)
T16D4 003:388.469   CPU_ReadMem(64 bytes @ 0x000005C0)
T16D4 003:389.424    -- Updating C cache (64 bytes @ 0x000005C0)
T16D4 003:389.468    -- Read from C cache (64 bytes @ 0x000005C0)
T16D4 003:389.490   Data:  44 0E 00 00 30 0E 00 00 20 B9 06 4B 01 22 83 F8 ...
T16D4 003:389.612 - 1.206ms returns 0
T16D4 003:390.412 JLINK_ReadMem(0x000005F0, 0x2 Bytes, ...)
T16D4 003:390.441    -- Read from C cache (2 bytes @ 0x000005F0)
T16D4 003:390.454   Data:  08 B5
T16D4 003:390.467 - 0.054ms returns 0
T16D4 003:391.071 JLINK_SetBPEx(Addr = 0x000005F0, Type = 0xFFFFFF00)
T16D4 003:391.103 - 0.033ms returns 0x00000002
T16D4 003:468.885 JLINK_ReadRegs(NumRegs = 20)
T16D4 003:468.968   
  R0 (0)        = 0x63915D             R1 (1)        = 0xF4240              R2 (2)        = 0x14                 R3 (3)        = 0x3E8             
  R4 (4)        = 0x20000444           R5 (5)        = 0x00                 R6 (6)        = 0x20000480           R7 (7)        = 0x20000468        
  R8 (8)        = 0x20000458           R9 (9)        = 0xC54B3BBD           R10 (10)      = 0x1DFF68B9           R11 (11)      = 0x6F939966        
  R12 (12)      = 0x2FAF080            R13 (SP) (13) = 0x20000408           R14 (14)      = 0xFFFFFFFF           R15 (PC) (15) = 0xC44             
  XPSR (16)     = 0x1000000            MSP (17)      = 0x20000408           PSP (18)      = 0x2D56EC28           CFBP (20)     = 0x00              
T16D4 003:468.990 - 0.105ms returns 0x00
T16D4 003:470.503 JLINK_ReadMem(0x00000C44, 0x4 Bytes, ...)
T16D4 003:470.552    -- Read from C cache (4 bytes @ 0x00000C44)
T16D4 003:470.570   Data:  08 B5 00 F0
T16D4 003:470.589 - 0.086ms returns 0
T538C 003:502.260 JLINK_GetNumBPUnits(Type = 0xFFFFFF00)
T538C 003:502.323 - 0.064ms returns 0x06
T538C 003:502.342 JLINK_GetNumWPUnits()
T538C 003:502.357 - 0.014ms returns 4
T538C 003:502.851 JLINK_GetNumBPUnits(Type = 0xFFFFFF00)
T538C 003:502.883 - 0.033ms returns 0x06
T538C 003:502.894 JLINK_GetNumWPUnits()
T538C 003:502.903 - 0.008ms returns 4
T538C 003:503.254 JLINK_GetNumBPUnits(Type = 0xFFFFFF00)
T538C 003:503.284 - 0.030ms returns 0x06
T538C 003:503.303 JLINK_GetNumWPUnits()
T538C 003:503.317 - 0.014ms returns 4
T538C 003:503.789 JLINK_GetNumBPUnits(Type = 0xFFFFFF00)
T538C 003:503.812 - 0.023ms returns 0x06
T538C 003:503.823 JLINK_GetNumWPUnits()
T538C 003:503.831 - 0.008ms returns 4
T538C 003:504.477 JLINK_GetNumBPUnits(Type = 0xFFFFFF00)
T538C 003:504.500 - 0.022ms returns 0x06
T538C 003:504.510 JLINK_GetNumWPUnits()
T538C 003:504.519 - 0.008ms returns 4
T538C 003:505.602 JLINK_GetNumBPUnits(Type = 0xFFFFFF00)
T538C 003:505.632 - 0.031ms returns 0x06
T538C 003:505.650 JLINK_GetNumWPUnits()
T538C 003:505.664 - 0.014ms returns 4
T538C 003:506.063 JLINK_GetNumBPUnits(Type = 0xFFFFFF00)
T538C 003:506.091 - 0.028ms returns 0x06
T538C 003:506.106 JLINK_GetNumWPUnits()
T538C 003:506.120 - 0.013ms returns 4
T538C 003:506.415 JLINK_GetNumBPUnits(Type = 0xFFFFFF00)
T538C 003:506.436 - 0.021ms returns 0x06
T538C 003:506.451 JLINK_GetNumWPUnits()
T538C 003:506.463 - 0.012ms returns 4
T16D4 003:787.986 JLINK_ReadMem(0x00000C44, 0x4 Bytes, ...)
T16D4 003:788.037    -- Read from C cache (4 bytes @ 0x00000C44)
T16D4 003:788.060   Data:  08 B5 00 F0
T16D4 003:788.074 - 0.089ms returns 0
T16D4 010:619.780 JLINK_ReadMem(0x00000C40, 0x40 Bytes, ...)
T16D4 010:619.853    -- Read from C cache (64 bytes @ 0x00000C40)
T16D4 010:619.877   Data:  00 BE 70 47 08 B5 00 F0 35 F8 FF F7 D1 FC FE E7 ...
T16D4 010:619.898 - 0.119ms returns 0
T16D4 010:620.174 JLINK_ReadMem(0x00000C00, 0x40 Bytes, ...)
T16D4 010:620.214   CPU_ReadMem(64 bytes @ 0x00000C00)
T16D4 010:621.111    -- Updating C cache (64 bytes @ 0x00000C00)
T16D4 010:621.140    -- Read from C cache (64 bytes @ 0x00000C00)
T16D4 010:621.154   Data:  6B B9 0D 4C 0D 4D B4 F8 FE 33 35 F8 10 C0 9B B2 ...
T16D4 010:621.166 - 0.991ms returns 0
T16D4 010:827.040 JLINK_ReadMem(0x00000C40, 0x40 Bytes, ...)
T16D4 010:827.086    -- Read from C cache (64 bytes @ 0x00000C40)
T16D4 010:827.102   Data:  00 BE 70 47 08 B5 00 F0 35 F8 FF F7 D1 FC FE E7 ...
T16D4 010:827.126 - 0.086ms returns 0
T16D4 010:828.329 JLINK_ReadMem(0x00000C80, 0x40 Bytes, ...)
T16D4 010:828.374   CPU_ReadMem(64 bytes @ 0x00000C80)
T16D4 010:829.167    -- Updating C cache (64 bytes @ 0x00000C80)
T16D4 010:829.205    -- Read from C cache (64 bytes @ 0x00000C80)
T16D4 010:829.223   Data:  B4 42 F3 D1 BE 68 96 B1 FC 68 04 EB 06 16 02 E0 ...
T16D4 010:829.246 - 0.917ms returns 0
T16D4 010:835.315 JLINK_ReadMem(0x00000CC0, 0x40 Bytes, ...)
T16D4 010:835.370   CPU_ReadMem(64 bytes @ 0x00000CC0)
T16D4 010:836.226    -- Updating C cache (64 bytes @ 0x00000CC0)
T16D4 010:836.259    -- Read from C cache (64 bytes @ 0x00000CC0)
T16D4 010:836.282   Data:  C3 F8 88 40 4A F2 02 51 98 60 01 23 A2 F8 FE 13 ...
T16D4 010:836.303 - 0.989ms returns 0
T16D4 010:938.526 JLINK_ReadMem(0x00000C40, 0x40 Bytes, ...)
T16D4 010:938.586    -- Read from C cache (64 bytes @ 0x00000C40)
T16D4 010:938.611   Data:  00 BE 70 47 08 B5 00 F0 35 F8 FF F7 D1 FC FE E7 ...
T16D4 010:938.634 - 0.108ms returns 0
T16D4 017:040.620 JLINK_IsHalted()
T16D4 017:041.296 - 0.676ms returns TRUE
T16D4 017:041.334 JLINK_GoEx(MaxEmulInsts = 0, Flags = 0x01)
T16D4 017:041.368   CPU_WriteMem(4 bytes @ 0xE0002000)
T16D4 017:041.982   CPU_ReadMem(4 bytes @ 0xE0001000)
T16D4 017:042.552   CPU_WriteMem(4 bytes @ 0xE0002008)
T16D4 017:045.758   Memory map 'after startup completion point' is active
T16D4 017:045.796 - 4.461ms 
T16D4 017:140.514 JLINK_IsHalted()
T16D4 017:143.592 - 3.076ms returns TRUE
T16D4 017:143.654 JLINK_ReadReg(XPSR)
T16D4 017:143.676 - 0.021ms returns 0x61000000
T16D4 017:143.692 JLINK_ReadReg(R15 (PC))
T16D4 017:143.708 - 0.016ms returns 0x000005F0
T16D4 017:143.730 JLINK_ReadReg(XPSR)
T16D4 017:143.744 - 0.014ms returns 0x61000000
T16D4 017:143.760 JLINK_ReadReg(XPSR)
T16D4 017:143.774 - 0.013ms returns 0x61000000
T16D4 017:143.790 JLINK_ReadReg(R15 (PC))
T16D4 017:143.804 - 0.013ms returns 0x000005F0
T16D4 017:143.822 JLINK_ReadReg(XPSR)
T16D4 017:143.836 - 0.014ms returns 0x61000000
T16D4 017:143.852 JLINK_ReadReg(XPSR)
T16D4 017:143.868 - 0.014ms returns 0x61000000
T16D4 017:143.886 JLINK_ReadMem(0x000005F0, 0x1 Bytes, ...)
T16D4 017:143.924   CPU_ReadMem(64 bytes @ 0x000005C0)
T16D4 017:144.838    -- Updating C cache (64 bytes @ 0x000005C0)
T16D4 017:144.872    -- Read from C cache (1 bytes @ 0x000005F0)
T16D4 017:144.892   Data:  08
T16D4 017:144.912 - 1.026ms returns 0
T16D4 017:144.932 JLINK_IsHalted()
T16D4 017:144.948 - 0.014ms returns TRUE
T16D4 017:144.964 JLINK_ReadReg(XPSR)
T16D4 017:144.980 - 0.016ms returns 0x61000000
T16D4 017:144.998 JLINK_ReadReg(XPSR)
T16D4 017:145.014 - 0.014ms returns 0x61000000
T16D4 017:145.030 JLINK_ReadReg(R15 (PC))
T16D4 017:145.044 - 0.013ms returns 0x000005F0
T16D4 017:145.060 JLINK_ReadReg(XPSR)
T16D4 017:145.074 - 0.013ms returns 0x61000000
T16D4 017:145.088 JLINK_ReadReg(XPSR)
T16D4 017:145.102 - 0.013ms returns 0x61000000
T16D4 017:145.116 JLINK_ReadMem(0x000005F0, 0x1 Bytes, ...)
T16D4 017:145.132    -- Read from C cache (1 bytes @ 0x000005F0)
T16D4 017:145.152   Data:  08
T16D4 017:145.172 - 0.053ms returns 0
T16D4 017:145.288 JLINK_IsHalted()
T16D4 017:145.306 - 0.018ms returns TRUE
T16D4 017:145.324 JLINK_ReadReg(XPSR)
T16D4 017:145.338 - 0.015ms returns 0x61000000
T16D4 017:145.356 JLINK_ReadReg(R15 (PC))
T16D4 017:145.370 - 0.013ms returns 0x000005F0
T16D4 017:145.386 JLINK_ReadReg(XPSR)
T16D4 017:145.398 - 0.012ms returns 0x61000000
T16D4 017:145.412 JLINK_ReadReg(XPSR)
T16D4 017:145.428 - 0.015ms returns 0x61000000
T16D4 017:145.446 JLINK_ReadReg(R15 (PC))
T16D4 017:145.460 - 0.013ms returns 0x000005F0
T16D4 017:145.476 JLINK_ReadReg(XPSR)
T16D4 017:145.490 - 0.013ms returns 0x61000000
T16D4 017:145.506 JLINK_ReadReg(XPSR)
T16D4 017:145.520 - 0.014ms returns 0x61000000
T16D4 017:145.536 JLINK_ReadMem(0x000005F0, 0x1 Bytes, ...)
T16D4 017:145.552    -- Read from C cache (1 bytes @ 0x000005F0)
T16D4 017:145.574   Data:  08
T16D4 017:145.594 - 0.057ms returns 0
T16D4 017:145.612 JLINK_IsHalted()
T16D4 017:145.626 - 0.014ms returns TRUE
T16D4 017:145.642 JLINK_ReadReg(XPSR)
T16D4 017:145.658 - 0.015ms returns 0x61000000
T16D4 017:145.674 JLINK_ReadReg(XPSR)
T16D4 017:145.700 - 0.025ms returns 0x61000000
T16D4 017:145.722 JLINK_ReadReg(R15 (PC))
T16D4 017:145.738 - 0.014ms returns 0x000005F0
T16D4 017:145.754 JLINK_ReadReg(XPSR)
T16D4 017:145.768 - 0.013ms returns 0x61000000
T16D4 017:145.782 JLINK_ReadReg(XPSR)
T16D4 017:145.796 - 0.013ms returns 0x61000000
T16D4 017:145.812 JLINK_ReadMem(0x000005F0, 0x1 Bytes, ...)
T16D4 017:145.828    -- Read from C cache (1 bytes @ 0x000005F0)
T16D4 017:145.850   Data:  08
T16D4 017:145.870 - 0.058ms returns 0
T16D4 017:146.886 JLINK_ReadRegs(NumRegs = 20)
T16D4 017:146.940   
  R0 (0)        = 0x00                 R1 (1)        = 0x00                 R2 (2)        = 0x00                 R3 (3)        = 0xE7C             
  R4 (4)        = 0x20000444           R5 (5)        = 0x00                 R6 (6)        = 0x20000480           R7 (7)        = 0x20000468        
  R8 (8)        = 0x20000458           R9 (9)        = 0xC54B3BBD           R10 (10)      = 0x1DFF68B9           R11 (11)      = 0x6F939966        
  R12 (12)      = 0x30                 R13 (SP) (13) = 0x20000400           R14 (14)      = 0xC4F                R15 (PC) (15) = 0x5F0             
  XPSR (16)     = 0x61000000           MSP (17)      = 0x20000400           PSP (18)      = 0x2D56EC28           CFBP (20)     = 0x00              
T16D4 017:146.962 - 0.074ms returns 0x00
T16D4 017:148.780 JLINK_ReadMem(0x000005F0, 0x4 Bytes, ...)
T16D4 017:148.840    -- Read from C cache (4 bytes @ 0x000005F0)
T16D4 017:148.864   Data:  08 B5 FF F7
T16D4 017:148.882 - 0.104ms returns 0
T16D4 017:150.010 JLINK_ClrBPEx(BPHandle = 0x00000002)
T16D4 017:150.044 - 0.035ms returns 0x00
T538C 017:152.362 JLINK_IsHalted()
T538C 017:152.404 - 0.041ms returns TRUE
T538C 017:152.418 JLINK_ReadReg(XPSR)
T538C 017:152.430 - 0.012ms returns 0x61000000
T538C 017:152.444 JLINK_ReadReg(R15 (PC))
T538C 017:152.460 - 0.015ms returns 0x000005F0
T538C 017:152.478 JLINK_ReadReg(XPSR)
T538C 017:152.496 - 0.018ms returns 0x61000000
T538C 017:152.510 JLINK_ReadReg(XPSR)
T538C 017:152.518 - 0.008ms returns 0x61000000
T538C 017:152.530 JLINK_ReadReg(R15 (PC))
T538C 017:152.544 - 0.014ms returns 0x000005F0
T538C 017:152.562 JLINK_ReadReg(XPSR)
T538C 017:152.576 - 0.014ms returns 0x61000000
T538C 017:152.594 JLINK_ReadReg(XPSR)
T538C 017:152.608 - 0.014ms returns 0x61000000
T538C 017:152.626 JLINK_ReadMem(0x000005F0, 0x1 Bytes, ...)
T538C 017:152.648    -- Read from C cache (1 bytes @ 0x000005F0)
T538C 017:152.670   Data:  08
T538C 017:152.694 - 0.068ms returns 0
T538C 017:152.716 JLINK_IsHalted()
T538C 017:152.732 - 0.015ms returns TRUE
T538C 017:152.748 JLINK_ReadReg(XPSR)
T538C 017:152.764 - 0.016ms returns 0x61000000
T538C 017:152.782 JLINK_ReadReg(XPSR)
T538C 017:152.796 - 0.014ms returns 0x61000000
T538C 017:152.812 JLINK_ReadReg(R15 (PC))
T538C 017:152.828 - 0.014ms returns 0x000005F0
T538C 017:152.844 JLINK_ReadReg(XPSR)
T538C 017:152.860 - 0.014ms returns 0x61000000
T538C 017:152.876 JLINK_ReadReg(XPSR)
T538C 017:152.892 - 0.015ms returns 0x61000000
T538C 017:152.908 JLINK_ReadMem(0x000005F0, 0x1 Bytes, ...)
T538C 017:152.924    -- Read from C cache (1 bytes @ 0x000005F0)
T538C 017:152.944   Data:  08
T538C 017:152.964 - 0.056ms returns 0
T538C 017:153.036 JLINK_ReadMem(0xE0001000, 0x4 Bytes, ...)
T538C 017:153.062   CPU_ReadMem(4 bytes @ 0xE0001000)
T538C 017:153.672   Data:  01 00 00 40
T538C 017:153.708   Debug reg: DWT_CTRL
T538C 017:153.728 - 0.693ms returns 0
T538C 017:153.772 JLINK_WriteMem(0xE0001FB0, 0x8 Bytes, ...)
T538C 017:153.788   Data:  00 00 00 00 55 CE AC C5
T538C 017:154.118   CPU_WriteMem(8 bytes @ 0xE0001FB0)
T538C 017:154.676 - 0.901ms returns 0x8
T538C 017:154.706 JLINK_ReadMem(0xE000EDFC, 0x4 Bytes, ...)
T538C 017:154.720   CPU_ReadMem(4 bytes @ 0xE000EDFC)
T538C 017:155.332   Data:  00 00 00 01
T538C 017:155.364   Debug reg: DEMCR
T538C 017:155.374 - 0.669ms returns 0
T538C 017:156.116 JLINK_ReadMem(0xE0001004, 0x4 Bytes, ...)
T538C 017:156.134   CPU_ReadMem(4 bytes @ 0xE0001004)
T538C 017:156.640   Data:  46 73 0A 00
T538C 017:156.676   Debug reg: DWT_CYCCNT
T538C 017:156.688 - 0.572ms returns 0
T16D4 017:181.628 JLINK_ReadMem(0x000005F0, 0x4 Bytes, ...)
T16D4 017:181.682    -- Read from C cache (4 bytes @ 0x000005F0)
T16D4 017:181.704   Data:  08 B5 FF F7
T16D4 017:181.722 - 0.095ms returns 0
T16D4 017:227.912 JLINK_ReadMem(0x000005C0, 0x40 Bytes, ...)
T16D4 017:227.964    -- Read from C cache (64 bytes @ 0x000005C0)
T16D4 017:227.988   Data:  44 0E 00 00 30 0E 00 00 20 B9 06 4B 01 22 83 F8 ...
T16D4 017:228.012 - 0.100ms returns 0
T16D4 017:667.688 JLINK_ReadMem(0x00000600, 0x40 Bytes, ...)
T16D4 017:667.780   CPU_ReadMem(64 bytes @ 0x00000600)
T16D4 017:668.870    -- Updating C cache (64 bytes @ 0x00000600)
T16D4 017:668.900    -- Read from C cache (64 bytes @ 0x00000600)
T16D4 017:668.916   Data:  04 48 53 FA 81 F1 50 F8 21 30 C3 F3 40 03 00 20 ...
T16D4 017:668.928 - 1.241ms returns 0
T16D4 017:693.380 JLINK_ReadMem(0x00000640, 0x40 Bytes, ...)
T16D4 017:693.458   CPU_ReadMem(64 bytes @ 0x00000640)
T16D4 017:694.410    -- Updating C cache (64 bytes @ 0x00000640)
T16D4 017:694.446    -- Read from C cache (64 bytes @ 0x00000640)
T16D4 017:694.460   Data:  03 88 DB B1 DF F8 D8 80 82 46 4F F0 00 0B 4F F0 ...
T16D4 017:694.474 - 1.095ms returns 0
T16D4 017:767.366 JLINK_ReadMem(0x00000600, 0x40 Bytes, ...)
T16D4 017:767.424    -- Read from C cache (64 bytes @ 0x00000600)
T16D4 017:767.448   Data:  04 48 53 FA 81 F1 50 F8 21 30 C3 F3 40 03 00 20 ...
T16D4 017:767.468 - 0.104ms returns 0
T16D4 017:861.376 JLINK_ReadMem(0x00000600, 0x40 Bytes, ...)
T16D4 017:861.442    -- Read from C cache (64 bytes @ 0x00000600)
T16D4 017:861.468   Data:  04 48 53 FA 81 F1 50 F8 21 30 C3 F3 40 03 00 20 ...
T16D4 017:861.490 - 0.114ms returns 0
T16D4 017:893.122 JLINK_ReadMem(0x000005C0, 0x40 Bytes, ...)
T16D4 017:893.178    -- Read from C cache (64 bytes @ 0x000005C0)
T16D4 017:893.204   Data:  44 0E 00 00 30 0E 00 00 20 B9 06 4B 01 22 83 F8 ...
T16D4 017:893.224 - 0.103ms returns 0
T16D4 017:893.900 JLINK_ReadMem(0x00000600, 0x40 Bytes, ...)
T16D4 017:893.932    -- Read from C cache (64 bytes @ 0x00000600)
T16D4 017:893.954   Data:  04 48 53 FA 81 F1 50 F8 21 30 C3 F3 40 03 00 20 ...
T16D4 017:893.974 - 0.076ms returns 0
T16D4 026:393.102 JLINK_ReadMem(0xE0001004, 0x4 Bytes, ...)
T16D4 026:393.158   Data:  46 73 0A 00
T16D4 026:393.172   Debug reg: DWT_CYCCNT
T16D4 026:393.184 - 0.083ms returns 0
T16D4 026:393.200 JLINK_IsHalted()
T16D4 026:393.834 - 0.631ms returns TRUE
T16D4 026:394.556 JLINK_ReadMem(0xE0001004, 0x4 Bytes, ...)
T16D4 026:394.588   Data:  46 73 0A 00
T16D4 026:394.610   Debug reg: DWT_CYCCNT
T16D4 026:394.630 - 0.074ms returns 0
T16D4 026:394.650 JLINK_GoEx(MaxEmulInsts = 0, Flags = 0x01)
T16D4 026:394.684   CPU_ReadMem(4 bytes @ 0xE0001000)
T16D4 026:395.352   CPU_WriteMem(4 bytes @ 0xE0002008)
T16D4 026:396.490 - 1.841ms 
T16D4 026:499.476 JLINK_IsHalted()
T16D4 026:500.084 - 0.607ms returns FALSE
T16D4 026:500.120 JLINK_IsHalted()
T16D4 026:500.716 - 0.593ms returns FALSE
T16D4 026:608.948 JLINK_IsHalted()
T16D4 026:609.710 - 0.762ms returns FALSE
T16D4 026:609.740 JLINK_IsHalted()
T16D4 026:610.380 - 0.639ms returns FALSE
T16D4 026:718.836 JLINK_IsHalted()
T16D4 026:719.504 - 0.667ms returns FALSE
T16D4 026:719.528 JLINK_IsHalted()
T16D4 026:720.136 - 0.607ms returns FALSE
T16D4 026:827.844 JLINK_IsHalted()
T16D4 026:828.608 - 0.763ms returns FALSE
T16D4 026:828.662 JLINK_IsHalted()
T16D4 026:829.388 - 0.726ms returns FALSE
T16D4 026:937.862 JLINK_IsHalted()
T16D4 026:938.538 - 0.676ms returns FALSE
T16D4 026:938.566 JLINK_IsHalted()
T16D4 026:939.066 - 0.499ms returns FALSE
T16D4 027:046.934 JLINK_IsHalted()
T16D4 027:047.652 - 0.716ms returns FALSE
T16D4 027:047.680 JLINK_IsHalted()
T16D4 027:048.272 - 0.593ms returns FALSE
T16D4 027:155.866 JLINK_IsHalted()
T16D4 027:156.516 - 0.650ms returns FALSE
T16D4 027:156.548 JLINK_IsHalted()
T16D4 027:157.130 - 0.580ms returns FALSE
T16D4 027:265.946 JLINK_IsHalted()
T16D4 027:266.662 - 0.714ms returns FALSE
T16D4 027:266.804 JLINK_IsHalted()
T16D4 027:267.584 - 0.783ms returns FALSE
T16D4 027:374.924 JLINK_IsHalted()
T16D4 027:375.804 - 0.880ms returns FALSE
T16D4 027:375.860 JLINK_IsHalted()
T16D4 027:376.588 - 0.729ms returns FALSE
T538C 027:395.456 JLINK_IsHalted()
T538C 027:396.108 - 0.650ms returns FALSE
T538C 027:396.140 JLINK_IsHalted()
T538C 027:396.730 - 0.588ms returns FALSE
T16D4 027:483.924 JLINK_IsHalted()
T16D4 027:484.796 - 0.875ms returns FALSE
T16D4 027:484.852 JLINK_IsHalted()
T16D4 027:485.642 - 0.790ms returns FALSE
T16D4 027:593.872 JLINK_IsHalted()
T16D4 027:594.534 - 0.661ms returns FALSE
T16D4 027:594.564 JLINK_IsHalted()
T16D4 027:595.076 - 0.512ms returns FALSE
T16D4 027:703.036 JLINK_IsHalted()
T16D4 027:703.908 - 0.870ms returns FALSE
T16D4 027:703.952 JLINK_IsHalted()
T16D4 027:704.576 - 0.622ms returns FALSE
T16D4 027:812.394 JLINK_IsHalted()
T16D4 027:813.068 - 0.672ms returns FALSE
T16D4 027:813.100 JLINK_IsHalted()
T16D4 027:813.588 - 0.484ms returns FALSE
T16D4 027:921.398 JLINK_IsHalted()
T16D4 027:922.064 - 0.665ms returns FALSE
T16D4 027:922.092 JLINK_IsHalted()
T16D4 027:922.596 - 0.502ms returns FALSE
T16D4 028:031.258 JLINK_IsHalted()
T16D4 028:035.344 - 4.085ms returns FALSE
T16D4 028:035.372 JLINK_IsHalted()
T16D4 028:035.844 - 0.469ms returns FALSE
T16D4 028:140.822 JLINK_IsHalted()
T16D4 028:141.556 - 0.732ms returns FALSE
T16D4 028:141.588 JLINK_IsHalted()
T16D4 028:142.124 - 0.536ms returns FALSE
T16D4 028:249.862 JLINK_IsHalted()
T16D4 028:250.662 - 0.798ms returns FALSE
T16D4 028:250.716 JLINK_IsHalted()
T16D4 028:251.446 - 0.730ms returns FALSE
T16D4 028:359.242 JLINK_IsHalted()
T16D4 028:360.052 - 0.809ms returns FALSE
T16D4 028:360.106 JLINK_IsHalted()
T16D4 028:360.704 - 0.598ms returns FALSE
T538C 028:397.542 JLINK_IsHalted()
T538C 028:398.176 - 0.632ms returns FALSE
T538C 028:398.212 JLINK_IsHalted()
T538C 028:398.810 - 0.598ms returns FALSE
T16D4 028:468.236 JLINK_IsHalted()
T16D4 028:469.098 - 0.858ms returns FALSE
T16D4 028:469.148 JLINK_IsHalted()
T16D4 028:469.916 - 0.766ms returns FALSE
T16D4 028:578.234 JLINK_IsHalted()
T16D4 028:579.040 - 0.805ms returns FALSE
T16D4 028:579.072 JLINK_IsHalted()
T16D4 028:579.712 - 0.641ms returns FALSE
T16D4 028:687.532 JLINK_IsHalted()
T16D4 028:688.310 - 0.777ms returns FALSE
T16D4 028:688.340 JLINK_IsHalted()
T16D4 028:688.966 - 0.626ms returns FALSE
T16D4 028:796.986 JLINK_IsHalted()
T16D4 028:797.818 - 0.830ms returns FALSE
T16D4 028:797.872 JLINK_IsHalted()
T16D4 028:798.548 - 0.673ms returns FALSE
T16D4 028:905.942 JLINK_IsHalted()
T16D4 028:906.630 - 0.688ms returns FALSE
T16D4 028:906.660 JLINK_IsHalted()
T16D4 028:907.162 - 0.501ms returns FALSE
T16D4 029:015.434 JLINK_IsHalted()
T16D4 029:016.332 - 0.896ms returns FALSE
T16D4 029:016.384 JLINK_IsHalted()
T16D4 029:017.060 - 0.672ms returns FALSE
T16D4 029:125.194 JLINK_IsHalted()
T16D4 029:125.882 - 0.689ms returns FALSE
T16D4 029:125.910 JLINK_IsHalted()
T16D4 029:126.442 - 0.529ms returns FALSE
T16D4 029:234.148 JLINK_IsHalted()
T16D4 029:234.844 - 0.697ms returns FALSE
T16D4 029:234.868 JLINK_IsHalted()
T16D4 029:235.446 - 0.577ms returns FALSE
T16D4 029:344.156 JLINK_IsHalted()
T16D4 029:344.810 - 0.653ms returns FALSE
T16D4 029:344.842 JLINK_IsHalted()
T16D4 029:345.450 - 0.607ms returns FALSE
T538C 029:399.210 JLINK_IsHalted()
T538C 029:399.804 - 0.593ms returns FALSE
T538C 029:399.834 JLINK_IsHalted()
T538C 029:400.452 - 0.618ms returns FALSE
T16D4 029:452.996 JLINK_IsHalted()
T16D4 029:453.616 - 0.620ms returns FALSE
T16D4 029:453.644 JLINK_IsHalted()
T16D4 029:454.176 - 0.528ms returns FALSE
T16D4 029:561.974 JLINK_IsHalted()
T16D4 029:562.768 - 0.794ms returns FALSE
T16D4 029:562.822 JLINK_IsHalted()
T16D4 029:563.472 - 0.648ms returns FALSE
T16D4 029:671.962 JLINK_IsHalted()
T16D4 029:672.768 - 0.805ms returns FALSE
T16D4 029:672.804 JLINK_IsHalted()
T16D4 029:673.788 - 0.985ms returns FALSE
T16D4 029:780.976 JLINK_IsHalted()
T16D4 029:781.660 - 0.684ms returns FALSE
T16D4 029:781.820 JLINK_IsHalted()
T16D4 029:782.496 - 0.675ms returns FALSE
T16D4 029:890.980 JLINK_IsHalted()
T16D4 029:891.676 - 0.697ms returns FALSE
T16D4 029:891.706 JLINK_IsHalted()
T16D4 029:892.176 - 0.469ms returns FALSE
T16D4 029:999.948 JLINK_IsHalted()
T16D4 030:000.794 - 0.842ms returns FALSE
T16D4 030:000.848 JLINK_IsHalted()
T16D4 030:001.524 - 0.675ms returns FALSE
T16D4 030:108.972 JLINK_IsHalted()
T16D4 030:109.924 - 0.951ms returns FALSE
T16D4 030:109.974 JLINK_IsHalted()
T16D4 030:110.668 - 0.693ms returns FALSE
T16D4 030:219.030 JLINK_IsHalted()
T16D4 030:219.882 - 0.850ms returns FALSE
T16D4 030:219.936 JLINK_IsHalted()
T16D4 030:220.774 - 0.836ms returns FALSE
T16D4 030:328.026 JLINK_IsHalted()
T16D4 030:328.906 - 0.880ms returns FALSE
T16D4 030:328.960 JLINK_IsHalted()
T16D4 030:329.732 - 0.771ms returns FALSE
T538C 030:401.360 JLINK_IsHalted()
T538C 030:402.132 - 0.768ms returns FALSE
T538C 030:402.156 JLINK_IsHalted()
T538C 030:402.794 - 0.633ms returns FALSE
T16D4 030:436.976 JLINK_IsHalted()
T16D4 030:437.692 - 0.714ms returns FALSE
T16D4 030:437.718 JLINK_IsHalted()
T16D4 030:438.602 - 0.880ms returns FALSE
T16D4 030:547.044 JLINK_IsHalted()
T16D4 030:547.846 - 0.800ms returns FALSE
T16D4 030:547.878 JLINK_IsHalted()
T16D4 030:548.570 - 0.692ms returns FALSE
T16D4 030:655.908 JLINK_IsHalted()
T16D4 030:656.710 - 0.802ms returns FALSE
T16D4 030:656.746 JLINK_IsHalted()
T16D4 030:657.424 - 0.679ms returns FALSE
T16D4 030:765.740 JLINK_IsHalted()
T16D4 030:766.618 - 0.876ms returns FALSE
T16D4 030:766.646 JLINK_IsHalted()
T16D4 030:767.306 - 0.659ms returns FALSE
T16D4 030:875.148 JLINK_IsHalted()
T16D4 030:875.878 - 0.729ms returns FALSE
T16D4 030:875.910 JLINK_IsHalted()
T16D4 030:876.518 - 0.605ms returns FALSE
T16D4 030:984.292 JLINK_IsHalted()
T16D4 030:984.972 - 0.684ms returns FALSE
T16D4 030:985.008 JLINK_IsHalted()
T16D4 030:985.680 - 0.671ms returns FALSE
T16D4 031:093.696 JLINK_IsHalted()
T16D4 031:094.384 - 0.688ms returns FALSE
T16D4 031:094.420 JLINK_IsHalted()
T16D4 031:094.998 - 0.579ms returns FALSE
T16D4 031:202.698 JLINK_IsHalted()
T16D4 031:203.338 - 0.639ms returns FALSE
T16D4 031:203.366 JLINK_IsHalted()
T16D4 031:204.076 - 0.709ms returns FALSE
T16D4 031:312.396 JLINK_IsHalted()
T16D4 031:313.024 - 0.625ms returns FALSE
T16D4 031:313.046 JLINK_IsHalted()
T16D4 031:313.690 - 0.641ms returns FALSE
T538C 031:404.150 JLINK_IsHalted()
T538C 031:404.890 - 0.736ms returns FALSE
T538C 031:404.916 JLINK_IsHalted()
T538C 031:405.588 - 0.670ms returns FALSE
T16D4 031:421.850 JLINK_IsHalted()
T16D4 031:422.604 - 0.753ms returns FALSE
T16D4 031:422.636 JLINK_IsHalted()
T16D4 031:423.174 - 0.535ms returns FALSE
T16D4 031:530.890 JLINK_IsHalted()
T16D4 031:531.734 - 0.844ms returns FALSE
T16D4 031:531.796 JLINK_IsHalted()
T16D4 031:532.588 - 0.791ms returns FALSE
T16D4 031:640.890 JLINK_IsHalted()
T16D4 031:641.770 - 0.879ms returns FALSE
T16D4 031:641.798 JLINK_IsHalted()
T16D4 031:642.426 - 0.627ms returns FALSE
T16D4 031:750.300 JLINK_IsHalted()
T16D4 031:750.922 - 0.621ms returns FALSE
T16D4 031:750.954 JLINK_IsHalted()
T16D4 031:751.556 - 0.602ms returns FALSE
T16D4 031:859.286 JLINK_IsHalted()
T16D4 031:859.910 - 0.623ms returns FALSE
T16D4 031:859.936 JLINK_IsHalted()
T16D4 031:860.384 - 0.448ms returns FALSE
T16D4 031:968.836 JLINK_IsHalted()
T16D4 031:969.484 - 0.649ms returns FALSE
T16D4 031:969.520 JLINK_IsHalted()
T16D4 031:970.108 - 0.586ms returns FALSE
T16D4 032:078.246 JLINK_IsHalted()
T16D4 032:079.148 - 0.901ms returns FALSE
T16D4 032:079.204 JLINK_IsHalted()
T16D4 032:079.916 - 0.715ms returns FALSE
T16D4 032:187.940 JLINK_IsHalted()
T16D4 032:188.582 - 0.641ms returns FALSE
T16D4 032:188.618 JLINK_IsHalted()
T16D4 032:189.164 - 0.547ms returns FALSE
T16D4 032:296.916 JLINK_IsHalted()
T16D4 032:297.770 - 0.851ms returns FALSE
T16D4 032:297.850 JLINK_IsHalted()
T16D4 032:298.500 - 0.649ms returns FALSE
T16D4 032:405.942 JLINK_IsHalted()
T16D4 032:406.736 - 0.795ms returns FALSE
T16D4 032:406.764 JLINK_IsHalted()
T16D4 032:407.284 - 0.518ms returns FALSE
T538C 032:407.354 JLINK_IsHalted()
T538C 032:407.914 - 0.557ms returns FALSE
T538C 032:407.936 JLINK_IsHalted()
T538C 032:408.410 - 0.472ms returns FALSE
T16D4 032:515.946 JLINK_IsHalted()
T16D4 032:516.652 - 0.708ms returns FALSE
T16D4 032:516.682 JLINK_IsHalted()
T16D4 032:517.188 - 0.505ms returns FALSE
T16D4 032:624.918 JLINK_IsHalted()
T16D4 032:625.670 - 0.754ms returns FALSE
T16D4 032:625.700 JLINK_IsHalted()
T16D4 032:626.230 - 0.528ms returns FALSE
T16D4 032:734.198 JLINK_IsHalted()
T16D4 032:734.988 - 0.792ms returns FALSE
T16D4 032:735.020 JLINK_IsHalted()
T16D4 032:735.604 - 0.579ms returns FALSE
T16D4 032:843.412 JLINK_IsHalted()
T16D4 032:844.020 - 0.609ms returns FALSE
T16D4 032:844.048 JLINK_IsHalted()
T16D4 032:844.614 - 0.567ms returns FALSE
T16D4 032:953.396 JLINK_IsHalted()
T16D4 032:954.170 - 0.773ms returns FALSE
T16D4 032:954.224 JLINK_IsHalted()
T16D4 032:954.900 - 0.675ms returns FALSE
T16D4 033:062.470 JLINK_IsHalted()
T16D4 033:063.300 - 0.830ms returns FALSE
T16D4 033:063.356 JLINK_IsHalted()
T16D4 033:064.164 - 0.804ms returns FALSE
T16D4 033:171.476 JLINK_IsHalted()
T16D4 033:172.300 - 0.827ms returns FALSE
T16D4 033:172.356 JLINK_IsHalted()
T16D4 033:173.082 - 0.727ms returns FALSE
T16D4 033:281.532 JLINK_IsHalted()
T16D4 033:282.294 - 0.763ms returns FALSE
T16D4 033:282.324 JLINK_IsHalted()
T16D4 033:282.826 - 0.503ms returns FALSE
T16D4 033:390.460 JLINK_IsHalted()
T16D4 033:391.274 - 0.811ms returns FALSE
T16D4 033:391.302 JLINK_IsHalted()
T16D4 033:391.916 - 0.614ms returns FALSE
T538C 033:408.700 JLINK_IsHalted()
T538C 033:409.274 - 0.571ms returns FALSE
T538C 033:409.300 JLINK_IsHalted()
T538C 033:409.908 - 0.604ms returns FALSE
T16D4 033:500.228 JLINK_IsHalted()
T16D4 033:501.066 - 0.836ms returns FALSE
T16D4 033:501.120 JLINK_IsHalted()
T16D4 033:501.866 - 0.747ms returns FALSE
T16D4 033:609.740 JLINK_IsHalted()
T16D4 033:610.400 - 0.656ms returns FALSE
T16D4 033:610.432 JLINK_IsHalted()
T16D4 033:611.052 - 0.621ms returns FALSE
T16D4 033:718.676 JLINK_IsHalted()
T16D4 033:719.572 - 0.894ms returns FALSE
T16D4 033:719.624 JLINK_IsHalted()
T16D4 033:720.332 - 0.708ms returns FALSE
T16D4 033:828.104 JLINK_IsHalted()
T16D4 033:828.944 - 0.840ms returns FALSE
T16D4 033:829.000 JLINK_IsHalted()
T16D4 033:829.688 - 0.689ms returns FALSE
T16D4 033:937.104 JLINK_IsHalted()
T16D4 033:937.720 - 0.615ms returns FALSE
T16D4 033:937.744 JLINK_IsHalted()
T16D4 033:938.216 - 0.467ms returns FALSE
T16D4 034:047.080 JLINK_IsHalted()
T16D4 034:048.064 - 0.983ms returns FALSE
T16D4 034:048.112 JLINK_IsHalted()
T16D4 034:048.924 - 0.811ms returns FALSE
T16D4 034:156.000 JLINK_IsHalted()
T16D4 034:156.704 - 0.701ms returns FALSE
T16D4 034:156.732 JLINK_IsHalted()
T16D4 034:157.460 - 0.726ms returns FALSE
T16D4 034:266.056 JLINK_IsHalted()
T16D4 034:266.708 - 0.651ms returns FALSE
T16D4 034:266.736 JLINK_IsHalted()
T16D4 034:267.332 - 0.595ms returns FALSE
T16D4 034:375.076 JLINK_IsHalted()
T16D4 034:375.976 - 0.896ms returns FALSE
T16D4 034:376.024 JLINK_IsHalted()
T16D4 034:376.756 - 0.728ms returns FALSE
T538C 034:410.268 JLINK_IsHalted()
T538C 034:410.968 - 0.698ms returns FALSE
T538C 034:411.000 JLINK_IsHalted()
T538C 034:411.572 - 0.567ms returns FALSE
T16D4 034:484.104 JLINK_IsHalted()
T16D4 034:484.836 - 0.729ms returns FALSE
T16D4 034:484.868 JLINK_IsHalted()
T16D4 034:485.464 - 0.595ms returns FALSE
T16D4 034:594.080 JLINK_IsHalted()
T16D4 034:594.960 - 0.879ms returns FALSE
T16D4 034:594.988 JLINK_IsHalted()
T16D4 034:595.596 - 0.606ms returns FALSE
T16D4 034:703.000 JLINK_IsHalted()
T16D4 034:703.864 - 0.857ms returns FALSE
T16D4 034:703.916 JLINK_IsHalted()
T16D4 034:704.784 - 0.867ms returns FALSE
T16D4 034:812.040 JLINK_IsHalted()
T16D4 034:812.876 - 0.833ms returns FALSE
T16D4 034:812.928 JLINK_IsHalted()
T16D4 034:813.628 - 0.698ms returns FALSE
T16D4 034:922.336 JLINK_IsHalted()
T16D4 034:923.244 - 0.909ms returns FALSE
T16D4 034:923.304 JLINK_IsHalted()
T16D4 034:924.008 - 0.705ms returns FALSE
T16D4 035:031.336 JLINK_IsHalted()
T16D4 035:032.204 - 0.870ms returns FALSE
T16D4 035:032.308 JLINK_IsHalted()
T16D4 035:033.128 - 0.819ms returns FALSE
T16D4 035:140.292 JLINK_IsHalted()
T16D4 035:141.016 - 0.721ms returns FALSE
T16D4 035:141.044 JLINK_IsHalted()
T16D4 035:141.740 - 0.696ms returns FALSE
T16D4 035:250.340 JLINK_IsHalted()
T16D4 035:251.268 - 0.925ms returns FALSE
T16D4 035:251.320 JLINK_IsHalted()
T16D4 035:252.000 - 0.678ms returns FALSE
T16D4 035:359.808 JLINK_IsHalted()
T16D4 035:360.524 - 0.716ms returns FALSE
T16D4 035:360.552 JLINK_IsHalted()
T16D4 035:361.192 - 0.638ms returns FALSE
T538C 035:412.104 JLINK_IsHalted()
T538C 035:412.712 - 0.605ms returns FALSE
T538C 035:412.748 JLINK_IsHalted()
T538C 035:413.296 - 0.547ms returns FALSE
T16D4 035:468.856 JLINK_IsHalted()
T16D4 035:469.768 - 0.911ms returns FALSE
T16D4 035:469.800 JLINK_IsHalted()
T16D4 035:470.336 - 0.532ms returns FALSE
T16D4 035:577.880 JLINK_IsHalted()
T16D4 035:578.792 - 0.911ms returns FALSE
T16D4 035:578.824 JLINK_IsHalted()
T16D4 035:579.520 - 0.696ms returns FALSE
T16D4 035:687.784 JLINK_IsHalted()
T16D4 035:688.664 - 0.878ms returns FALSE
T16D4 035:688.716 JLINK_IsHalted()
T16D4 035:689.472 - 0.755ms returns FALSE
T16D4 035:796.968 JLINK_IsHalted()
T16D4 035:797.760 - 0.789ms returns FALSE
T16D4 035:797.816 JLINK_IsHalted()
T16D4 035:798.632 - 0.814ms returns FALSE
T16D4 035:905.964 JLINK_IsHalted()
T16D4 035:906.756 - 0.791ms returns FALSE
T16D4 035:906.784 JLINK_IsHalted()
T16D4 035:907.480 - 0.695ms returns FALSE
T16D4 036:015.960 JLINK_IsHalted()
T16D4 036:016.640 - 0.681ms returns FALSE
T16D4 036:016.676 JLINK_IsHalted()
T16D4 036:017.488 - 0.814ms returns FALSE
T16D4 036:125.136 JLINK_IsHalted()
T16D4 036:125.996 - 0.859ms returns FALSE
T16D4 036:126.052 JLINK_IsHalted()
T16D4 036:126.664 - 0.609ms returns FALSE
T16D4 036:234.076 JLINK_IsHalted()
T16D4 036:234.940 - 0.861ms returns FALSE
T16D4 036:235.088 JLINK_IsHalted()
T16D4 036:235.840 - 0.752ms returns FALSE
T16D4 036:343.456 JLINK_IsHalted()
T16D4 036:344.308 - 0.849ms returns FALSE
T16D4 036:344.360 JLINK_IsHalted()
T16D4 036:345.048 - 0.685ms returns FALSE
T538C 036:413.612 JLINK_IsHalted()
T538C 036:414.296 - 0.682ms returns FALSE
T538C 036:414.328 JLINK_IsHalted()
T538C 036:414.948 - 0.622ms returns FALSE
T16D4 036:453.448 JLINK_IsHalted()
T16D4 036:454.312 - 0.857ms returns FALSE
T16D4 036:454.376 JLINK_IsHalted()
T16D4 036:455.124 - 0.748ms returns FALSE
T16D4 036:562.452 JLINK_IsHalted()
T16D4 036:563.208 - 0.756ms returns FALSE
T16D4 036:563.236 JLINK_IsHalted()
T16D4 036:563.800 - 0.565ms returns FALSE
T16D4 036:671.464 JLINK_IsHalted()
T16D4 036:672.340 - 0.878ms returns FALSE
T16D4 036:672.452 JLINK_IsHalted()
T16D4 036:673.192 - 0.741ms returns FALSE
T16D4 036:781.448 JLINK_IsHalted()
T16D4 036:782.328 - 0.873ms returns FALSE
T16D4 036:782.376 JLINK_IsHalted()
T16D4 036:783.072 - 0.693ms returns FALSE
T16D4 036:890.452 JLINK_IsHalted()
T16D4 036:891.328 - 0.875ms returns FALSE
T16D4 036:891.384 JLINK_IsHalted()
T16D4 036:892.232 - 0.850ms returns FALSE
T16D4 037:000.396 JLINK_IsHalted()
T16D4 037:001.048 - 0.653ms returns FALSE
T16D4 037:001.080 JLINK_IsHalted()
T16D4 037:001.612 - 0.532ms returns FALSE
T16D4 037:109.376 JLINK_IsHalted()
T16D4 037:110.088 - 0.715ms returns FALSE
T16D4 037:110.116 JLINK_IsHalted()
T16D4 037:110.616 - 0.501ms returns FALSE
T16D4 037:218.456 JLINK_IsHalted()
T16D4 037:219.296 - 0.839ms returns FALSE
T16D4 037:219.348 JLINK_IsHalted()
T16D4 037:219.984 - 0.634ms returns FALSE
T16D4 037:328.384 JLINK_IsHalted()
T16D4 037:329.024 - 0.639ms returns FALSE
T16D4 037:329.076 JLINK_IsHalted()
T16D4 037:329.676 - 0.602ms returns FALSE
T538C 037:415.796 JLINK_IsHalted()
T538C 037:416.648 - 0.849ms returns FALSE
T538C 037:416.676 JLINK_IsHalted()
T538C 037:417.340 - 0.665ms returns FALSE
T16D4 037:437.448 JLINK_IsHalted()
T16D4 037:438.352 - 0.902ms returns FALSE
T16D4 037:438.408 JLINK_IsHalted()
T16D4 037:439.176 - 0.765ms returns FALSE
T16D4 037:546.392 JLINK_IsHalted()
T16D4 037:547.256 - 0.867ms returns FALSE
T16D4 037:547.288 JLINK_IsHalted()
T16D4 037:547.804 - 0.516ms returns FALSE
T16D4 037:655.704 JLINK_IsHalted()
T16D4 037:656.512 - 0.809ms returns FALSE
T16D4 037:656.540 JLINK_IsHalted()
T16D4 037:657.152 - 0.609ms returns FALSE
T16D4 037:765.112 JLINK_IsHalted()
T16D4 037:765.792 - 0.676ms returns FALSE
T16D4 037:765.848 JLINK_IsHalted()
T16D4 037:766.528 - 0.681ms returns FALSE
T16D4 037:874.656 JLINK_IsHalted()
T16D4 037:875.352 - 0.695ms returns FALSE
T16D4 037:875.384 JLINK_IsHalted()
T16D4 037:875.992 - 0.607ms returns FALSE
T16D4 037:984.544 JLINK_IsHalted()
T16D4 037:985.560 - 1.016ms returns FALSE
T16D4 037:985.592 JLINK_IsHalted()
T16D4 037:986.148 - 0.551ms returns FALSE
T16D4 038:093.928 JLINK_IsHalted()
T16D4 038:094.712 - 0.785ms returns FALSE
T16D4 038:094.796 JLINK_IsHalted()
T16D4 038:095.560 - 0.764ms returns FALSE
T16D4 038:202.952 JLINK_IsHalted()
T16D4 038:203.624 - 0.666ms returns FALSE
T16D4 038:203.648 JLINK_IsHalted()
T16D4 038:204.168 - 0.516ms returns FALSE
T16D4 038:312.736 JLINK_IsHalted()
T16D4 038:313.316 - 0.581ms returns FALSE
T16D4 038:313.340 JLINK_IsHalted()
T16D4 038:314.088 - 0.746ms returns FALSE
T538C 038:418.484 JLINK_IsHalted()
T538C 038:419.084 - 0.601ms returns FALSE
T538C 038:419.112 JLINK_IsHalted()
T538C 038:419.660 - 0.547ms returns FALSE
T16D4 038:422.168 JLINK_IsHalted()
T16D4 038:422.936 - 0.765ms returns FALSE
T16D4 038:423.000 JLINK_IsHalted()
T16D4 038:423.600 - 0.599ms returns FALSE
T16D4 038:531.196 JLINK_IsHalted()
T16D4 038:531.856 - 0.658ms returns FALSE
T16D4 038:531.896 JLINK_IsHalted()
T16D4 038:532.440 - 0.542ms returns FALSE
T16D4 038:640.180 JLINK_IsHalted()
T16D4 038:640.856 - 0.675ms returns FALSE
T16D4 038:640.884 JLINK_IsHalted()
T16D4 038:641.428 - 0.543ms returns FALSE
T16D4 038:750.180 JLINK_IsHalted()
T16D4 038:750.904 - 0.721ms returns FALSE
T16D4 038:750.932 JLINK_IsHalted()
T16D4 038:751.480 - 0.549ms returns FALSE
T16D4 038:859.192 JLINK_IsHalted()
T16D4 038:859.900 - 0.707ms returns FALSE
T16D4 038:859.928 JLINK_IsHalted()
T16D4 038:860.488 - 0.556ms returns FALSE
T16D4 038:968.216 JLINK_IsHalted()
T16D4 038:968.904 - 0.689ms returns FALSE
T16D4 038:968.936 JLINK_IsHalted()
T16D4 038:969.436 - 0.503ms returns FALSE
T16D4 039:077.612 JLINK_IsHalted()
T16D4 039:078.292 - 0.677ms returns FALSE
T16D4 039:078.320 JLINK_IsHalted()
T16D4 039:078.908 - 0.589ms returns FALSE
T16D4 039:187.608 JLINK_IsHalted()
T16D4 039:188.440 - 0.824ms returns FALSE
T16D4 039:188.492 JLINK_IsHalted()
T16D4 039:189.196 - 0.705ms returns FALSE
T16D4 039:296.616 JLINK_IsHalted()
T16D4 039:297.296 - 0.680ms returns FALSE
T16D4 039:297.324 JLINK_IsHalted()
T16D4 039:297.920 - 0.593ms returns FALSE
T16D4 039:406.664 JLINK_IsHalted()
T16D4 039:407.512 - 0.847ms returns FALSE
T16D4 039:407.544 JLINK_IsHalted()
T16D4 039:408.176 - 0.632ms returns FALSE
T538C 039:419.928 JLINK_IsHalted()
T538C 039:420.616 - 0.689ms returns FALSE
T538C 039:420.640 JLINK_IsHalted()
T538C 039:421.304 - 0.659ms returns FALSE
T16D4 039:515.672 JLINK_IsHalted()
T16D4 039:516.544 - 0.872ms returns FALSE
T16D4 039:516.572 JLINK_IsHalted()
T16D4 039:517.180 - 0.605ms returns FALSE
T16D4 039:624.680 JLINK_IsHalted()
T16D4 039:625.524 - 0.842ms returns FALSE
T16D4 039:625.576 JLINK_IsHalted()
T16D4 039:626.348 - 0.772ms returns FALSE
T16D4 039:698.156 JLINK_IsHalted()
T16D4 039:698.880 - 0.720ms returns FALSE
T16D4 039:698.920 JLINK_IsHalted()
T16D4 039:699.580 - 0.655ms returns FALSE
T16D4 039:699.640 JLINK_IsHalted()
T16D4 039:700.288 - 0.645ms returns FALSE
T16D4 039:700.316 JLINK_IsHalted()
T16D4 039:700.888 - 0.567ms returns FALSE
T16D4 039:700.908 JLINK_Halt()
T16D4 039:703.608 - 2.696ms returns 0x00
T16D4 039:703.664 JLINK_IsHalted()
T16D4 039:703.676 - 0.010ms returns TRUE
T16D4 039:703.768 JLINK_ReadReg(XPSR)
T16D4 039:703.892 - 0.123ms returns 0x21000000
T16D4 039:703.904 JLINK_ReadReg(R15 (PC))
T16D4 039:703.912 - 0.009ms returns 0x00000AE2
T16D4 039:703.928 JLINK_ReadReg(XPSR)
T16D4 039:703.936 - 0.008ms returns 0x21000000
T16D4 039:703.944 JLINK_ReadReg(XPSR)
T16D4 039:703.956 - 0.008ms returns 0x21000000
T16D4 039:703.964 JLINK_ReadReg(R15 (PC))
T16D4 039:703.972 - 0.008ms returns 0x00000AE2
T16D4 039:703.980 JLINK_ReadReg(XPSR)
T16D4 039:703.992 - 0.009ms returns 0x21000000
T16D4 039:704.000 JLINK_ReadReg(XPSR)
T16D4 039:704.008 - 0.008ms returns 0x21000000
T16D4 039:704.020 JLINK_ReadMem(0x00000AE2, 0x1 Bytes, ...)
T16D4 039:704.040   CPU_ReadMem(64 bytes @ 0x00000AC0)
T16D4 039:704.968    -- Updating C cache (64 bytes @ 0x00000AC0)
T16D4 039:705.000    -- Read from C cache (1 bytes @ 0x00000AE2)
T16D4 039:705.012   Data:  FB
T16D4 039:705.024 - 1.003ms returns 0
T16D4 039:705.036 JLINK_IsHalted()
T16D4 039:705.048 - 0.009ms returns TRUE
T16D4 039:705.056 JLINK_ReadReg(XPSR)
T16D4 039:705.064 - 0.009ms returns 0x21000000
T16D4 039:705.080 JLINK_ReadReg(XPSR)
T16D4 039:705.088 - 0.008ms returns 0x21000000
T16D4 039:705.096 JLINK_ReadReg(R15 (PC))
T16D4 039:705.104 - 0.008ms returns 0x00000AE2
T16D4 039:705.116 JLINK_ReadReg(XPSR)
T16D4 039:705.128 - 0.008ms returns 0x21000000
T16D4 039:705.136 JLINK_ReadReg(XPSR)
T16D4 039:705.144 - 0.008ms returns 0x21000000
T16D4 039:705.152 JLINK_ReadMem(0x00000AE2, 0x1 Bytes, ...)
T16D4 039:705.164    -- Read from C cache (1 bytes @ 0x00000AE2)
T16D4 039:705.176   Data:  FB
T16D4 039:705.188 - 0.034ms returns 0
T16D4 039:705.212 JLINK_IsHalted()
T16D4 039:705.224 - 0.008ms returns TRUE
T16D4 039:705.232 JLINK_ReadReg(XPSR)
T16D4 039:705.240 - 0.008ms returns 0x21000000
T16D4 039:705.248 JLINK_ReadReg(R15 (PC))
T16D4 039:705.256 - 0.008ms returns 0x00000AE2
T16D4 039:705.268 JLINK_ReadReg(XPSR)
T16D4 039:705.276 - 0.008ms returns 0x21000000
T16D4 039:705.288 JLINK_ReadReg(XPSR)
T16D4 039:705.292 - 0.008ms returns 0x21000000
T16D4 039:705.304 JLINK_ReadReg(R15 (PC))
T16D4 039:705.312 - 0.008ms returns 0x00000AE2
T16D4 039:705.320 JLINK_ReadReg(XPSR)
T16D4 039:705.332 - 0.008ms returns 0x21000000
T16D4 039:705.340 JLINK_ReadReg(XPSR)
T16D4 039:705.348 - 0.008ms returns 0x21000000
T16D4 039:705.360 JLINK_ReadMem(0x00000AE2, 0x1 Bytes, ...)
T16D4 039:705.368    -- Read from C cache (1 bytes @ 0x00000AE2)
T16D4 039:705.380   Data:  FB
T16D4 039:705.392 - 0.032ms returns 0
T16D4 039:705.400 JLINK_IsHalted()
T16D4 039:705.408 - 0.008ms returns TRUE
T16D4 039:705.416 JLINK_ReadReg(XPSR)
T16D4 039:705.428 - 0.008ms returns 0x21000000
T16D4 039:705.436 JLINK_ReadReg(XPSR)
T16D4 039:705.464 - 0.024ms returns 0x21000000
T16D4 039:705.472 JLINK_ReadReg(R15 (PC))
T16D4 039:705.480 - 0.008ms returns 0x00000AE2
T16D4 039:705.492 JLINK_ReadReg(XPSR)
T16D4 039:705.496 - 0.008ms returns 0x21000000
T16D4 039:705.512 JLINK_ReadReg(XPSR)
T16D4 039:705.516 - 0.008ms returns 0x21000000
T16D4 039:705.528 JLINK_ReadMem(0x00000AE2, 0x1 Bytes, ...)
T16D4 039:705.536    -- Read from C cache (1 bytes @ 0x00000AE2)
T16D4 039:705.548   Data:  FB
T16D4 039:705.560 - 0.032ms returns 0
T16D4 039:706.364 JLINK_ReadRegs(NumRegs = 20)
T16D4 039:706.404   
  R0 (0)        = 0xD5E17              R1 (1)        = 0x186A0              R2 (2)        = 0x14                 R3 (3)        = 0x3E8             
  R4 (4)        = 0x01                 R5 (5)        = 0x20000434           R6 (6)        = 0x20000480           R7 (7)        = 0x20000468        
  R8 (8)        = 0x20000458           R9 (9)        = 0xC54B3BBD           R10 (10)      = 0x1DFF68B9           R11 (11)      = 0x6F939966        
  R12 (12)      = 0x4C4B40             R13 (SP) (13) = 0x200003E0           R14 (14)      = 0x575                R15 (PC) (15) = 0xAE2             
  XPSR (16)     = 0x21000000           MSP (17)      = 0x200003E0           PSP (18)      = 0x2D56EC28           CFBP (20)     = 0x00              
T16D4 039:706.416 - 0.052ms returns 0x00
T16D4 039:708.156 JLINK_ReadMem(0x00000AE2, 0x4 Bytes, ...)
T16D4 039:708.196    -- Read from C cache (4 bytes @ 0x00000AE2)
T16D4 039:708.208   Data:  FB D1 70 47
T16D4 039:708.220 - 0.063ms returns 0
T538C 039:711.912 JLINK_IsHalted()
T538C 039:711.944 - 0.032ms returns TRUE
T538C 039:711.972 JLINK_ReadReg(XPSR)
T538C 039:711.996 - 0.025ms returns 0x21000000
T538C 039:712.008 JLINK_ReadReg(R15 (PC))
T538C 039:712.016 - 0.009ms returns 0x00000AE2
T538C 039:712.028 JLINK_ReadReg(XPSR)
T538C 039:712.040 - 0.008ms returns 0x21000000
T538C 039:712.048 JLINK_ReadReg(XPSR)
T538C 039:712.056 - 0.009ms returns 0x21000000
T538C 039:712.068 JLINK_ReadReg(R15 (PC))
T538C 039:712.080 - 0.014ms returns 0x00000AE2
T538C 039:712.100 JLINK_ReadReg(XPSR)
T538C 039:712.112 - 0.012ms returns 0x21000000
T538C 039:712.120 JLINK_ReadReg(XPSR)
T538C 039:712.132 - 0.008ms returns 0x21000000
T538C 039:712.140 JLINK_ReadMem(0x00000AE2, 0x1 Bytes, ...)
T538C 039:712.152    -- Read from C cache (1 bytes @ 0x00000AE2)
T538C 039:712.168   Data:  FB
T538C 039:712.180 - 0.038ms returns 0
T538C 039:712.188 JLINK_IsHalted()
T538C 039:712.200 - 0.008ms returns TRUE
T538C 039:712.208 JLINK_ReadReg(XPSR)
T538C 039:712.216 - 0.008ms returns 0x21000000
T538C 039:712.224 JLINK_ReadReg(XPSR)
T538C 039:712.232 - 0.008ms returns 0x21000000
T538C 039:712.244 JLINK_ReadReg(R15 (PC))
T538C 039:712.252 - 0.008ms returns 0x00000AE2
T538C 039:712.264 JLINK_ReadReg(XPSR)
T538C 039:712.272 - 0.008ms returns 0x21000000
T538C 039:712.280 JLINK_ReadReg(XPSR)
T538C 039:712.288 - 0.008ms returns 0x21000000
T538C 039:712.296 JLINK_ReadMem(0x00000AE2, 0x1 Bytes, ...)
T538C 039:712.308    -- Read from C cache (1 bytes @ 0x00000AE2)
T538C 039:712.320   Data:  FB
T538C 039:712.332 - 0.033ms returns 0
T538C 039:712.804 JLINK_ReadMem(0xE0001004, 0x4 Bytes, ...)
T538C 039:712.824   CPU_ReadMem(4 bytes @ 0xE0001004)
T538C 039:713.388   Data:  D7 9F CB 32
T538C 039:713.428   Debug reg: DWT_CYCCNT
T538C 039:713.448 - 0.643ms returns 0
T16D4 039:746.384 JLINK_ReadMem(0x00000AE2, 0x4 Bytes, ...)
T16D4 039:746.456    -- Read from C cache (4 bytes @ 0x00000AE2)
T16D4 039:746.484   Data:  FB D1 70 47
T16D4 039:746.512 - 0.126ms returns 0
T16D4 039:747.232 JLINK_ReadMem(0x00000574, 0x4 Bytes, ...)
T16D4 039:747.276   CPU_ReadMem(64 bytes @ 0x00000540)
T16D4 039:748.204    -- Updating C cache (64 bytes @ 0x00000540)
T16D4 039:748.232    -- Read from C cache (4 bytes @ 0x00000574)
T16D4 039:748.248   Data:  D2 E7 4F F4
T16D4 039:748.260 - 1.027ms returns 0
T16D4 039:748.696 JLINK_ReadMem(0x200003C0, 0x40 Bytes, ...)
T16D4 039:748.728   CPU_ReadMem(64 bytes @ 0x200003C0)
T16D4 039:749.528    -- Updating C cache (64 bytes @ 0x200003C0)
T16D4 039:749.560    -- Read from C cache (64 bytes @ 0x200003C0)
T16D4 039:749.576   Data:  01 02 4F 50 01 00 00 20 BC 03 00 20 80 04 00 20 ...
T16D4 039:749.588 - 0.890ms returns 0
T16D4 039:750.104 JLINK_ReadMem(0x000005F6, 0x4 Bytes, ...)
T16D4 039:750.136   CPU_ReadMem(64 bytes @ 0x000005C0)
T16D4 039:751.000    -- Updating C cache (64 bytes @ 0x000005C0)
T16D4 039:751.024    -- Read from C cache (4 bytes @ 0x000005F6)
T16D4 039:751.036   Data:  00 20 08 BD
T16D4 039:751.048 - 0.948ms returns 0
T16D4 039:752.136 JLINK_ReadMem(0x00000AC0, 0x40 Bytes, ...)
T16D4 039:752.160    -- Read from C cache (64 bytes @ 0x00000AC0)
T16D4 039:752.172   Data:  BD E8 38 40 01 20 00 F0 61 B8 00 BF 00 40 04 40 ...
T16D4 039:752.184 - 0.051ms returns 0
T16D4 039:754.664 JLINK_ReadMem(0x00000B00, 0x40 Bytes, ...)
T16D4 039:754.704   CPU_ReadMem(64 bytes @ 0x00000B00)
T16D4 039:755.508    -- Updating C cache (64 bytes @ 0x00000B00)
T16D4 039:755.528    -- Read from C cache (64 bytes @ 0x00000B00)
T16D4 039:755.544   Data:  3C B9 BC FB F2 FC 4F EA 9C 00 70 B1 30 BC FF F7 ...
T16D4 039:755.560 - 0.891ms returns 0
T16D4 040:242.952 JLINK_ReadMem(0x00000AC0, 0x40 Bytes, ...)
T16D4 040:243.020    -- Read from C cache (64 bytes @ 0x00000AC0)
T16D4 040:243.044   Data:  BD E8 38 40 01 20 00 F0 61 B8 00 BF 00 40 04 40 ...
T16D4 040:243.068 - 0.118ms returns 0
T16D4 040:248.264 JLINK_ReadMem(0x00000B00, 0x40 Bytes, ...)
T16D4 040:248.324    -- Read from C cache (64 bytes @ 0x00000B00)
T16D4 040:248.348   Data:  3C B9 BC FB F2 FC 4F EA 9C 00 70 B1 30 BC FF F7 ...
T16D4 040:248.368 - 0.107ms returns 0
T16D4 040:395.048 JLINK_ReadMem(0x00000AC0, 0x40 Bytes, ...)
T16D4 040:395.108    -- Read from C cache (64 bytes @ 0x00000AC0)
T16D4 040:395.124   Data:  BD E8 38 40 01 20 00 F0 61 B8 00 BF 00 40 04 40 ...
T16D4 040:395.136 - 0.091ms returns 0
T16D4 040:396.280 JLINK_ReadMem(0x00000B00, 0x40 Bytes, ...)
T16D4 040:396.316    -- Read from C cache (64 bytes @ 0x00000B00)
T16D4 040:396.332   Data:  3C B9 BC FB F2 FC 4F EA 9C 00 70 B1 30 BC FF F7 ...
T16D4 040:396.344 - 0.068ms returns 0
T16D4 043:708.844 JLINK_ReadMem(0x00000574, 0x2 Bytes, ...)
T16D4 043:708.888    -- Read from C cache (2 bytes @ 0x00000574)
T16D4 043:708.904   Data:  D2 E7
T16D4 043:708.924 - 0.080ms returns 0
T16D4 043:709.328 JLINK_SetBPEx(Addr = 0x00000574, Type = 0xFFFFFF00)
T16D4 043:709.360 - 0.031ms returns 0x00000003
T16D4 043:710.760 JLINK_ReadMem(0xE0001004, 0x4 Bytes, ...)
T16D4 043:710.804   Data:  D7 9F CB 32
T16D4 043:710.824   Debug reg: DWT_CYCCNT
T16D4 043:710.848 - 0.087ms returns 0
T16D4 043:710.868 JLINK_IsHalted()
T16D4 043:711.428 - 0.558ms returns TRUE
T16D4 043:712.072 JLINK_ReadMem(0xE0001004, 0x4 Bytes, ...)
T16D4 043:712.088   Data:  D7 9F CB 32
T16D4 043:712.104   Debug reg: DWT_CYCCNT
T16D4 043:712.112 - 0.043ms returns 0
T16D4 043:712.124 JLINK_GoEx(MaxEmulInsts = 0, Flags = 0x01)
T16D4 043:712.136   CPU_WriteMem(4 bytes @ 0xE0002000)
T16D4 043:712.668   CPU_ReadMem(4 bytes @ 0xE0001000)
T16D4 043:713.296   CPU_WriteMem(4 bytes @ 0xE0002008)
T16D4 043:714.484 - 2.360ms 
T16D4 043:811.972 JLINK_IsHalted()
T16D4 043:815.384 - 3.411ms returns TRUE
T16D4 043:815.416 JLINK_ReadReg(XPSR)
T16D4 043:815.428 - 0.013ms returns 0x61000000
T16D4 043:815.436 JLINK_ReadReg(R15 (PC))
T16D4 043:815.448 - 0.009ms returns 0x00000574
T16D4 043:815.460 JLINK_ReadReg(XPSR)
T16D4 043:815.468 - 0.008ms returns 0x61000000
T16D4 043:815.480 JLINK_ReadReg(XPSR)
T16D4 043:815.488 - 0.008ms returns 0x61000000
T16D4 043:815.496 JLINK_ReadReg(R15 (PC))
T16D4 043:815.508 - 0.008ms returns 0x00000574
T16D4 043:815.516 JLINK_ReadReg(XPSR)
T16D4 043:815.528 - 0.008ms returns 0x61000000
T16D4 043:815.532 JLINK_ReadReg(XPSR)
T16D4 043:815.544 - 0.008ms returns 0x61000000
T16D4 043:815.556 JLINK_ReadMem(0x00000574, 0x1 Bytes, ...)
T16D4 043:815.572   CPU_ReadMem(64 bytes @ 0x00000540)
T16D4 043:816.604    -- Updating C cache (64 bytes @ 0x00000540)
T16D4 043:816.632    -- Read from C cache (1 bytes @ 0x00000574)
T16D4 043:816.648   Data:  D2
T16D4 043:816.660 - 1.105ms returns 0
T16D4 043:816.672 JLINK_IsHalted()
T16D4 043:816.680 - 0.009ms returns TRUE
T16D4 043:816.696 JLINK_ReadReg(XPSR)
T16D4 043:816.704 - 0.009ms returns 0x61000000
T16D4 043:816.712 JLINK_ReadReg(XPSR)
T16D4 043:816.724 - 0.008ms returns 0x61000000
T16D4 043:816.732 JLINK_ReadReg(R15 (PC))
T16D4 043:816.744 - 0.008ms returns 0x00000574
T16D4 043:816.752 JLINK_ReadReg(XPSR)
T16D4 043:816.760 - 0.008ms returns 0x61000000
T16D4 043:816.772 JLINK_ReadReg(XPSR)
T16D4 043:816.780 - 0.008ms returns 0x61000000
T16D4 043:816.792 JLINK_ReadMem(0x00000574, 0x1 Bytes, ...)
T16D4 043:816.800    -- Read from C cache (1 bytes @ 0x00000574)
T16D4 043:816.812   Data:  D2
T16D4 043:816.824 - 0.034ms returns 0
T16D4 043:816.900 JLINK_IsHalted()
T16D4 043:816.908 - 0.010ms returns TRUE
T16D4 043:816.920 JLINK_ReadReg(XPSR)
T16D4 043:816.928 - 0.008ms returns 0x61000000
T16D4 043:816.940 JLINK_ReadReg(R15 (PC))
T16D4 043:816.948 - 0.008ms returns 0x00000574
T16D4 043:816.956 JLINK_ReadReg(XPSR)
T16D4 043:816.968 - 0.008ms returns 0x61000000
T16D4 043:816.976 JLINK_ReadReg(XPSR)
T16D4 043:816.984 - 0.008ms returns 0x61000000
T16D4 043:816.996 JLINK_ReadReg(R15 (PC))
T16D4 043:817.000 - 0.008ms returns 0x00000574
T16D4 043:817.012 JLINK_ReadReg(XPSR)
T16D4 043:817.028 - 0.015ms returns 0x61000000
T16D4 043:817.040 JLINK_ReadReg(XPSR)
T16D4 043:817.048 - 0.008ms returns 0x61000000
T16D4 043:817.060 JLINK_ReadMem(0x00000574, 0x1 Bytes, ...)
T16D4 043:817.068    -- Read from C cache (1 bytes @ 0x00000574)
T16D4 043:817.080   Data:  D2
T16D4 043:817.096 - 0.033ms returns 0
T16D4 043:817.104 JLINK_IsHalted()
T16D4 043:817.112 - 0.008ms returns TRUE
T16D4 043:817.120 JLINK_ReadReg(XPSR)
T16D4 043:817.128 - 0.008ms returns 0x61000000
T16D4 043:817.140 JLINK_ReadReg(XPSR)
T16D4 043:817.148 - 0.008ms returns 0x61000000
T16D4 043:817.160 JLINK_ReadReg(R15 (PC))
T16D4 043:817.164 - 0.008ms returns 0x00000574
T16D4 043:817.176 JLINK_ReadReg(XPSR)
T16D4 043:817.184 - 0.008ms returns 0x61000000
T16D4 043:817.192 JLINK_ReadReg(XPSR)
T16D4 043:817.200 - 0.008ms returns 0x61000000
T16D4 043:817.212 JLINK_ReadMem(0x00000574, 0x1 Bytes, ...)
T16D4 043:817.220    -- Read from C cache (1 bytes @ 0x00000574)
T16D4 043:817.232   Data:  D2
T16D4 043:817.244 - 0.032ms returns 0
T16D4 043:818.392 JLINK_ReadRegs(NumRegs = 20)
T16D4 043:818.472   
  R0 (0)        = 0x00                 R1 (1)        = 0x186A0              R2 (2)        = 0x14                 R3 (3)        = 0x3E8             
  R4 (4)        = 0x01                 R5 (5)        = 0x20000434           R6 (6)        = 0x20000480           R7 (7)        = 0x20000468        
  R8 (8)        = 0x20000458           R9 (9)        = 0xC54B3BBD           R10 (10)      = 0x1DFF68B9           R11 (11)      = 0x6F939966        
  R12 (12)      = 0x4C4B40             R13 (SP) (13) = 0x200003E0           R14 (14)      = 0x575                R15 (PC) (15) = 0x574             
  XPSR (16)     = 0x61000000           MSP (17)      = 0x200003E0           PSP (18)      = 0x2D56EC28           CFBP (20)     = 0x00              
T16D4 043:818.504 - 0.112ms returns 0x00
T16D4 043:819.208 JLINK_ReadMem(0x00000574, 0x4 Bytes, ...)
T16D4 043:819.236    -- Read from C cache (4 bytes @ 0x00000574)
T16D4 043:819.248   Data:  D2 E7 4F F4
T16D4 043:819.260 - 0.056ms returns 0
T16D4 043:819.656 JLINK_ReadMem(0x200003C0, 0x40 Bytes, ...)
T16D4 043:819.700   CPU_ReadMem(64 bytes @ 0x200003C0)
T16D4 043:820.572    -- Updating C cache (64 bytes @ 0x200003C0)
T16D4 043:820.600    -- Read from C cache (64 bytes @ 0x200003C0)
T16D4 043:820.616   Data:  01 02 4F 50 01 00 00 20 BC 03 00 20 80 04 00 20 ...
T16D4 043:820.628 - 0.970ms returns 0
T16D4 043:821.140 JLINK_ClrBPEx(BPHandle = 0x00000003)
T16D4 043:821.168 - 0.030ms returns 0x00
T538C 043:823.960 JLINK_IsHalted()
T538C 043:823.992 - 0.036ms returns TRUE
T538C 043:824.008 JLINK_ReadReg(XPSR)
T538C 043:824.020 - 0.011ms returns 0x61000000
T538C 043:824.032 JLINK_ReadReg(R15 (PC))
T538C 043:824.040 - 0.008ms returns 0x00000574
T538C 043:824.052 JLINK_ReadReg(XPSR)
T538C 043:824.060 - 0.008ms returns 0x61000000
T538C 043:824.072 JLINK_ReadReg(XPSR)
T538C 043:824.080 - 0.008ms returns 0x61000000
T538C 043:824.088 JLINK_ReadReg(R15 (PC))
T538C 043:824.096 - 0.008ms returns 0x00000574
T538C 043:824.108 JLINK_ReadReg(XPSR)
T538C 043:824.116 - 0.008ms returns 0x61000000
T538C 043:824.128 JLINK_ReadReg(XPSR)
T538C 043:824.136 - 0.008ms returns 0x61000000
T538C 043:824.144 JLINK_ReadMem(0x00000574, 0x1 Bytes, ...)
T538C 043:824.160    -- Read from C cache (1 bytes @ 0x00000574)
T538C 043:824.172   Data:  D2
T538C 043:824.184 - 0.038ms returns 0
T538C 043:824.196 JLINK_IsHalted()
T538C 043:824.200 - 0.008ms returns TRUE
T538C 043:824.212 JLINK_ReadReg(XPSR)
T538C 043:824.220 - 0.008ms returns 0x61000000
T538C 043:824.232 JLINK_ReadReg(XPSR)
T538C 043:824.240 - 0.008ms returns 0x61000000
T538C 043:824.248 JLINK_ReadReg(R15 (PC))
T538C 043:824.256 - 0.008ms returns 0x00000574
T538C 043:824.268 JLINK_ReadReg(XPSR)
T538C 043:824.276 - 0.008ms returns 0x61000000
T538C 043:824.284 JLINK_ReadReg(XPSR)
T538C 043:824.296 - 0.008ms returns 0x61000000
T538C 043:824.304 JLINK_ReadMem(0x00000574, 0x1 Bytes, ...)
T538C 043:824.312    -- Read from C cache (1 bytes @ 0x00000574)
T538C 043:824.336   Data:  D2
T538C 043:824.348 - 0.044ms returns 0
T538C 043:824.800 JLINK_ReadMem(0xE0001004, 0x4 Bytes, ...)
T538C 043:824.816   CPU_ReadMem(4 bytes @ 0xE0001004)
T538C 043:825.460   Data:  36 18 01 33
T538C 043:825.488   Debug reg: DWT_CYCCNT
T538C 043:825.496 - 0.699ms returns 0
T16D4 043:849.720 JLINK_ReadMem(0x00000574, 0x4 Bytes, ...)
T16D4 043:849.764    -- Read from C cache (4 bytes @ 0x00000574)
T16D4 043:849.780   Data:  D2 E7 4F F4
T16D4 043:849.792 - 0.074ms returns 0
T16D4 043:850.260 JLINK_ReadMem(0x200003C0, 0x40 Bytes, ...)
T16D4 043:850.292    -- Read from C cache (64 bytes @ 0x200003C0)
T16D4 043:850.308   Data:  01 02 4F 50 01 00 00 20 BC 03 00 20 80 04 00 20 ...
T16D4 043:850.316 - 0.058ms returns 0
T16D4 043:850.724 JLINK_ReadMem(0x000005F6, 0x4 Bytes, ...)
T16D4 043:850.760   CPU_ReadMem(64 bytes @ 0x000005C0)
T16D4 043:851.596    -- Updating C cache (64 bytes @ 0x000005C0)
T16D4 043:851.624    -- Read from C cache (4 bytes @ 0x000005F6)
T16D4 043:851.640   Data:  00 20 08 BD
T16D4 043:851.652 - 0.928ms returns 0
T16D4 043:852.696 JLINK_ReadMem(0x00000580, 0x40 Bytes, ...)
T16D4 043:852.728   CPU_ReadMem(64 bytes @ 0x00000580)
T16D4 043:853.720    -- Updating C cache (64 bytes @ 0x00000580)
T16D4 043:853.748    -- Read from C cache (64 bytes @ 0x00000580)
T16D4 043:853.760   Data:  CC E7 0E 4B 0E 4A 0F 48 17 21 00 F0 A5 FA 0B 4B ...
T16D4 043:853.772 - 1.077ms returns 0
T16D4 043:854.064 JLINK_ReadMem(0x00000540, 0x40 Bytes, ...)
T16D4 043:854.084    -- Read from C cache (64 bytes @ 0x00000540)
T16D4 043:854.096   Data:  01 21 28 46 00 F0 5A F8 68 BB 9D F8 06 30 93 B1 ...
T16D4 043:854.108 - 0.045ms returns 0
T16D4 043:858.464 JLINK_ReadMem(0x000005C0, 0x40 Bytes, ...)
T16D4 043:858.520    -- Read from C cache (64 bytes @ 0x000005C0)
T16D4 043:858.540   Data:  44 0E 00 00 30 0E 00 00 20 B9 06 4B 01 22 83 F8 ...
T16D4 043:858.552 - 0.090ms returns 0
T16D4 044:468.044 JLINK_ReadMem(0x00000580, 0x40 Bytes, ...)
T16D4 044:468.108    -- Read from C cache (64 bytes @ 0x00000580)
T16D4 044:468.136   Data:  CC E7 0E 4B 0E 4A 0F 48 17 21 00 F0 A5 FA 0B 4B ...
T16D4 044:468.156 - 0.113ms returns 0
T16D4 044:471.640 JLINK_ReadMem(0x00000540, 0x40 Bytes, ...)
T16D4 044:471.696    -- Read from C cache (64 bytes @ 0x00000540)
T16D4 044:471.716   Data:  01 21 28 46 00 F0 5A F8 68 BB 9D F8 06 30 93 B1 ...
T16D4 044:471.736 - 0.095ms returns 0
T16D4 044:674.840 JLINK_ReadMem(0x00000540, 0x40 Bytes, ...)
T16D4 044:674.904    -- Read from C cache (64 bytes @ 0x00000540)
T16D4 044:674.920   Data:  01 21 28 46 00 F0 5A F8 68 BB 9D F8 06 30 93 B1 ...
T16D4 044:674.932 - 0.089ms returns 0
T16D4 044:675.552 JLINK_ReadMem(0x00000580, 0x40 Bytes, ...)
T16D4 044:675.580    -- Read from C cache (64 bytes @ 0x00000580)
T16D4 044:675.592   Data:  CC E7 0E 4B 0E 4A 0F 48 17 21 00 F0 A5 FA 0B 4B ...
T16D4 044:675.608 - 0.055ms returns 0
T16D4 047:231.768 JLINK_ReadMem(0xE0001004, 0x4 Bytes, ...)
T16D4 047:231.828   Data:  36 18 01 33
T16D4 047:231.848   Debug reg: DWT_CYCCNT
T16D4 047:231.872 - 0.106ms returns 0
T16D4 047:231.896 JLINK_Step()
T16D4 047:232.492   CPU_WriteMem(4 bytes @ 0xE0002008)
T16D4 047:236.536 - 4.643ms returns 0
T16D4 047:236.604 JLINK_ReadReg(XPSR)
T16D4 047:236.620 - 0.015ms returns 0x61000000
T16D4 047:237.528 JLINK_ReadRegs(NumRegs = 20)
T16D4 047:237.568   
  R0 (0)        = 0x00                 R1 (1)        = 0x186A0              R2 (2)        = 0x14                 R3 (3)        = 0x3E8             
  R4 (4)        = 0x01                 R5 (5)        = 0x20000434           R6 (6)        = 0x20000480           R7 (7)        = 0x20000468        
  R8 (8)        = 0x20000458           R9 (9)        = 0xC54B3BBD           R10 (10)      = 0x1DFF68B9           R11 (11)      = 0x6F939966        
  R12 (12)      = 0x4C4B40             R13 (SP) (13) = 0x200003E0           R14 (14)      = 0x575                R15 (PC) (15) = 0x51C             
  XPSR (16)     = 0x61000000           MSP (17)      = 0x200003E0           PSP (18)      = 0x2D56EC28           CFBP (20)     = 0x00              
T16D4 047:237.588 - 0.059ms returns 0x00
T16D4 047:238.028 JLINK_ReadMem(0x0000051C, 0x4 Bytes, ...)
T16D4 047:238.064   CPU_ReadMem(64 bytes @ 0x00000500)
T16D4 047:238.824    -- Updating C cache (64 bytes @ 0x00000500)
T16D4 047:238.844    -- Read from C cache (4 bytes @ 0x0000051C)
T16D4 047:238.856   Data:  84 F0 01 04
T16D4 047:238.868 - 0.841ms returns 0
T16D4 047:239.308 JLINK_ReadMem(0x200003C0, 0x40 Bytes, ...)
T16D4 047:239.352   CPU_ReadMem(64 bytes @ 0x200003C0)
T16D4 047:240.216    -- Updating C cache (64 bytes @ 0x200003C0)
T16D4 047:240.244    -- Read from C cache (64 bytes @ 0x200003C0)
T16D4 047:240.260   Data:  01 02 4F 50 01 00 00 20 BC 03 00 20 80 04 00 20 ...
T16D4 047:240.268 - 0.960ms returns 0
T538C 047:243.404 JLINK_IsHalted()
T538C 047:243.444 - 0.039ms returns TRUE
T538C 047:243.456 JLINK_ReadReg(XPSR)
T538C 047:243.468 - 0.012ms returns 0x61000000
T538C 047:243.480 JLINK_ReadReg(R15 (PC))
T538C 047:243.488 - 0.009ms returns 0x0000051C
T538C 047:243.500 JLINK_ReadReg(XPSR)
T538C 047:243.512 - 0.008ms returns 0x61000000
T538C 047:243.520 JLINK_ReadReg(XPSR)
T538C 047:243.528 - 0.008ms returns 0x61000000
T538C 047:243.540 JLINK_ReadReg(R15 (PC))
T538C 047:243.544 - 0.008ms returns 0x0000051C
T538C 047:243.556 JLINK_ReadReg(XPSR)
T538C 047:243.564 - 0.008ms returns 0x61000000
T538C 047:243.576 JLINK_ReadReg(XPSR)
T538C 047:243.584 - 0.008ms returns 0x61000000
T538C 047:243.604 JLINK_ReadMem(0x0000051C, 0x1 Bytes, ...)
T538C 047:243.624    -- Read from C cache (1 bytes @ 0x0000051C)
T538C 047:243.636   Data:  84
T538C 047:243.648 - 0.046ms returns 0
T538C 047:243.656 JLINK_IsHalted()
T538C 047:243.668 - 0.008ms returns TRUE
T538C 047:243.676 JLINK_ReadReg(XPSR)
T538C 047:243.684 - 0.008ms returns 0x61000000
T538C 047:243.696 JLINK_ReadReg(XPSR)
T538C 047:243.704 - 0.008ms returns 0x61000000
T538C 047:243.712 JLINK_ReadReg(R15 (PC))
T538C 047:243.720 - 0.008ms returns 0x0000051C
T538C 047:243.732 JLINK_ReadReg(XPSR)
T538C 047:243.740 - 0.008ms returns 0x61000000
T538C 047:243.752 JLINK_ReadReg(XPSR)
T538C 047:243.760 - 0.009ms returns 0x61000000
T538C 047:243.768 JLINK_ReadMem(0x0000051C, 0x1 Bytes, ...)
T538C 047:243.776    -- Read from C cache (1 bytes @ 0x0000051C)
T538C 047:243.788   Data:  84
T538C 047:243.800 - 0.032ms returns 0
T538C 047:244.272 JLINK_ReadMem(0xE0001004, 0x4 Bytes, ...)
T538C 047:244.292   CPU_ReadMem(4 bytes @ 0xE0001004)
T538C 047:244.808   Data:  37 18 01 33
T538C 047:244.836   Debug reg: DWT_CYCCNT
T538C 047:244.848 - 0.576ms returns 0
T16D4 047:292.812 JLINK_ReadMem(0x0000051C, 0x4 Bytes, ...)
T16D4 047:292.876    -- Read from C cache (4 bytes @ 0x0000051C)
T16D4 047:292.896   Data:  84 F0 01 04
T16D4 047:292.920 - 0.108ms returns 0
T16D4 047:293.452 JLINK_ReadMem(0x200003C0, 0x40 Bytes, ...)
T16D4 047:293.492    -- Read from C cache (64 bytes @ 0x200003C0)
T16D4 047:293.512   Data:  01 02 4F 50 01 00 00 20 BC 03 00 20 80 04 00 20 ...
T16D4 047:293.528 - 0.078ms returns 0
T16D4 047:293.956 JLINK_ReadMem(0x000005F6, 0x4 Bytes, ...)
T16D4 047:294.004   CPU_ReadMem(64 bytes @ 0x000005C0)
T16D4 047:295.032    -- Updating C cache (64 bytes @ 0x000005C0)
T16D4 047:295.064    -- Read from C cache (4 bytes @ 0x000005F6)
T16D4 047:295.096   Data:  00 20 08 BD
T16D4 047:295.116 - 1.162ms returns 0
T16D4 047:296.292 JLINK_ReadMem(0x00000540, 0x40 Bytes, ...)
T16D4 047:296.324   CPU_ReadMem(64 bytes @ 0x00000540)
T16D4 047:297.212    -- Updating C cache (64 bytes @ 0x00000540)
T16D4 047:297.236    -- Read from C cache (64 bytes @ 0x00000540)
T16D4 047:297.252   Data:  01 21 28 46 00 F0 5A F8 68 BB 9D F8 06 30 93 B1 ...
T16D4 047:297.264 - 0.972ms returns 0
T16D4 047:298.260 JLINK_ReadMem(0x00000500, 0x40 Bytes, ...)
T16D4 047:298.288    -- Read from C cache (64 bytes @ 0x00000500)
T16D4 047:298.300   Data:  2D 48 0D 21 00 F0 6E F9 02 46 50 BB 2A 48 40 F2 ...
T16D4 047:298.312 - 0.054ms returns 0
T16D4 047:547.208 JLINK_ReadMem(0x000004C0, 0x40 Bytes, ...)
T16D4 047:547.288   CPU_ReadMem(64 bytes @ 0x000004C0)
T16D4 047:548.184    -- Updating C cache (64 bytes @ 0x000004C0)
T16D4 047:548.212    -- Read from C cache (64 bytes @ 0x000004C0)
T16D4 047:548.224   Data:  00 00 00 00 1C 04 00 20 08 04 00 00 30 B5 39 49 ...
T16D4 047:548.236 - 1.028ms returns 0
T16D4 047:551.668 JLINK_ReadMem(0x00000500, 0x40 Bytes, ...)
T16D4 047:551.724    -- Read from C cache (64 bytes @ 0x00000500)
T16D4 047:551.768   Data:  2D 48 0D 21 00 F0 6E F9 02 46 50 BB 2A 48 40 F2 ...
T16D4 047:551.812 - 0.143ms returns 0
T16D4 078:072.104 JLINK_ReadMem(0xE0001004, 0x4 Bytes, ...)
T16D4 078:072.168   Data:  37 18 01 33
T16D4 078:072.184   Debug reg: DWT_CYCCNT
T16D4 078:072.216 - 0.116ms returns 0
T16D4 078:072.240 JLINK_Step()
T16D4 078:077.088 - 4.846ms returns 0
T16D4 078:077.168 JLINK_ReadReg(XPSR)
T16D4 078:077.176 - 0.013ms returns 0x61000000
T16D4 078:078.064 JLINK_ReadRegs(NumRegs = 20)
T16D4 078:078.112   
  R0 (0)        = 0x00                 R1 (1)        = 0x186A0              R2 (2)        = 0x14                 R3 (3)        = 0x3E8             
  R4 (4)        = 0x00                 R5 (5)        = 0x20000434           R6 (6)        = 0x20000480           R7 (7)        = 0x20000468        
  R8 (8)        = 0x20000458           R9 (9)        = 0xC54B3BBD           R10 (10)      = 0x1DFF68B9           R11 (11)      = 0x6F939966        
  R12 (12)      = 0x4C4B40             R13 (SP) (13) = 0x200003E0           R14 (14)      = 0x575                R15 (PC) (15) = 0x520             
  XPSR (16)     = 0x61000000           MSP (17)      = 0x200003E0           PSP (18)      = 0x2D56EC28           CFBP (20)     = 0x00              
T16D4 078:078.136 - 0.075ms returns 0x00
T16D4 078:078.600 JLINK_ReadMem(0x00000520, 0x4 Bytes, ...)
T16D4 078:078.640   CPU_ReadMem(64 bytes @ 0x00000500)
T16D4 078:079.584    -- Updating C cache (64 bytes @ 0x00000500)
T16D4 078:079.624    -- Read from C cache (4 bytes @ 0x00000520)
T16D4 078:079.632   Data:  22 46 0C 21
T16D4 078:079.648 - 1.045ms returns 0
T16D4 078:080.064 JLINK_ReadMem(0x200003C0, 0x40 Bytes, ...)
T16D4 078:080.096   CPU_ReadMem(64 bytes @ 0x200003C0)
T16D4 078:080.960    -- Updating C cache (64 bytes @ 0x200003C0)
T16D4 078:080.992    -- Read from C cache (64 bytes @ 0x200003C0)
T16D4 078:081.008   Data:  01 02 4F 50 01 00 00 20 BC 03 00 20 80 04 00 20 ...
T16D4 078:081.016 - 0.954ms returns 0
T538C 078:084.080 JLINK_IsHalted()
T538C 078:084.112 - 0.034ms returns TRUE
T538C 078:084.128 JLINK_ReadReg(XPSR)
T538C 078:084.144 - 0.011ms returns 0x61000000
T538C 078:084.144 JLINK_ReadReg(R15 (PC))
T538C 078:084.160 - 0.009ms returns 0x00000520
T538C 078:084.176 JLINK_ReadReg(XPSR)
T538C 078:084.176 - 0.008ms returns 0x61000000
T538C 078:084.192 JLINK_ReadReg(XPSR)
T538C 078:084.200 - 0.008ms returns 0x61000000
T538C 078:084.208 JLINK_ReadReg(R15 (PC))
T538C 078:084.216 - 0.008ms returns 0x00000520
T538C 078:084.224 JLINK_ReadReg(XPSR)
T538C 078:084.240 - 0.008ms returns 0x61000000
T538C 078:084.240 JLINK_ReadReg(XPSR)
T538C 078:084.248 - 0.008ms returns 0x61000000
T538C 078:084.264 JLINK_ReadMem(0x00000520, 0x1 Bytes, ...)
T538C 078:084.272    -- Read from C cache (1 bytes @ 0x00000520)
T538C 078:084.288   Data:  22
T538C 078:084.304 - 0.037ms returns 0
T538C 078:084.304 JLINK_IsHalted()
T538C 078:084.320 - 0.008ms returns TRUE
T538C 078:084.328 JLINK_ReadReg(XPSR)
T538C 078:084.336 - 0.008ms returns 0x61000000
T538C 078:084.344 JLINK_ReadReg(XPSR)
T538C 078:084.352 - 0.008ms returns 0x61000000
T538C 078:084.368 JLINK_ReadReg(R15 (PC))
T538C 078:084.368 - 0.008ms returns 0x00000520
T538C 078:084.384 JLINK_ReadReg(XPSR)
T538C 078:084.392 - 0.008ms returns 0x61000000
T538C 078:084.400 JLINK_ReadReg(XPSR)
T538C 078:084.408 - 0.008ms returns 0x61000000
T538C 078:084.416 JLINK_ReadMem(0x00000520, 0x1 Bytes, ...)
T538C 078:084.432    -- Read from C cache (1 bytes @ 0x00000520)
T538C 078:084.440   Data:  22
T538C 078:084.456 - 0.033ms returns 0
T538C 078:084.904 JLINK_ReadMem(0xE0001004, 0x4 Bytes, ...)
T538C 078:084.928   CPU_ReadMem(4 bytes @ 0xE0001004)
T538C 078:085.568   Data:  38 18 01 33
T538C 078:085.600   Debug reg: DWT_CYCCNT
T538C 078:085.616 - 0.711ms returns 0
T16D4 078:215.208 JLINK_ReadMem(0x00000520, 0x4 Bytes, ...)
T16D4 078:215.248    -- Read from C cache (4 bytes @ 0x00000520)
T16D4 078:215.272   Data:  22 46 0C 21
T16D4 078:215.280 - 0.077ms returns 0
T16D4 078:215.664 JLINK_ReadMem(0x200003C0, 0x40 Bytes, ...)
T16D4 078:215.704    -- Read from C cache (64 bytes @ 0x200003C0)
T16D4 078:215.728   Data:  01 02 4F 50 01 00 00 20 BC 03 00 20 80 04 00 20 ...
T16D4 078:215.744 - 0.073ms returns 0
T16D4 078:216.112 JLINK_ReadMem(0x000005F6, 0x4 Bytes, ...)
T16D4 078:216.152   CPU_ReadMem(64 bytes @ 0x000005C0)
T16D4 078:217.144    -- Updating C cache (64 bytes @ 0x000005C0)
T16D4 078:217.168    -- Read from C cache (4 bytes @ 0x000005F6)
T16D4 078:217.184   Data:  00 20 08 BD
T16D4 078:217.200 - 1.081ms returns 0
T16D4 078:741.088 JLINK_ReadMem(0xE0001004, 0x4 Bytes, ...)
T16D4 078:741.152   Data:  38 18 01 33
T16D4 078:741.168   Debug reg: DWT_CYCCNT
T16D4 078:741.192 - 0.108ms returns 0
T16D4 078:741.216 JLINK_Step()
T16D4 078:745.104 - 3.888ms returns 0
T16D4 078:745.168 JLINK_ReadReg(XPSR)
T16D4 078:745.184 - 0.012ms returns 0x61000000
T16D4 078:746.000 JLINK_ReadRegs(NumRegs = 20)
T16D4 078:746.040   
  R0 (0)        = 0x00                 R1 (1)        = 0x186A0              R2 (2)        = 0x00                 R3 (3)        = 0x3E8             
  R4 (4)        = 0x00                 R5 (5)        = 0x20000434           R6 (6)        = 0x20000480           R7 (7)        = 0x20000468        
  R8 (8)        = 0x20000458           R9 (9)        = 0xC54B3BBD           R10 (10)      = 0x1DFF68B9           R11 (11)      = 0x6F939966        
  R12 (12)      = 0x4C4B40             R13 (SP) (13) = 0x200003E0           R14 (14)      = 0x575                R15 (PC) (15) = 0x522             
  XPSR (16)     = 0x61000000           MSP (17)      = 0x200003E0           PSP (18)      = 0x2D56EC28           CFBP (20)     = 0x00              
T16D4 078:746.064 - 0.052ms returns 0x00
T16D4 078:746.536 JLINK_ReadMem(0x00000522, 0x4 Bytes, ...)
T16D4 078:746.576   CPU_ReadMem(64 bytes @ 0x00000500)
T16D4 078:747.432    -- Updating C cache (64 bytes @ 0x00000500)
T16D4 078:747.456    -- Read from C cache (4 bytes @ 0x00000522)
T16D4 078:747.472   Data:  0C 21 28 46
T16D4 078:747.480 - 0.947ms returns 0
T16D4 078:747.856 JLINK_ReadMem(0x200003C0, 0x40 Bytes, ...)
T16D4 078:747.888   CPU_ReadMem(64 bytes @ 0x200003C0)
T16D4 078:748.672    -- Updating C cache (64 bytes @ 0x200003C0)
T16D4 078:748.696    -- Read from C cache (64 bytes @ 0x200003C0)
T16D4 078:748.712   Data:  01 02 4F 50 01 00 00 20 BC 03 00 20 80 04 00 20 ...
T16D4 078:748.720 - 0.858ms returns 0
T538C 078:751.728 JLINK_IsHalted()
T538C 078:751.760 - 0.030ms returns TRUE
T538C 078:751.776 JLINK_ReadReg(XPSR)
T538C 078:751.784 - 0.011ms returns 0x61000000
T538C 078:751.792 JLINK_ReadReg(R15 (PC))
T538C 078:751.800 - 0.009ms returns 0x00000522
T538C 078:751.816 JLINK_ReadReg(XPSR)
T538C 078:751.824 - 0.008ms returns 0x61000000
T538C 078:751.832 JLINK_ReadReg(XPSR)
T538C 078:751.848 - 0.008ms returns 0x61000000
T538C 078:751.856 JLINK_ReadReg(R15 (PC))
T538C 078:751.856 - 0.008ms returns 0x00000522
T538C 078:751.872 JLINK_ReadReg(XPSR)
T538C 078:751.880 - 0.008ms returns 0x61000000
T538C 078:751.888 JLINK_ReadReg(XPSR)
T538C 078:751.896 - 0.008ms returns 0x61000000
T538C 078:751.912 JLINK_ReadMem(0x00000522, 0x1 Bytes, ...)
T538C 078:751.920    -- Read from C cache (1 bytes @ 0x00000522)
T538C 078:751.936   Data:  0C
T538C 078:751.952 - 0.037ms returns 0
T538C 078:751.952 JLINK_IsHalted()
T538C 078:751.968 - 0.008ms returns TRUE
T538C 078:751.976 JLINK_ReadReg(XPSR)
T538C 078:751.984 - 0.008ms returns 0x61000000
T538C 078:751.992 JLINK_ReadReg(XPSR)
T538C 078:752.000 - 0.008ms returns 0x61000000
T538C 078:752.016 JLINK_ReadReg(R15 (PC))
T538C 078:752.016 - 0.008ms returns 0x00000522
T538C 078:752.048 JLINK_ReadReg(XPSR)
T538C 078:752.048 - 0.008ms returns 0x61000000
T538C 078:752.056 JLINK_ReadReg(XPSR)
T538C 078:752.072 - 0.008ms returns 0x61000000
T538C 078:752.080 JLINK_ReadMem(0x00000522, 0x1 Bytes, ...)
T538C 078:752.088    -- Read from C cache (1 bytes @ 0x00000522)
T538C 078:752.104   Data:  0C
T538C 078:752.112 - 0.032ms returns 0
T538C 078:752.560 JLINK_ReadMem(0xE0001004, 0x4 Bytes, ...)
T538C 078:752.576   CPU_ReadMem(4 bytes @ 0xE0001004)
T538C 078:753.184   Data:  39 18 01 33
T538C 078:753.216   Debug reg: DWT_CYCCNT
T538C 078:753.232 - 0.669ms returns 0
T16D4 078:867.672 JLINK_ReadMem(0x00000522, 0x4 Bytes, ...)
T16D4 078:867.728    -- Read from C cache (4 bytes @ 0x00000522)
T16D4 078:867.744   Data:  0C 21 28 46
T16D4 078:867.760 - 0.084ms returns 0
T16D4 078:868.144 JLINK_ReadMem(0x200003C0, 0x40 Bytes, ...)
T16D4 078:868.176    -- Read from C cache (64 bytes @ 0x200003C0)
T16D4 078:868.184   Data:  01 02 4F 50 01 00 00 20 BC 03 00 20 80 04 00 20 ...
T16D4 078:868.200 - 0.051ms returns 0
T16D4 078:868.528 JLINK_ReadMem(0x000005F6, 0x4 Bytes, ...)
T16D4 078:868.560   CPU_ReadMem(64 bytes @ 0x000005C0)
T16D4 078:869.448    -- Updating C cache (64 bytes @ 0x000005C0)
T16D4 078:869.472    -- Read from C cache (4 bytes @ 0x000005F6)
T16D4 078:869.488   Data:  00 20 08 BD
T16D4 078:869.496 - 0.962ms returns 0
T16D4 079:295.456 JLINK_ReadMem(0xE0001004, 0x4 Bytes, ...)
T16D4 079:295.504   Data:  39 18 01 33
T16D4 079:295.520   Debug reg: DWT_CYCCNT
T16D4 079:295.536 - 0.077ms returns 0
T16D4 079:295.552 JLINK_Step()
T16D4 079:299.400 - 3.849ms returns 0
T16D4 079:299.464 JLINK_ReadReg(XPSR)
T16D4 079:299.472 - 0.012ms returns 0x21000000
T16D4 079:300.376 JLINK_ReadRegs(NumRegs = 20)
T16D4 079:300.416   
  R0 (0)        = 0x00                 R1 (1)        = 0x0C                 R2 (2)        = 0x00                 R3 (3)        = 0x3E8             
  R4 (4)        = 0x00                 R5 (5)        = 0x20000434           R6 (6)        = 0x20000480           R7 (7)        = 0x20000468        
  R8 (8)        = 0x20000458           R9 (9)        = 0xC54B3BBD           R10 (10)      = 0x1DFF68B9           R11 (11)      = 0x6F939966        
  R12 (12)      = 0x4C4B40             R13 (SP) (13) = 0x200003E0           R14 (14)      = 0x575                R15 (PC) (15) = 0x524             
  XPSR (16)     = 0x21000000           MSP (17)      = 0x200003E0           PSP (18)      = 0x2D56EC28           CFBP (20)     = 0x00              
T16D4 079:300.432 - 0.054ms returns 0x00
T16D4 079:300.864 JLINK_ReadMem(0x00000524, 0x4 Bytes, ...)
T16D4 079:300.896   CPU_ReadMem(64 bytes @ 0x00000500)
T16D4 079:301.704    -- Updating C cache (64 bytes @ 0x00000500)
T16D4 079:301.736    -- Read from C cache (4 bytes @ 0x00000524)
T16D4 079:301.744   Data:  28 46 00 F0
T16D4 079:301.760 - 0.893ms returns 0
T16D4 079:302.176 JLINK_ReadMem(0x200003C0, 0x40 Bytes, ...)
T16D4 079:302.208   CPU_ReadMem(64 bytes @ 0x200003C0)
T16D4 079:303.056    -- Updating C cache (64 bytes @ 0x200003C0)
T16D4 079:303.088    -- Read from C cache (64 bytes @ 0x200003C0)
T16D4 079:303.096   Data:  01 02 4F 50 01 00 00 20 BC 03 00 20 80 04 00 20 ...
T16D4 079:303.112 - 0.933ms returns 0
T538C 079:306.416 JLINK_IsHalted()
T538C 079:306.472 - 0.055ms returns TRUE
T538C 079:306.496 JLINK_ReadReg(XPSR)
T538C 079:306.512 - 0.019ms returns 0x21000000
T538C 079:306.536 JLINK_ReadReg(R15 (PC))
T538C 079:306.544 - 0.015ms returns 0x00000524
T538C 079:306.568 JLINK_ReadReg(XPSR)
T538C 079:306.576 - 0.015ms returns 0x21000000
T538C 079:306.600 JLINK_ReadReg(XPSR)
T538C 079:306.608 - 0.013ms returns 0x21000000
T538C 079:306.632 JLINK_ReadReg(R15 (PC))
T538C 079:306.640 - 0.014ms returns 0x00000524
T538C 079:306.664 JLINK_ReadReg(XPSR)
T538C 079:306.672 - 0.009ms returns 0x21000000
T538C 079:306.680 JLINK_ReadReg(XPSR)
T538C 079:306.696 - 0.008ms returns 0x21000000
T538C 079:306.704 JLINK_ReadMem(0x00000524, 0x1 Bytes, ...)
T538C 079:306.712    -- Read from C cache (1 bytes @ 0x00000524)
T538C 079:306.736   Data:  28
T538C 079:306.752 - 0.051ms returns 0
T538C 079:306.768 JLINK_IsHalted()
T538C 079:306.768 - 0.008ms returns TRUE
T538C 079:306.784 JLINK_ReadReg(XPSR)
T538C 079:306.792 - 0.008ms returns 0x21000000
T538C 079:306.848 JLINK_ReadReg(XPSR)
T538C 079:306.872 - 0.021ms returns 0x21000000
T538C 079:306.888 JLINK_ReadReg(R15 (PC))
T538C 079:306.904 - 0.014ms returns 0x00000524
T538C 079:306.928 JLINK_ReadReg(XPSR)
T538C 079:306.936 - 0.014ms returns 0x21000000
T538C 079:306.952 JLINK_ReadReg(XPSR)
T538C 079:307.000 - 0.049ms returns 0x21000000
T538C 079:307.024 JLINK_ReadMem(0x00000524, 0x1 Bytes, ...)
T538C 079:307.048    -- Read from C cache (1 bytes @ 0x00000524)
T538C 079:307.064   Data:  28
T538C 079:307.088 - 0.059ms returns 0
T538C 079:307.824 JLINK_ReadMem(0xE0001004, 0x4 Bytes, ...)
T538C 079:307.856   CPU_ReadMem(4 bytes @ 0xE0001004)
T538C 079:308.432   Data:  3A 18 01 33
T538C 079:308.456   Debug reg: DWT_CYCCNT
T538C 079:308.464 - 0.643ms returns 0
T16D4 079:422.704 JLINK_ReadMem(0x00000524, 0x4 Bytes, ...)
T16D4 079:422.768    -- Read from C cache (4 bytes @ 0x00000524)
T16D4 079:422.784   Data:  28 46 00 F0
T16D4 079:422.800 - 0.090ms returns 0
T16D4 079:423.192 JLINK_ReadMem(0x200003C0, 0x40 Bytes, ...)
T16D4 079:423.224    -- Read from C cache (64 bytes @ 0x200003C0)
T16D4 079:423.248   Data:  01 02 4F 50 01 00 00 20 BC 03 00 20 80 04 00 20 ...
T16D4 079:423.264 - 0.073ms returns 0
T16D4 079:423.688 JLINK_ReadMem(0x000005F6, 0x4 Bytes, ...)
T16D4 079:423.728   CPU_ReadMem(64 bytes @ 0x000005C0)
T16D4 079:424.856    -- Updating C cache (64 bytes @ 0x000005C0)
T16D4 079:424.896    -- Read from C cache (4 bytes @ 0x000005F6)
T16D4 079:424.912   Data:  00 20 08 BD
T16D4 079:424.936 - 1.248ms returns 0
T16D4 079:693.832 JLINK_ReadMem(0xE0001004, 0x4 Bytes, ...)
T16D4 079:693.904   Data:  3A 18 01 33
T16D4 079:693.936   Debug reg: DWT_CYCCNT
T16D4 079:693.968 - 0.142ms returns 0
T16D4 079:694.000 JLINK_Step()
T16D4 079:697.280 - 3.277ms returns 0
T16D4 079:697.336 JLINK_ReadReg(XPSR)
T16D4 079:697.352 - 0.013ms returns 0x21000000
T16D4 079:698.176 JLINK_ReadRegs(NumRegs = 20)
T16D4 079:698.224   
  R0 (0)        = 0x20000434           R1 (1)        = 0x0C                 R2 (2)        = 0x00                 R3 (3)        = 0x3E8             
  R4 (4)        = 0x00                 R5 (5)        = 0x20000434           R6 (6)        = 0x20000480           R7 (7)        = 0x20000468        
  R8 (8)        = 0x20000458           R9 (9)        = 0xC54B3BBD           R10 (10)      = 0x1DFF68B9           R11 (11)      = 0x6F939966        
  R12 (12)      = 0x4C4B40             R13 (SP) (13) = 0x200003E0           R14 (14)      = 0x575                R15 (PC) (15) = 0x526             
  XPSR (16)     = 0x21000000           MSP (17)      = 0x200003E0           PSP (18)      = 0x2D56EC28           CFBP (20)     = 0x00              
T16D4 079:698.248 - 0.071ms returns 0x00
T16D4 079:698.680 JLINK_ReadMem(0x00000526, 0x4 Bytes, ...)
T16D4 079:698.720   CPU_ReadMem(64 bytes @ 0x00000500)
T16D4 079:699.592    -- Updating C cache (64 bytes @ 0x00000500)
T16D4 079:699.616    -- Read from C cache (4 bytes @ 0x00000526)
T16D4 079:699.632   Data:  00 F0 77 F8
T16D4 079:699.640 - 0.965ms returns 0
T16D4 079:700.072 JLINK_ReadMem(0x200003C0, 0x40 Bytes, ...)
T16D4 079:700.112   CPU_ReadMem(64 bytes @ 0x200003C0)
T16D4 079:700.952    -- Updating C cache (64 bytes @ 0x200003C0)
T16D4 079:700.992    -- Read from C cache (64 bytes @ 0x200003C0)
T16D4 079:701.008   Data:  01 02 4F 50 01 00 00 20 BC 03 00 20 80 04 00 20 ...
T16D4 079:701.016 - 0.945ms returns 0
T538C 079:704.184 JLINK_IsHalted()
T538C 079:704.224 - 0.036ms returns TRUE
T538C 079:704.240 JLINK_ReadReg(XPSR)
T538C 079:704.248 - 0.012ms returns 0x21000000
T538C 079:704.264 JLINK_ReadReg(R15 (PC))
T538C 079:704.272 - 0.008ms returns 0x00000526
T538C 079:704.280 JLINK_ReadReg(XPSR)
T538C 079:704.296 - 0.008ms returns 0x21000000
T538C 079:704.304 JLINK_ReadReg(XPSR)
T538C 079:704.320 - 0.019ms returns 0x21000000
T538C 079:704.336 JLINK_ReadReg(R15 (PC))
T538C 079:704.336 - 0.008ms returns 0x00000526
T538C 079:704.352 JLINK_ReadReg(XPSR)
T538C 079:704.368 - 0.014ms returns 0x21000000
T538C 079:704.384 JLINK_ReadReg(XPSR)
T538C 079:704.400 - 0.010ms returns 0x21000000
T538C 079:704.400 JLINK_ReadMem(0x00000526, 0x1 Bytes, ...)
T538C 079:704.416    -- Read from C cache (1 bytes @ 0x00000526)
T538C 079:704.432   Data:  00
T538C 079:704.440 - 0.038ms returns 0
T538C 079:704.456 JLINK_IsHalted()
T538C 079:704.464 - 0.008ms returns TRUE
T538C 079:704.472 JLINK_ReadReg(XPSR)
T538C 079:704.480 - 0.008ms returns 0x21000000
T538C 079:704.496 JLINK_ReadReg(XPSR)
T538C 079:704.496 - 0.008ms returns 0x21000000
T538C 079:704.504 JLINK_ReadReg(R15 (PC))
T538C 079:704.520 - 0.008ms returns 0x00000526
T538C 079:704.528 JLINK_ReadReg(XPSR)
T538C 079:704.536 - 0.008ms returns 0x21000000
T538C 079:704.544 JLINK_ReadReg(XPSR)
T538C 079:704.552 - 0.008ms returns 0x21000000
T538C 079:704.560 JLINK_ReadMem(0x00000526, 0x1 Bytes, ...)
T538C 079:704.568    -- Read from C cache (1 bytes @ 0x00000526)
T538C 079:704.584   Data:  00
T538C 079:704.592 - 0.033ms returns 0
T538C 079:705.088 JLINK_ReadMem(0xE0001004, 0x4 Bytes, ...)
T538C 079:705.104   CPU_ReadMem(4 bytes @ 0xE0001004)
T538C 079:705.744   Data:  3B 18 01 33
T538C 079:705.776   Debug reg: DWT_CYCCNT
T538C 079:705.792 - 0.704ms returns 0
T16D4 079:867.264 JLINK_ReadMem(0x00000526, 0x4 Bytes, ...)
T16D4 079:867.312    -- Read from C cache (4 bytes @ 0x00000526)
T16D4 079:867.328   Data:  00 F0 77 F8
T16D4 079:867.344 - 0.079ms returns 0
T16D4 079:868.192 JLINK_ReadMem(0x200003C0, 0x40 Bytes, ...)
T16D4 079:868.224    -- Read from C cache (64 bytes @ 0x200003C0)
T16D4 079:868.240   Data:  01 02 4F 50 01 00 00 20 BC 03 00 20 80 04 00 20 ...
T16D4 079:868.248 - 0.058ms returns 0
T16D4 079:868.592 JLINK_ReadMem(0x000005F6, 0x4 Bytes, ...)
T16D4 079:868.632   CPU_ReadMem(64 bytes @ 0x000005C0)
T16D4 079:869.456    -- Updating C cache (64 bytes @ 0x000005C0)
T16D4 079:869.488    -- Read from C cache (4 bytes @ 0x000005F6)
T16D4 079:869.496   Data:  00 20 08 BD
T16D4 079:869.520 - 0.916ms returns 0
T4A28 082:755.152 JLINK_Halt()
T4A28 082:755.872 - 0.714ms returns 0x00
T4A28 082:755.912 JLINK_ReadReg(XPSR)
T4A28 082:755.928 - 0.021ms returns 0x21000000
T4A28 082:763.288 JLINK_Close()
T4A28 082:763.944   OnDisconnectTarget() start
T4A28 082:763.968    J-Link Script File: Executing OnDisconnectTarget()
T4A28 082:763.984   OnDisconnectTarget() end - Took 11us
T4A28 082:769.928 - 6.635ms
T4A28 082:769.960   
T4A28 082:769.976   Closed
