T257C 000:001.151   SEGGER J-Link V8.92 Log File
T257C 000:001.401   DLL Compiled: Dec  3 2025 16:42:11
T257C 000:001.421   Logging started @ 2026-03-11 13:36
T257C 000:001.441   Process: C:\Users\hseiyama\.eclipse\com.renesas.platform_1435879475\DebugComp\RA\e2-server-gdb.exe
T257C 000:001.471 - 1.456ms 
T257C 000:001.498 JLINK_GetDLLVersion()
T257C 000:001.507 - 0.010ms returns 89200
T257C 000:005.131 JLINK_OpenEx(...)
T257C 000:015.907   Firmware: J-Link V9 compiled May  7 2021 16:26:12
T257C 000:017.494   Firmware: J-Link V9 compiled May  7 2021 16:26:12
T257C 000:017.690   Decompressing FW timestamp took 162 us
T257C 000:025.441   Hardware: V9.60
T257C 000:025.477   S/N: 69657260
T257C 000:025.491   OEM: SEGGER
T257C 000:025.503   Feature(s): RDI, GDB, FlashDL, FlashBP, JFlash
T257C 000:026.975   Bootloader: (FW returned invalid version)
T257C 000:028.589   TELNET listener socket opened on port 19021
T257C 000:028.932   WEBSRV WEBSRV_Init(): Starting webserver thread(s)
T257C 000:029.225   WEBSRV Webserver running on local port 19080
T257C 000:029.437   Looking for J-Link GUI Server exe at: C:\Users\hseiyama\.eclipse\com.renesas.platform_1435879475\DebugComp\RA\ARM\Segger_v8.92.0\JLinkGUIServer.exe
T257C 000:029.840   Looking for J-Link GUI Server exe at: \JLinkGUIServer.exe
T257C 000:330.868   Failed to connect to J-Link GUI Server.
T257C 000:330.939 - 325.798ms returns "O.K."
T257C 000:331.160 JLINK_ExecCommand("ProjectFile=C:\Users\hseiyama\ra4m1_ws\e2_studio\simple_sci_uart/simple_sci_uart Debug_Flat.jlink", ...). 
T257C 000:358.706 - 27.549ms returns 0x00
T257C 000:359.381 JLINK_ExecCommand("device=R7FA4M1AB", ...). 
T257C 000:361.342   Device "R7FA4M1AB" selected.
T257C 000:361.819 - 2.415ms returns 0x00
T257C 000:361.871 JLINK_ExecCommand("SetCPUConnectIDCODE = FFFFFFFFFFFFFFFFFFFFFFFFFFFFFFFF", ...). 
T257C 000:361.909 - 0.007ms returns 0x00
T257C 000:361.954 JLINK_TIF_GetAvailable(...)
T257C 000:362.597 - 0.644ms 
T257C 000:362.661 JLINK_TIF_Select(JLINKARM_TIF_SWD)
T257C 000:364.748 - 2.097ms returns 0x00
T257C 000:364.781 JLINK_SetSpeed(4000)
T257C 000:365.112 - 0.334ms 
T257C 000:365.142 JLINK_SetEndian(ARM_ENDIAN_LITTLE)
T257C 000:365.152 - 0.009ms returns 0
T257C 000:365.167 JLINK_SetInitRegsOnReset(OFF)
T257C 000:365.181 - 0.014ms returns 1
T257C 000:365.195 JLINK_SetResetType(JLINKARM_RESET_TYPE_NO_RESET)
T257C 000:365.204 - 0.009ms returns JLINKARM_RESET_TYPE_NORMAL
T257C 000:365.216 JLINK_ExecCommand("EnableFlashBPs", ...). 
T257C 000:365.227 - 0.000ms returns 0x00
T257C 000:365.239 JLINK_ExecCommand("SetAllowFlashCache = 1", ...). 
T257C 000:365.251 - 0.001ms returns 0x01
T257C 000:365.262 JLINK_ExecCommand("SetRestartOnClose = 0", ...). 
T257C 000:365.275 - 0.002ms returns 0x01
T257C 000:365.286 JLINK_ExecCommand("SetAllowSimulation = 0", ...). 
T257C 000:365.298 - 0.001ms returns 0x01
T257C 000:365.309 JLINK_EnableSoftBPs(ON)
T257C 000:365.317 - 0.008ms 
T257C 000:365.333 JLINK_Connect()
T257C 000:365.942   InitTarget() start
T257C 000:365.977    J-Link Script File: Executing InitTarget()
T257C 000:366.002   Identifying target device...
T257C 000:366.021   SWD selected. Executing JTAG -> SWD switching sequence...
T257C 000:366.946   Initializing DAP...
T257C 000:368.898   DAP initialized successfully.
T257C 000:371.307   Low power mode detected. Waking device from low power mode.
T257C 000:376.437   InitTarget() end - Took 10.4ms
T257C 000:377.424   Found SW-DP with ID 0x5BA02477
T257C 000:380.670   DPIDR: 0x5BA02477
T257C 000:380.693   CoreSight SoC-400 or earlier
T257C 000:380.707   Scanning AP map to find all available APs
T257C 000:382.212   AP[2]: Stopped AP scan as end of AP map has been reached
T257C 000:382.234   AP[0]: AHB-AP (IDR: 0x24770011, ADDR: 0x00000000)
T257C 000:382.247   AP[1]: APB-AP (IDR: 0x44770002, ADDR: 0x01000000)
T257C 000:382.260   Iterating through AP map to find AHB-AP to use
T257C 000:383.388   AP[0]: Core found
T257C 000:383.411   AP[0]: AHB-AP ROM base: 0xE00FF000
T257C 000:383.959   CPUID register: 0x410FC241. Implementer code: 0x41 (ARM)
T257C 000:384.080   Found Cortex-M4 r0p1, Little endian.
T257C 000:384.882   -- Max. mem block: 0x00010C40
T257C 000:385.682   CPU_ReadMem(4 bytes @ 0xE000EDF0)
T257C 000:386.235   CPU_ReadMem(4 bytes @ 0xE0002000)
T257C 000:386.735   FPUnit: 6 code (BP) slots and 2 literal slots
T257C 000:386.756   CPU_ReadMem(4 bytes @ 0xE000EDFC)
T257C 000:387.238   CPU_ReadMem(4 bytes @ 0xE0001000)
T257C 000:387.731   CPU_WriteMem(4 bytes @ 0xE0001000)
T257C 000:388.235   CPU_ReadMem(4 bytes @ 0xE000ED88)
T257C 000:388.744   CPU_WriteMem(4 bytes @ 0xE000ED88)
T257C 000:389.245   CPU_ReadMem(4 bytes @ 0xE000ED88)
T257C 000:389.766   CPU_WriteMem(4 bytes @ 0xE000ED88)
T257C 000:390.415   CoreSight components:
T257C 000:390.447   ROMTbl[0] @ E00FF000
T257C 000:390.470   CPU_ReadMem(64 bytes @ 0xE00FF000)
T257C 000:391.299   CPU_ReadMem(32 bytes @ 0xE000EFE0)
T257C 000:391.998   [0][0]: E000E000 CID B105E00D PID 000BB00C SCS-M7
T257C 000:392.023   CPU_ReadMem(32 bytes @ 0xE0001FE0)
T257C 000:392.613   [0][1]: E0001000 CID B105E00D PID 003BB002 DWT
T257C 000:392.634   CPU_ReadMem(32 bytes @ 0xE0002FE0)
T257C 000:393.240   [0][2]: E0002000 CID B105E00D PID 002BB003 FPB
T257C 000:393.261   CPU_ReadMem(32 bytes @ 0xE0000FE0)
T257C 000:393.856   [0][3]: E0000000 CID B105E00D PID 003BB001 ITM
T257C 000:393.877   CPU_ReadMem(32 bytes @ 0xE0040FE0)
T257C 000:394.550   [0][4]: E0040000 CID B105900D PID 000BB9A1 TPIU
T257C 000:394.569   CPU_ReadMem(32 bytes @ 0xE0041FE0)
T257C 000:395.255   [0][5]: E0041000 CID B105900D PID 000BB925 ETM
T257C 000:395.275   CPU_ReadMem(32 bytes @ 0xE0042FE0)
T257C 000:395.863   [0][6]: E0042000 CID B105900D PID 002BB908 CSTF
T257C 000:395.887   CPU_ReadMem(32 bytes @ 0xE0043FE0)
T257C 000:396.552   [0][7]: E0043000 CID B105900D PID 001BB961 TMC
T257C 000:396.574   CPU_ReadMem(32 bytes @ 0xE0044FE0)
T257C 000:397.250   [0][8]: E0044000 CID B105F00D PID 001BB101 TSG
T257C 000:397.325 - 31.991ms returns 0x00
T257C 000:397.442 JLINK_Halt()
T257C 000:400.175 - 2.733ms returns 0x00
T257C 000:400.197 JLINK_IsHalted()
T257C 000:400.213 - 0.015ms returns TRUE
T257C 000:400.225 JLINK_ResetPullsRESET(ON)
T257C 000:400.234 - 0.009ms 
T257C 000:400.244 JLINK_Reset()
T257C 000:400.274   JLINK_GetResetTypeDesc
T257C 000:400.283   - 0.009ms 
T257C 000:400.293   Reset type: CONNECT UNDER RESET (https://kb.segger.com/J-Link_Reset_Strategies)
T257C 000:400.309   CPU_WriteMem(4 bytes @ 0xE000EDF0)
T257C 000:400.873   CPU_WriteMem(4 bytes @ 0xE000EDFC)
T257C 000:401.392   Reset: Halt core after reset via DEMCR.VC_CORERESET.
T257C 000:402.131   Reset: Reset device via AIRCR.SYSRESETREQ.
T257C 000:402.156   CPU_WriteMem(4 bytes @ 0xE000ED0C)
T257C 000:456.423   CPU_ReadMem(4 bytes @ 0xE000EDF0)
T257C 000:456.983   CPU_ReadMem(4 bytes @ 0xE000EDF0)
T257C 000:457.592   CPU_WriteMem(4 bytes @ 0xE000EDFC)
T257C 000:463.922   CPU_ReadMem(4 bytes @ 0xE000EDF0)
T257C 000:467.765   CPU_WriteMem(4 bytes @ 0xE0002000)
T257C 000:468.382   CPU_ReadMem(4 bytes @ 0xE000EDFC)
T257C 000:468.930   CPU_ReadMem(4 bytes @ 0xE0001000)
T257C 000:469.568 - 69.322ms 
T257C 000:469.735 JLINK_ReadMemEx(0x407FB19C, 0x8 Bytes, Flags = 0x00000004)
T257C 000:469.766   CPU_ReadMem(8 bytes @ 0x407FB19C)
T257C 000:470.280   Data:  00 3C 00 01 00 00 00 00
T257C 000:470.301 - 0.567ms returns 8 (0x8)
T257C 000:470.331 JLINK_ReadMem(0x01003C24, 0x10 Bytes, ...)
T257C 000:470.344   CPU_ReadMem(16 bytes @ 0x01003C24)
T257C 000:470.912   Data:  52 37 46 41 34 4D 31 41 42 33 43 46 4D 20 20 20
T257C 000:470.932 - 0.601ms returns 0
T257C 000:470.951 JLINK_IsHalted()
T257C 000:470.961 - 0.009ms returns TRUE
T257C 000:471.491 JLINK_IsHalted()
T257C 000:471.509 - 0.017ms returns TRUE
T257C 000:471.521 JLINK_MeasureCPUSpeed(RAMAddr = 0xFFFFFFFF)
T257C 000:471.534   CPU_ReadMem(16 bytes @ 0x20000000)
T257C 000:472.248   CPU_ReadMem(64 bytes @ 0x20000000)
T257C 000:473.018    -- Updating C cache (64 bytes @ 0x20000000)
T257C 000:473.040    -- Read from C cache (6 bytes @ 0x20000000)
T257C 000:473.068   CPU_ReadMem(4 bytes @ 0xE000ED90)
T257C 000:473.730   CPU_ReadMem(4 bytes @ 0xE000ED94)
T257C 000:474.227   CPU_WriteMem(16 bytes @ 0x20000000)
T257C 000:474.925   CPU_WriteMem(6 bytes @ 0x20000000)
T257C 000:475.577   CPU_ReadMem(64 bytes @ 0x20000000)
T257C 000:476.388    -- Updating C cache (64 bytes @ 0x20000000)
T257C 000:476.407    -- Read from C cache (6 bytes @ 0x20000000)
T257C 000:476.432   CPU_WriteMem(4 bytes @ 0xE0002008)
T257C 000:476.445   CPU_WriteMem(4 bytes @ 0xE000200C)
T257C 000:476.457   CPU_WriteMem(4 bytes @ 0xE0002010)
T257C 000:476.469   CPU_WriteMem(4 bytes @ 0xE0002014)
T257C 000:476.482   CPU_WriteMem(4 bytes @ 0xE0002018)
T257C 000:476.494   CPU_WriteMem(4 bytes @ 0xE000201C)
T257C 000:484.336   CPU_WriteMem(4 bytes @ 0xE0002008)
T257C 000:484.899   CPU_WriteMem(4 bytes @ 0xE000200C)
T257C 000:485.610   CPU_WriteMem(4 bytes @ 0xE0002010)
T257C 000:486.237   CPU_WriteMem(4 bytes @ 0xE0002014)
T257C 000:486.788   CPU_WriteMem(4 bytes @ 0xE0002018)
T257C 000:487.454   CPU_WriteMem(4 bytes @ 0xE000201C)
T257C 000:514.697   CPU_WriteMem(6 bytes @ 0x20000000)
T257C 000:515.368   ClockFreq: 514800 Hz
T257C 000:515.397 - 43.875ms returns 514800
T257C 000:515.434 JLINK_ReadReg(XPSR)
T257C 000:515.447 - 0.013ms returns 0x01000000
T20F0 002:912.506 JLINK_ResetPullsRESET(ON)
T20F0 002:912.598 - 0.092ms 
T20F0 002:912.615 JLINK_Halt()
T20F0 002:913.268 - 0.652ms returns 0x00
T20F0 002:913.303 JLINK_IsHalted()
T20F0 002:913.322 - 0.018ms returns TRUE
T20F0 002:913.339 JLINK_Reset()
T20F0 002:913.382   JLINK_GetResetTypeDesc
T20F0 002:913.399   - 0.017ms 
T20F0 002:913.413   Reset type: CONNECT UNDER RESET (https://kb.segger.com/J-Link_Reset_Strategies)
T20F0 002:913.428   CPU_WriteMem(4 bytes @ 0xE000EDF0)
T20F0 002:914.002   CPU_WriteMem(4 bytes @ 0xE000EDFC)
T20F0 002:914.650   Reset: Halt core after reset via DEMCR.VC_CORERESET.
T20F0 002:915.520   Reset: Reset device via AIRCR.SYSRESETREQ.
T20F0 002:915.546   CPU_WriteMem(4 bytes @ 0xE000ED0C)
T20F0 002:969.594   CPU_ReadMem(4 bytes @ 0xE000EDF0)
T20F0 002:970.261   CPU_ReadMem(4 bytes @ 0xE000EDF0)
T20F0 002:970.716   CPU_WriteMem(4 bytes @ 0xE000EDFC)
T20F0 002:977.527   CPU_ReadMem(4 bytes @ 0xE000EDF0)
T20F0 002:981.003   CPU_WriteMem(4 bytes @ 0xE0002000)
T20F0 002:981.658   CPU_ReadMem(4 bytes @ 0xE000EDFC)
T20F0 002:982.244   CPU_ReadMem(4 bytes @ 0xE0001000)
T20F0 002:982.921 - 69.581ms 
T20F0 002:982.970 JLINK_SetEndian(ARM_ENDIAN_LITTLE)
T20F0 002:982.980 - 0.009ms returns 0
T20F0 002:983.280 JLINK_BeginDownload(Flags = 0x00000000)
T20F0 002:983.317 - 0.037ms 
T20F0 002:992.998 JLINK_WriteMem(0x00000000, 0x50 Bytes, ...)
T20F0 002:993.044   Data:  08 04 00 20 6D 12 00 00 4D 11 00 00 69 12 00 00 ...
T20F0 002:993.570   completely In flash
T20F0 002:993.596 - 0.598ms returns 0x50
T20F0 002:994.090 JLINK_WriteMem(0x00000050, 0x3C Bytes, ...)
T20F0 002:994.113   Data:  01 00 00 00 80 00 00 00 02 00 00 00 60 00 00 00 ...
T20F0 002:994.144   completely In flash
T20F0 002:994.169 - 0.079ms returns 0x3C
T20F0 002:994.879 JLINK_WriteMem(0x00000400, 0x4 Bytes, ...)
T20F0 002:994.914   Data:  FF FF FF FF
T20F0 002:994.944   completely In flash
T20F0 002:994.958 - 0.079ms returns 0x4
T20F0 002:995.670 JLINK_WriteMem(0x00000404, 0x4 Bytes, ...)
T20F0 002:995.704   Data:  DF CF FF FF
T20F0 002:995.733   completely In flash
T20F0 002:995.758 - 0.087ms returns 0x4
T20F0 002:996.163 JLINK_WriteMem(0x00000440, 0x4 Bytes, ...)
T20F0 002:996.193   Data:  00 00 9B 00
T20F0 002:996.218   completely In flash
T20F0 002:996.238 - 0.074ms returns 0x4
T20F0 002:996.954 JLINK_WriteMem(0x00000444, 0xBBC Bytes, ...)
T20F0 002:996.985   Data:  03 48 04 4B 83 42 02 D0 03 4B 03 B1 18 47 70 47 ...
T20F0 002:997.013   completely In flash
T20F0 002:997.034 - 0.080ms returns 0xBBC
T20F0 002:997.565 JLINK_WriteMem(0x00001000, 0x540 Bytes, ...)
T20F0 002:997.588   Data:  7D F8 96 F8 80 34 01 2B FB D1 A4 E7 4F F4 7A 70 ...
T20F0 002:997.619   completely In flash
T20F0 002:997.633 - 0.068ms returns 0x540
T20F0 002:997.958 JLINK_WriteMem(0x00001540, 0x4 Bytes, ...)
T20F0 002:997.983   Data:  F8 B5 00 BF
T20F0 002:998.005   completely In flash
T20F0 002:998.023 - 0.065ms returns 0x4
T20F0 002:998.361 JLINK_WriteMem(0x00001544, 0x4 Bytes, ...)
T20F0 002:998.382   Data:  F8 B5 00 BF
T20F0 002:998.402   completely In flash
T20F0 002:998.422 - 0.061ms returns 0x4
T20F0 002:998.752 JLINK_WriteMem(0x00001548, 0x4 Bytes, ...)
T20F0 002:998.774   Data:  AD 04 00 00
T20F0 002:998.795   completely In flash
T20F0 002:998.813 - 0.062ms returns 0x4
T20F0 002:999.128 JLINK_WriteMem(0x0000154C, 0x4 Bytes, ...)
T20F0 002:999.148   Data:  85 04 00 00
T20F0 002:999.169   completely In flash
T20F0 002:999.187 - 0.060ms returns 0x4
T20F0 003:025.310 JLINK_EndDownload()
T20F0 003:025.945   HandleBeforeFlashProg() start
T20F0 003:025.976    J-Link Script File: Executing HandleBeforeFlashProg()
T20F0 003:026.004   CPU_ReadMem(2 bytes @ 0x40000D04)
T20F0 003:026.695   CPU_ReadMem(2 bytes @ 0x40000D14)
T20F0 003:027.240   HandleBeforeFlashProg() end - Took 1.26ms
T20F0 003:027.262   CPU_ReadMem(4 bytes @ 0xE000ED90)
T20F0 003:027.861   CPU_ReadMem(4 bytes @ 0xE000ED94)
T20F0 003:028.488    -- --------------------------------------
T20F0 003:028.516    -- Flash bank @ 0x00000000: Default: L2 verify disabled because algorithm performs L1 verify
T20F0 003:028.534    -- Start of determining dirty areas in flash cache
T20F0 003:028.556    -- Filling invalid ranges in sector buffer (flash cache) for sector @ 0x00000000 if necessary
T20F0 003:028.572    -- Filling invalid ranges in sector buffer (flash cache) for sector @ 0x00000800 if necessary
T20F0 003:028.588    -- Filling invalid ranges in sector buffer (flash cache) for sector @ 0x00001000 if necessary
T20F0 003:028.651    -- End of determining dirty areas
T20F0 003:028.664    -- Start of preparing flash programming
T20F0 003:028.681    -- Calculating RAM usage
T20F0 003:028.822    -- RAM usage = 3572 Bytes
T20F0 003:028.835    -- Preserving CPU registers
T20F0 003:028.880    -- Determining CPU clock frequency
T20F0 003:067.875    -- Preparing target
T20F0 003:074.486    -- Preserving target RAM temporarily used for programming
T20F0 003:090.965    -- Downloading RAMCode
T20F0 003:110.808    -- Preparing RAMCode
T20F0 003:117.373    -- CPU frequency = 8000 kHz
T20F0 003:117.461    -- End of preparing flash programming
T20F0 003:117.513   
  ***** Warning: 
T20F0 003:117.550   CPU is running at low speed (8000 kHz).
T20F0 003:117.587    -- CPU is running at 8000 kHz.
T20F0 003:117.633    -- Start of comparing flash
T20F0 003:117.674    -- CRC check was estimated as fastest method
T20F0 003:117.707    -- Comparing range 0x0000 - 0x17FF (3 Sectors, 6 KB), using multi-block CRC calculation
T20F0 003:135.185    -- All CRCs match
T20F0 003:135.308    -- Comparing range 0x0000 - 0x17FF (3 Sectors, 6 KB), using alternative multi-block CRC calculation
T20F0 003:152.744    -- All CRCs match
T20F0 003:152.793    -- End of comparing flash
T20F0 003:152.813    -- Start of erasing sectors
T20F0 003:152.827    -- End of erasing sectors
T20F0 003:152.840    -- Start of flash programming
T20F0 003:152.854    -- End of flash programming
T20F0 003:152.866    -- Start of restoring
T20F0 003:152.882    -- Restoring RAMCode
T20F0 003:156.600    -- Restoring target memory
T20F0 003:170.034    -- Restore target
T20F0 003:174.368    -- Restoring CPU registers
T20F0 003:174.417    -- End of restoring
T20F0 003:174.435    -- Bank 0 @ 0x00000000: Skipped. Contents already match
T20F0 003:174.449    -- Bank 0 @ 0x00000000: Skipped. Contents already match
T20F0 003:174.473   HandleAfterFlashProg() start
T20F0 003:174.487    J-Link Script File: Executing HandleAfterFlashProg()
T20F0 003:174.500   HandleAfterFlashProg() end - Took 12us
T20F0 003:174.868 - 149.557ms returns 0 (0x0)
T20F0 003:175.506 JLINK_WriteReg(R15 (PC), 0x0000126C)
T20F0 003:175.534 - 0.028ms returns 0
T20F0 003:175.546 JLINK_WriteReg(XPSR, 0x01000000)
T20F0 003:175.555 - 0.009ms returns 0
T20F0 003:176.814 JLINK_ResetPullsRESET(ON)
T20F0 003:176.842 - 0.028ms 
T20F0 003:176.858 JLINK_Halt()
T20F0 003:176.874 - 0.015ms returns 0x00
T20F0 003:176.891 JLINK_IsHalted()
T20F0 003:176.926 - 0.035ms returns TRUE
T20F0 003:176.940 JLINK_Reset()
T20F0 003:176.958   JLINK_GetResetTypeDesc
T20F0 003:176.966   - 0.009ms 
T20F0 003:176.978   Reset type: CONNECT UNDER RESET (https://kb.segger.com/J-Link_Reset_Strategies)
T20F0 003:176.990   CPU_WriteMem(4 bytes @ 0xE000EDF0)
T20F0 003:177.528   CPU_WriteMem(4 bytes @ 0xE000EDFC)
T20F0 003:178.140   Reset: Halt core after reset via DEMCR.VC_CORERESET.
T20F0 003:178.910   Reset: Reset device via AIRCR.SYSRESETREQ.
T20F0 003:178.934   CPU_WriteMem(4 bytes @ 0xE000ED0C)
T20F0 003:233.704   CPU_ReadMem(4 bytes @ 0xE000EDF0)
T20F0 003:234.410   CPU_ReadMem(4 bytes @ 0xE000EDF0)
T20F0 003:235.008   CPU_WriteMem(4 bytes @ 0xE000EDFC)
T20F0 003:241.528   CPU_ReadMem(4 bytes @ 0xE000EDF0)
T20F0 003:245.867   CPU_WriteMem(4 bytes @ 0xE0002000)
T20F0 003:246.781   CPU_ReadMem(4 bytes @ 0xE000EDFC)
T20F0 003:247.390   CPU_ReadMem(4 bytes @ 0xE0001000)
T20F0 003:247.888 - 70.947ms 
T20F0 003:247.947 JLINK_SetEndian(ARM_ENDIAN_LITTLE)
T20F0 003:247.957 - 0.010ms returns 0
T20F0 003:274.037 JLINK_ReadMem(0x0000126C, 0x4 Bytes, ...)
T20F0 003:274.116    -- Read from flash cache (4 bytes @ 0x0000126C)
T20F0 003:274.137   Data:  08 B5 00 F0
T20F0 003:274.160 - 0.124ms returns 0
T20F0 003:282.256 JLINK_ReadMem(0x0000126C, 0x4 Bytes, ...)
T20F0 003:282.346    -- Read from flash cache (4 bytes @ 0x0000126C)
T20F0 003:282.368   Data:  08 B5 00 F0
T20F0 003:282.390 - 0.135ms returns 0
T20F0 003:688.716 JLINK_GetNumBPUnits(Type = 0xFFFFFF00)
T20F0 003:688.942 - 0.229ms returns 0x06
T20F0 003:688.964 JLINK_GetNumWPUnits()
T20F0 003:688.978 - 0.013ms returns 4
T20F0 003:689.018 JLINK_GetNumBPUnits(Type = 0xFFFFFF00)
T20F0 003:689.032 - 0.013ms returns 0x06
T20F0 003:689.046 JLINK_GetNumWPUnits()
T20F0 003:689.058 - 0.012ms returns 4
T20F0 003:689.079 JLINK_GetNumBPUnits(Type = 0xFFFFFF00)
T20F0 003:689.102 - 0.023ms returns 0x06
T20F0 003:689.124 JLINK_GetNumWPUnits()
T20F0 003:689.147 - 0.022ms returns 4
T20F0 003:689.256 JLINK_SetBPEx(Addr = 0x00000644, Type = 0xFFFFFF00)
T20F0 003:689.289 - 0.032ms returns 0x00000001
T20F0 003:689.313 JLINK_ClrBPEx(BPHandle = 0x00000001)
T20F0 003:689.330 - 0.016ms returns 0x00
T20F0 003:704.980 JLINK_ReadMem(0x00000640, 0x40 Bytes, ...)
T20F0 003:705.049    -- Read from flash cache (64 bytes @ 0x00000640)
T20F0 003:705.064   Data:  78 04 00 20 08 B5 FF F7 69 FF 00 20 08 BD 00 BF ...
T20F0 003:705.078 - 0.098ms returns 0
T20F0 003:706.164 JLINK_ReadMem(0x00000644, 0x2 Bytes, ...)
T20F0 003:706.192    -- Read from flash cache (2 bytes @ 0x00000644)
T20F0 003:706.212   Data:  08 B5
T20F0 003:706.237 - 0.073ms returns 0
T20F0 003:706.930 JLINK_SetBPEx(Addr = 0x00000644, Type = 0xFFFFFF00)
T20F0 003:706.976 - 0.046ms returns 0x00000002
T20F0 003:816.641 JLINK_ReadRegs(NumRegs = 20)
T20F0 003:816.737   
  R0 (0)        = 0x3FFF               R1 (1)        = 0x40044400           R2 (2)        = 0x00                 R3 (3)        = 0x00              
  R4 (4)        = 0x20000964           R5 (5)        = 0x20000984           R6 (6)        = 0x20000984           R7 (7)        = 0x20000468        
  R8 (8)        = 0x20000458           R9 (9)        = 0xC54B3BBD           R10 (10)      = 0x1DFF68B9           R11 (11)      = 0x6F939966        
  R12 (12)      = 0x200008E8           R13 (SP) (13) = 0x20000408           R14 (14)      = 0xFFFFFFFF           R15 (PC) (15) = 0x126C            
  XPSR (16)     = 0x1000000            MSP (17)      = 0x20000408           PSP (18)      = 0x2D56EC28           CFBP (20)     = 0x00              
T20F0 003:816.764 - 0.123ms returns 0x00
T20F0 003:820.596 JLINK_ReadMem(0x0000126C, 0x4 Bytes, ...)
T20F0 003:820.720    -- Read from flash cache (4 bytes @ 0x0000126C)
T20F0 003:820.735   Data:  08 B5 00 F0
T20F0 003:820.754 - 0.163ms returns 0
T4A6C 003:862.476 JLINK_GetNumBPUnits(Type = 0xFFFFFF00)
T4A6C 003:862.550 - 0.074ms returns 0x06
T4A6C 003:862.570 JLINK_GetNumWPUnits()
T4A6C 003:862.586 - 0.015ms returns 4
T4A6C 003:862.968 JLINK_GetNumBPUnits(Type = 0xFFFFFF00)
T4A6C 003:862.996 - 0.027ms returns 0x06
T4A6C 003:863.012 JLINK_GetNumWPUnits()
T4A6C 003:863.026 - 0.014ms returns 4
T4A6C 003:863.405 JLINK_GetNumBPUnits(Type = 0xFFFFFF00)
T4A6C 003:863.434 - 0.029ms returns 0x06
T4A6C 003:863.450 JLINK_GetNumWPUnits()
T4A6C 003:863.464 - 0.013ms returns 4
T4A6C 003:864.064 JLINK_GetNumBPUnits(Type = 0xFFFFFF00)
T4A6C 003:864.088 - 0.024ms returns 0x06
T4A6C 003:864.098 JLINK_GetNumWPUnits()
T4A6C 003:864.107 - 0.008ms returns 4
T4A6C 003:865.205 JLINK_GetNumBPUnits(Type = 0xFFFFFF00)
T4A6C 003:865.240 - 0.034ms returns 0x06
T4A6C 003:865.256 JLINK_GetNumWPUnits()
T4A6C 003:865.269 - 0.013ms returns 4
T4A6C 003:866.380 JLINK_GetNumBPUnits(Type = 0xFFFFFF00)
T4A6C 003:866.416 - 0.036ms returns 0x06
T4A6C 003:866.433 JLINK_GetNumWPUnits()
T4A6C 003:866.442 - 0.008ms returns 4
T4A6C 003:867.460 JLINK_GetNumBPUnits(Type = 0xFFFFFF00)
T4A6C 003:867.494 - 0.034ms returns 0x06
T4A6C 003:867.511 JLINK_GetNumWPUnits()
T4A6C 003:867.525 - 0.014ms returns 4
T4A6C 003:867.906 JLINK_GetNumBPUnits(Type = 0xFFFFFF00)
T4A6C 003:867.933 - 0.027ms returns 0x06
T4A6C 003:867.948 JLINK_GetNumWPUnits()
T4A6C 003:867.961 - 0.012ms returns 4
T20F0 003:896.907 JLINK_ReadMem(0x0000126C, 0x4 Bytes, ...)
T20F0 003:896.972    -- Read from flash cache (4 bytes @ 0x0000126C)
T20F0 003:896.992   Data:  08 B5 00 F0
T20F0 003:897.014 - 0.108ms returns 0
T20F0 004:497.454 JLINK_ReadMem(0x00001240, 0x40 Bytes, ...)
T20F0 004:497.519    -- Read from flash cache (64 bytes @ 0x00001240)
T20F0 004:497.545   Data:  9B B2 A4 F8 FE 33 32 F8 10 30 01 33 9B B2 22 F8 ...
T20F0 004:497.566 - 0.113ms returns 0
T20F0 004:671.321 JLINK_ReadMem(0x00001240, 0x40 Bytes, ...)
T20F0 004:671.373    -- Read from flash cache (64 bytes @ 0x00001240)
T20F0 004:671.389   Data:  9B B2 A4 F8 FE 33 32 F8 10 30 01 33 9B B2 22 F8 ...
T20F0 004:671.402 - 0.081ms returns 0
T20F0 004:672.147 JLINK_ReadMem(0x00001280, 0x40 Bytes, ...)
T20F0 004:672.198    -- Read from flash cache (64 bytes @ 0x00001280)
T20F0 004:672.248   Data:  A6 B1 7C 68 06 EB 46 06 04 EB 86 06 02 E0 0C 34 ...
T20F0 004:672.287 - 0.141ms returns 0
T20F0 004:674.810 JLINK_ReadMem(0x000012C0, 0x40 Bytes, ...)
T20F0 004:674.853    -- Read from flash cache (64 bytes @ 0x000012C0)
T20F0 004:674.874   Data:  AB 42 F9 D1 D4 E9 00 02 A1 68 12 1A 10 34 00 F0 ...
T20F0 004:674.896 - 0.086ms returns 0
T20F0 004:751.825 JLINK_ReadMem(0x00001280, 0x40 Bytes, ...)
T20F0 004:751.889    -- Read from flash cache (64 bytes @ 0x00001280)
T20F0 004:751.913   Data:  A6 B1 7C 68 06 EB 46 06 04 EB 86 06 02 E0 0C 34 ...
T20F0 004:751.933 - 0.108ms returns 0
T20F0 004:752.263 JLINK_ReadMem(0x00001240, 0x40 Bytes, ...)
T20F0 004:752.289    -- Read from flash cache (64 bytes @ 0x00001240)
T20F0 004:752.310   Data:  9B B2 A4 F8 FE 33 32 F8 10 30 01 33 9B B2 22 F8 ...
T20F0 004:752.329 - 0.066ms returns 0
T20F0 017:301.340 JLINK_IsHalted()
T20F0 017:302.052 - 0.711ms returns TRUE
T20F0 017:302.100 JLINK_GoEx(MaxEmulInsts = 0, Flags = 0x01)
T20F0 017:302.132   CPU_WriteMem(4 bytes @ 0xE0002000)
T20F0 017:302.812   CPU_ReadMem(4 bytes @ 0xE0001000)
T20F0 017:303.418   CPU_WriteMem(4 bytes @ 0xE0002008)
T20F0 017:303.444   CPU_WriteMem(4 bytes @ 0xE000200C)
T20F0 017:303.456   CPU_WriteMem(4 bytes @ 0xE0002010)
T20F0 017:303.468   CPU_WriteMem(4 bytes @ 0xE0002014)
T20F0 017:303.480   CPU_WriteMem(4 bytes @ 0xE0002018)
T20F0 017:303.492   CPU_WriteMem(4 bytes @ 0xE000201C)
T20F0 017:304.932   CPU_WriteMem(4 bytes @ 0xE0001004)
T20F0 017:306.076   Memory map 'after startup completion point' is active
T20F0 017:306.104 - 4.006ms 
T20F0 017:414.260 JLINK_IsHalted()
T20F0 017:417.378 - 3.116ms returns TRUE
T20F0 017:417.416 JLINK_ReadReg(XPSR)
T20F0 017:417.428 - 0.012ms returns 0x61000000
T20F0 017:417.440 JLINK_ReadReg(R15 (PC))
T20F0 017:417.456 - 0.016ms returns 0x00000644
T20F0 017:417.472 JLINK_ReadReg(XPSR)
T20F0 017:417.482 - 0.008ms returns 0x61000000
T20F0 017:417.492 JLINK_ReadReg(XPSR)
T20F0 017:417.500 - 0.008ms returns 0x61000000
T20F0 017:417.510 JLINK_ReadReg(R15 (PC))
T20F0 017:417.518 - 0.008ms returns 0x00000644
T20F0 017:417.530 JLINK_ReadReg(XPSR)
T20F0 017:417.538 - 0.008ms returns 0x61000000
T20F0 017:417.548 JLINK_ReadReg(XPSR)
T20F0 017:417.556 - 0.008ms returns 0x61000000
T20F0 017:417.566 JLINK_ReadMem(0x00000644, 0x1 Bytes, ...)
T20F0 017:417.578    -- Read from flash cache (1 bytes @ 0x00000644)
T20F0 017:417.592   Data:  08
T20F0 017:417.604 - 0.037ms returns 0
T20F0 017:417.614 JLINK_IsHalted()
T20F0 017:417.624 - 0.008ms returns TRUE
T20F0 017:417.634 JLINK_ReadReg(XPSR)
T20F0 017:417.642 - 0.008ms returns 0x61000000
T20F0 017:417.652 JLINK_ReadReg(XPSR)
T20F0 017:417.660 - 0.008ms returns 0x61000000
T20F0 017:417.670 JLINK_ReadReg(R15 (PC))
T20F0 017:417.678 - 0.008ms returns 0x00000644
T20F0 017:417.688 JLINK_ReadReg(XPSR)
T20F0 017:417.698 - 0.008ms returns 0x61000000
T20F0 017:417.708 JLINK_ReadReg(XPSR)
T20F0 017:417.716 - 0.008ms returns 0x61000000
T20F0 017:417.724 JLINK_ReadMem(0x00000644, 0x1 Bytes, ...)
T20F0 017:417.734    -- Read from flash cache (1 bytes @ 0x00000644)
T20F0 017:417.746   Data:  08
T20F0 017:417.758 - 0.033ms returns 0
T20F0 017:417.836 JLINK_IsHalted()
T20F0 017:417.848 - 0.010ms returns TRUE
T20F0 017:417.858 JLINK_ReadReg(XPSR)
T20F0 017:417.866 - 0.008ms returns 0x61000000
T20F0 017:417.876 JLINK_ReadReg(R15 (PC))
T20F0 017:417.884 - 0.008ms returns 0x00000644
T20F0 017:417.896 JLINK_ReadReg(XPSR)
T20F0 017:417.904 - 0.008ms returns 0x61000000
T20F0 017:417.914 JLINK_ReadReg(XPSR)
T20F0 017:417.922 - 0.008ms returns 0x61000000
T20F0 017:417.932 JLINK_ReadReg(R15 (PC))
T20F0 017:417.940 - 0.008ms returns 0x00000644
T20F0 017:417.952 JLINK_ReadReg(XPSR)
T20F0 017:417.960 - 0.008ms returns 0x61000000
T20F0 017:417.970 JLINK_ReadReg(XPSR)
T20F0 017:417.978 - 0.008ms returns 0x61000000
T20F0 017:417.988 JLINK_ReadMem(0x00000644, 0x1 Bytes, ...)
T20F0 017:417.996    -- Read from flash cache (1 bytes @ 0x00000644)
T20F0 017:418.008   Data:  08
T20F0 017:418.020 - 0.032ms returns 0
T20F0 017:418.030 JLINK_IsHalted()
T20F0 017:418.038 - 0.008ms returns TRUE
T20F0 017:418.048 JLINK_ReadReg(XPSR)
T20F0 017:418.056 - 0.008ms returns 0x61000000
T20F0 017:418.068 JLINK_ReadReg(XPSR)
T20F0 017:418.076 - 0.008ms returns 0x61000000
T20F0 017:418.084 JLINK_ReadReg(R15 (PC))
T20F0 017:418.092 - 0.008ms returns 0x00000644
T20F0 017:418.102 JLINK_ReadReg(XPSR)
T20F0 017:418.112 - 0.008ms returns 0x61000000
T20F0 017:418.132 JLINK_ReadReg(XPSR)
T20F0 017:418.140 - 0.008ms returns 0x61000000
T20F0 017:418.148 JLINK_ReadMem(0x00000644, 0x1 Bytes, ...)
T20F0 017:418.158    -- Read from flash cache (1 bytes @ 0x00000644)
T20F0 017:418.170   Data:  08
T20F0 017:418.180 - 0.032ms returns 0
T20F0 017:419.036 JLINK_ReadRegs(NumRegs = 20)
T20F0 017:419.076   
  R0 (0)        = 0x00                 R1 (1)        = 0x14DC               R2 (2)        = 0xAB                 R3 (3)        = 0x04              
  R4 (4)        = 0x20000964           R5 (5)        = 0x20000984           R6 (6)        = 0x20000984           R7 (7)        = 0x20000468        
  R8 (8)        = 0x20000458           R9 (9)        = 0xC54B3BBD           R10 (10)      = 0x1DFF68B9           R11 (11)      = 0x6F939966        
  R12 (12)      = 0x30                 R13 (SP) (13) = 0x20000400           R14 (14)      = 0x1277               R15 (PC) (15) = 0x644             
  XPSR (16)     = 0x61000000           MSP (17)      = 0x20000400           PSP (18)      = 0x2D56EC28           CFBP (20)     = 0x00              
T20F0 017:419.092 - 0.056ms returns 0x00
T20F0 017:420.730 JLINK_ReadMem(0x00000644, 0x4 Bytes, ...)
T20F0 017:420.774    -- Read from flash cache (4 bytes @ 0x00000644)
T20F0 017:420.788   Data:  08 B5 FF F7
T20F0 017:420.802 - 0.073ms returns 0
T20F0 017:422.008 JLINK_ClrBPEx(BPHandle = 0x00000002)
T20F0 017:422.048 - 0.039ms returns 0x00
T4A6C 017:423.748 JLINK_IsHalted()
T4A6C 017:423.780 - 0.030ms returns TRUE
T4A6C 017:423.794 JLINK_ReadReg(XPSR)
T4A6C 017:423.804 - 0.011ms returns 0x61000000
T4A6C 017:423.816 JLINK_ReadReg(R15 (PC))
T4A6C 017:423.826 - 0.009ms returns 0x00000644
T4A6C 017:423.836 JLINK_ReadReg(XPSR)
T4A6C 017:423.846 - 0.008ms returns 0x61000000
T4A6C 017:423.856 JLINK_ReadReg(XPSR)
T4A6C 017:423.866 - 0.008ms returns 0x61000000
T4A6C 017:423.876 JLINK_ReadReg(R15 (PC))
T4A6C 017:423.884 - 0.008ms returns 0x00000644
T4A6C 017:423.894 JLINK_ReadReg(XPSR)
T4A6C 017:423.902 - 0.008ms returns 0x61000000
T4A6C 017:423.912 JLINK_ReadReg(XPSR)
T4A6C 017:423.920 - 0.008ms returns 0x61000000
T4A6C 017:423.932 JLINK_ReadMem(0x00000644, 0x1 Bytes, ...)
T4A6C 017:423.942    -- Read from flash cache (1 bytes @ 0x00000644)
T4A6C 017:423.956   Data:  08
T4A6C 017:423.968 - 0.036ms returns 0
T4A6C 017:423.978 JLINK_IsHalted()
T4A6C 017:423.986 - 0.008ms returns TRUE
T4A6C 017:423.996 JLINK_ReadReg(XPSR)
T4A6C 017:424.004 - 0.008ms returns 0x61000000
T4A6C 017:424.014 JLINK_ReadReg(XPSR)
T4A6C 017:424.022 - 0.008ms returns 0x61000000
T4A6C 017:424.032 JLINK_ReadReg(R15 (PC))
T4A6C 017:424.042 - 0.008ms returns 0x00000644
T4A6C 017:424.052 JLINK_ReadReg(XPSR)
T4A6C 017:424.060 - 0.008ms returns 0x61000000
T4A6C 017:424.068 JLINK_ReadReg(XPSR)
T4A6C 017:424.076 - 0.008ms returns 0x61000000
T4A6C 017:424.088 JLINK_ReadMem(0x00000644, 0x1 Bytes, ...)
T4A6C 017:424.096    -- Read from flash cache (1 bytes @ 0x00000644)
T4A6C 017:424.108   Data:  08
T4A6C 017:424.138 - 0.050ms returns 0
T4A6C 017:424.194 JLINK_ReadMem(0xE0001000, 0x4 Bytes, ...)
T4A6C 017:424.214   CPU_ReadMem(4 bytes @ 0xE0001000)
T4A6C 017:424.720   Data:  01 00 00 40
T4A6C 017:424.740   Debug reg: DWT_CTRL
T4A6C 017:424.750 - 0.557ms returns 0
T4A6C 017:424.778 JLINK_WriteMem(0xE0001FB0, 0x8 Bytes, ...)
T4A6C 017:424.788   Data:  00 00 00 00 55 CE AC C5
T4A6C 017:425.084   CPU_WriteMem(8 bytes @ 0xE0001FB0)
T4A6C 017:425.774 - 0.997ms returns 0x8
T4A6C 017:425.826 JLINK_ReadMem(0xE000EDFC, 0x4 Bytes, ...)
T4A6C 017:425.850   CPU_ReadMem(4 bytes @ 0xE000EDFC)
T4A6C 017:426.436   Data:  00 00 00 01
T4A6C 017:426.462   Debug reg: DEMCR
T4A6C 017:426.476 - 0.650ms returns 0
T4A6C 017:427.228 JLINK_ReadMem(0xE0001004, 0x4 Bytes, ...)
T4A6C 017:427.248   CPU_ReadMem(4 bytes @ 0xE0001004)
T4A6C 017:427.746   Data:  7E 4F 00 00
T4A6C 017:427.764   Debug reg: DWT_CYCCNT
T4A6C 017:427.776 - 0.547ms returns 0
T20F0 017:460.852 JLINK_ReadMem(0x00000644, 0x4 Bytes, ...)
T20F0 017:460.902    -- Read from flash cache (4 bytes @ 0x00000644)
T20F0 017:460.916   Data:  08 B5 FF F7
T20F0 017:460.932 - 0.080ms returns 0
T20F0 017:462.036 JLINK_ReadMem(0x00000640, 0x40 Bytes, ...)
T20F0 017:462.076    -- Read from flash cache (64 bytes @ 0x00000640)
T20F0 017:462.090   Data:  78 04 00 20 08 B5 FF F7 69 FF 00 20 08 BD 00 BF ...
T20F0 017:462.102 - 0.066ms returns 0
T20F0 017:462.420 JLINK_ReadMem(0x00000600, 0x40 Bytes, ...)
T20F0 017:462.454    -- Read from flash cache (64 bytes @ 0x00000600)
T20F0 017:462.468   Data:  6C 14 00 00 58 14 00 00 78 04 00 20 68 04 00 20 ...
T20F0 017:462.480 - 0.061ms returns 0
T20F0 017:540.770 JLINK_ReadMem(0x00000640, 0x40 Bytes, ...)
T20F0 017:540.824    -- Read from flash cache (64 bytes @ 0x00000640)
T20F0 017:540.848   Data:  78 04 00 20 08 B5 FF F7 69 FF 00 20 08 BD 00 BF ...
T20F0 017:540.868 - 0.098ms returns 0
T20F0 017:548.814 JLINK_ReadMem(0x00000680, 0x40 Bytes, ...)
T20F0 017:548.868    -- Read from flash cache (64 bytes @ 0x00000680)
T20F0 017:548.892   Data:  03 03 02 2B 06 D0 03 6A 0A 78 DA 70 00 20 5D F8 ...
T20F0 017:548.912 - 0.098ms returns 0
T20F0 017:591.582 JLINK_ReadMem(0x000006C0, 0x40 Bytes, ...)
T20F0 017:591.630    -- Read from flash cache (64 bytes @ 0x000006C0)
T20F0 017:591.652   Data:  EB 69 1B 78 23 60 A7 60 84 F8 04 C0 EB 6A E3 60 ...
T20F0 017:591.674 - 0.091ms returns 0
T20F0 017:827.916 JLINK_ReadMem(0x00000640, 0x40 Bytes, ...)
T20F0 017:827.988    -- Read from flash cache (64 bytes @ 0x00000640)
T20F0 017:828.002   Data:  78 04 00 20 08 B5 FF F7 69 FF 00 20 08 BD 00 BF ...
T20F0 017:828.014 - 0.100ms returns 0
T20F0 017:891.412 JLINK_ReadMem(0x00000640, 0x40 Bytes, ...)
T20F0 017:891.458    -- Read from flash cache (64 bytes @ 0x00000640)
T20F0 017:891.472   Data:  78 04 00 20 08 B5 FF F7 69 FF 00 20 08 BD 00 BF ...
T20F0 017:891.488 - 0.078ms returns 0
T20F0 019:565.926 JLINK_ReadMem(0xE0001004, 0x4 Bytes, ...)
T20F0 019:566.008   Data:  7E 4F 00 00
T20F0 019:566.036   Debug reg: DWT_CYCCNT
T20F0 019:566.056 - 0.131ms returns 0
T20F0 019:566.078 JLINK_IsHalted()
T20F0 019:566.838 - 0.758ms returns TRUE
T20F0 019:567.468 JLINK_ReadMem(0xE0001004, 0x4 Bytes, ...)
T20F0 019:567.506   Data:  7E 4F 00 00
T20F0 019:567.518   Debug reg: DWT_CYCCNT
T20F0 019:567.532 - 0.064ms returns 0
T20F0 019:567.542 JLINK_GoEx(MaxEmulInsts = 0, Flags = 0x01)
T20F0 019:567.564   CPU_ReadMem(4 bytes @ 0xE0001000)
T20F0 019:568.092   CPU_WriteMem(4 bytes @ 0xE0002008)
T20F0 019:569.268 - 1.726ms 
T20F0 019:665.116 JLINK_IsHalted()
T20F0 019:665.726 - 0.608ms returns FALSE
T20F0 019:665.756 JLINK_IsHalted()
T20F0 019:666.356 - 0.598ms returns FALSE
T20F0 019:774.484 JLINK_IsHalted()
T20F0 019:775.406 - 0.920ms returns FALSE
T20F0 019:775.456 JLINK_IsHalted()
T20F0 019:776.250 - 0.793ms returns FALSE
T20F0 019:883.870 JLINK_IsHalted()
T20F0 019:884.882 - 1.011ms returns FALSE
T20F0 019:884.932 JLINK_IsHalted()
T20F0 019:885.546 - 0.612ms returns FALSE
T20F0 019:992.772 JLINK_IsHalted()
T20F0 019:993.626 - 0.853ms returns FALSE
T20F0 019:993.672 JLINK_IsHalted()
T20F0 019:994.388 - 0.713ms returns FALSE
T20F0 020:102.652 JLINK_IsHalted()
T20F0 020:103.506 - 0.853ms returns FALSE
T20F0 020:103.534 JLINK_IsHalted()
T20F0 020:104.204 - 0.668ms returns FALSE
T20F0 020:211.242 JLINK_IsHalted()
T20F0 020:211.962 - 0.720ms returns FALSE
T20F0 020:211.990 JLINK_IsHalted()
T20F0 020:212.700 - 0.708ms returns FALSE
T20F0 020:320.804 JLINK_IsHalted()
T20F0 020:321.684 - 0.877ms returns FALSE
T20F0 020:321.736 JLINK_IsHalted()
T20F0 020:322.460 - 0.721ms returns FALSE
T20F0 020:430.658 JLINK_IsHalted()
T20F0 020:431.702 - 1.044ms returns FALSE
T20F0 020:431.738 JLINK_IsHalted()
T20F0 020:432.430 - 0.691ms returns FALSE
T20F0 020:540.100 JLINK_IsHalted()
T20F0 020:541.162 - 1.061ms returns FALSE
T20F0 020:541.208 JLINK_IsHalted()
T20F0 020:541.838 - 0.630ms returns FALSE
T4A6C 020:567.320 JLINK_IsHalted()
T4A6C 020:568.186 - 0.866ms returns FALSE
T4A6C 020:568.214 JLINK_IsHalted()
T4A6C 020:568.814 - 0.599ms returns FALSE
T20F0 020:649.020 JLINK_IsHalted()
T20F0 020:650.012 - 0.992ms returns FALSE
T20F0 020:650.042 JLINK_IsHalted()
T20F0 020:650.798 - 0.755ms returns FALSE
T20F0 020:758.696 JLINK_IsHalted()
T20F0 020:759.640 - 0.941ms returns FALSE
T20F0 020:759.690 JLINK_IsHalted()
T20F0 020:760.482 - 0.791ms returns FALSE
T20F0 020:867.778 JLINK_IsHalted()
T20F0 020:868.876 - 1.097ms returns FALSE
T20F0 020:868.922 JLINK_IsHalted()
T20F0 020:869.628 - 0.704ms returns FALSE
T20F0 020:977.388 JLINK_IsHalted()
T20F0 020:978.316 - 0.929ms returns FALSE
T20F0 020:978.368 JLINK_IsHalted()
T20F0 020:978.988 - 0.621ms returns FALSE
T20F0 021:086.628 JLINK_IsHalted()
T20F0 021:087.574 - 0.942ms returns FALSE
T20F0 021:087.628 JLINK_IsHalted()
T20F0 021:088.490 - 0.863ms returns FALSE
T20F0 021:141.740 JLINK_IsHalted()
T20F0 021:142.500 - 0.759ms returns FALSE
T20F0 021:142.530 JLINK_IsHalted()
T20F0 021:143.146 - 0.614ms returns FALSE
T20F0 021:143.196 JLINK_IsHalted()
T20F0 021:143.822 - 0.625ms returns FALSE
T20F0 021:143.850 JLINK_IsHalted()
T20F0 021:144.448 - 0.596ms returns FALSE
T20F0 021:144.484 JLINK_Halt()
T20F0 021:147.540 - 3.055ms returns 0x00
T20F0 021:147.632 JLINK_IsHalted()
T20F0 021:147.642 - 0.009ms returns TRUE
T20F0 021:147.654 JLINK_ReadReg(XPSR)
T20F0 021:147.668 - 0.011ms returns 0x21000000
T20F0 021:147.678 JLINK_ReadReg(R15 (PC))
T20F0 021:147.700 - 0.023ms returns 0x000010F0
T20F0 021:147.714 JLINK_ReadReg(XPSR)
T20F0 021:147.722 - 0.008ms returns 0x21000000
T20F0 021:147.732 JLINK_ReadReg(XPSR)
T20F0 021:147.742 - 0.008ms returns 0x21000000
T20F0 021:147.752 JLINK_ReadReg(R15 (PC))
T20F0 021:147.762 - 0.009ms returns 0x000010F0
T20F0 021:147.772 JLINK_ReadReg(XPSR)
T20F0 021:147.782 - 0.008ms returns 0x21000000
T20F0 021:147.792 JLINK_ReadReg(XPSR)
T20F0 021:147.800 - 0.008ms returns 0x21000000
T20F0 021:147.812 JLINK_ReadMem(0x000010F0, 0x1 Bytes, ...)
T20F0 021:147.824    -- Read from flash cache (1 bytes @ 0x000010F0)
T20F0 021:147.836   Data:  A0
T20F0 021:147.850 - 0.038ms returns 0
T20F0 021:147.860 JLINK_IsHalted()
T20F0 021:147.868 - 0.008ms returns TRUE
T20F0 021:147.878 JLINK_ReadReg(XPSR)
T20F0 021:147.888 - 0.008ms returns 0x21000000
T20F0 021:147.898 JLINK_ReadReg(XPSR)
T20F0 021:147.906 - 0.008ms returns 0x21000000
T20F0 021:147.916 JLINK_ReadReg(R15 (PC))
T20F0 021:147.924 - 0.008ms returns 0x000010F0
T20F0 021:147.934 JLINK_ReadReg(XPSR)
T20F0 021:147.942 - 0.008ms returns 0x21000000
T20F0 021:147.952 JLINK_ReadReg(XPSR)
T20F0 021:147.960 - 0.008ms returns 0x21000000
T20F0 021:147.972 JLINK_ReadMem(0x000010F0, 0x1 Bytes, ...)
T20F0 021:147.980    -- Read from flash cache (1 bytes @ 0x000010F0)
T20F0 021:147.990   Data:  A0
T20F0 021:148.004 - 0.033ms returns 0
T20F0 021:148.030 JLINK_IsHalted()
T20F0 021:148.040 - 0.008ms returns TRUE
T20F0 021:148.050 JLINK_ReadReg(XPSR)
T20F0 021:148.058 - 0.008ms returns 0x21000000
T20F0 021:148.068 JLINK_ReadReg(R15 (PC))
T20F0 021:148.076 - 0.008ms returns 0x000010F0
T20F0 021:148.086 JLINK_ReadReg(XPSR)
T20F0 021:148.096 - 0.008ms returns 0x21000000
T20F0 021:148.106 JLINK_ReadReg(XPSR)
T20F0 021:148.114 - 0.008ms returns 0x21000000
T20F0 021:148.124 JLINK_ReadReg(R15 (PC))
T20F0 021:148.132 - 0.008ms returns 0x000010F0
T20F0 021:148.140 JLINK_ReadReg(XPSR)
T20F0 021:148.150 - 0.008ms returns 0x21000000
T20F0 021:148.160 JLINK_ReadReg(XPSR)
T20F0 021:148.168 - 0.008ms returns 0x21000000
T20F0 021:148.178 JLINK_ReadMem(0x000010F0, 0x1 Bytes, ...)
T20F0 021:148.186    -- Read from flash cache (1 bytes @ 0x000010F0)
T20F0 021:148.198   Data:  A0
T20F0 021:148.210 - 0.032ms returns 0
T20F0 021:148.220 JLINK_IsHalted()
T20F0 021:148.228 - 0.008ms returns TRUE
T20F0 021:148.236 JLINK_ReadReg(XPSR)
T20F0 021:148.246 - 0.008ms returns 0x21000000
T20F0 021:148.256 JLINK_ReadReg(XPSR)
T20F0 021:148.264 - 0.008ms returns 0x21000000
T20F0 021:148.274 JLINK_ReadReg(R15 (PC))
T20F0 021:148.282 - 0.008ms returns 0x000010F0
T20F0 021:148.292 JLINK_ReadReg(XPSR)
T20F0 021:148.300 - 0.008ms returns 0x21000000
T20F0 021:148.310 JLINK_ReadReg(XPSR)
T20F0 021:148.318 - 0.008ms returns 0x21000000
T20F0 021:148.330 JLINK_ReadMem(0x000010F0, 0x1 Bytes, ...)
T20F0 021:148.338    -- Read from flash cache (1 bytes @ 0x000010F0)
T20F0 021:148.348   Data:  A0
T20F0 021:148.362 - 0.032ms returns 0
T20F0 021:149.580 JLINK_ReadRegs(NumRegs = 20)
T20F0 021:149.620   
  R0 (0)        = 0x63915D             R1 (1)        = 0xF4240              R2 (2)        = 0x14                 R3 (3)        = 0x3E8             
  R4 (4)        = 0x20000444           R5 (5)        = 0x00                 R6 (6)        = 0x20000480           R7 (7)        = 0x20000468        
  R8 (8)        = 0x20000458           R9 (9)        = 0xC54B3BBD           R10 (10)      = 0x1DFF68B9           R11 (11)      = 0x6F939966        
  R12 (12)      = 0x2FAF080            R13 (SP) (13) = 0x200003E0           R14 (14)      = 0x5AD                R15 (PC) (15) = 0x10F0            
  XPSR (16)     = 0x21000000           MSP (17)      = 0x200003E0           PSP (18)      = 0x2D56EC28           CFBP (20)     = 0x00              
T20F0 021:149.634 - 0.052ms returns 0x00
T20F0 021:150.912 JLINK_ReadMem(0x000010F0, 0x4 Bytes, ...)
T20F0 021:150.938    -- Read from flash cache (4 bytes @ 0x000010F0)
T20F0 021:150.950   Data:  A0 F1 01 00
T20F0 021:150.964 - 0.053ms returns 0
T4A6C 021:154.352 JLINK_IsHalted()
T4A6C 021:154.416 - 0.063ms returns TRUE
T4A6C 021:154.434 JLINK_ReadReg(XPSR)
T4A6C 021:154.446 - 0.012ms returns 0x21000000
T4A6C 021:154.458 JLINK_ReadReg(R15 (PC))
T4A6C 021:154.468 - 0.009ms returns 0x000010F0
T4A6C 021:154.480 JLINK_ReadReg(XPSR)
T4A6C 021:154.496 - 0.015ms returns 0x21000000
T4A6C 021:154.512 JLINK_ReadReg(XPSR)
T4A6C 021:154.524 - 0.009ms returns 0x21000000
T4A6C 021:154.532 JLINK_ReadReg(R15 (PC))
T4A6C 021:154.540 - 0.008ms returns 0x000010F0
T4A6C 021:154.552 JLINK_ReadReg(XPSR)
T4A6C 021:154.560 - 0.008ms returns 0x21000000
T4A6C 021:154.570 JLINK_ReadReg(XPSR)
T4A6C 021:154.578 - 0.008ms returns 0x21000000
T4A6C 021:154.588 JLINK_ReadMem(0x000010F0, 0x1 Bytes, ...)
T4A6C 021:154.602    -- Read from flash cache (1 bytes @ 0x000010F0)
T4A6C 021:154.614   Data:  A0
T4A6C 021:154.628 - 0.038ms returns 0
T4A6C 021:154.636 JLINK_IsHalted()
T4A6C 021:154.646 - 0.008ms returns TRUE
T4A6C 021:154.656 JLINK_ReadReg(XPSR)
T4A6C 021:154.666 - 0.009ms returns 0x21000000
T4A6C 021:154.676 JLINK_ReadReg(XPSR)
T4A6C 021:154.684 - 0.008ms returns 0x21000000
T4A6C 021:154.694 JLINK_ReadReg(R15 (PC))
T4A6C 021:154.704 - 0.009ms returns 0x000010F0
T4A6C 021:154.724 JLINK_ReadReg(XPSR)
T4A6C 021:154.732 - 0.010ms returns 0x21000000
T4A6C 021:154.742 JLINK_ReadReg(XPSR)
T4A6C 021:154.752 - 0.008ms returns 0x21000000
T4A6C 021:154.762 JLINK_ReadMem(0x000010F0, 0x1 Bytes, ...)
T4A6C 021:154.772    -- Read from flash cache (1 bytes @ 0x000010F0)
T4A6C 021:154.798   Data:  A0
T4A6C 021:154.812 - 0.049ms returns 0
T4A6C 021:155.270 JLINK_ReadMem(0xE0001004, 0x4 Bytes, ...)
T4A6C 021:155.292   CPU_ReadMem(4 bytes @ 0xE0001004)
T4A6C 021:155.890   Data:  CF 24 81 04
T4A6C 021:155.920   Debug reg: DWT_CYCCNT
T4A6C 021:155.932 - 0.662ms returns 0
T20F0 021:188.166 JLINK_ReadMem(0x000010F0, 0x4 Bytes, ...)
T20F0 021:188.208    -- Read from flash cache (4 bytes @ 0x000010F0)
T20F0 021:188.222   Data:  A0 F1 01 00
T20F0 021:188.236 - 0.071ms returns 0
T20F0 021:188.844 JLINK_ReadMem(0x000005AC, 0x4 Bytes, ...)
T20F0 021:188.864    -- Read from flash cache (4 bytes @ 0x000005AC)
T20F0 021:188.876   Data:  10 22 39 46
T20F0 021:188.890 - 0.046ms returns 0
T20F0 021:189.210 JLINK_ReadMem(0x200003C0, 0x40 Bytes, ...)
T20F0 021:189.244   CPU_ReadMem(64 bytes @ 0x200003C0)
T20F0 021:190.108    -- Updating C cache (64 bytes @ 0x200003C0)
T20F0 021:190.134    -- Read from C cache (64 bytes @ 0x200003C0)
T20F0 021:190.148   Data:  00 00 00 00 58 04 00 20 41 00 00 00 00 00 00 00 ...
T20F0 021:190.158 - 0.950ms returns 0
T20F0 021:190.578 JLINK_ReadMem(0x0000064A, 0x4 Bytes, ...)
T20F0 021:190.608    -- Read from flash cache (4 bytes @ 0x0000064A)
T20F0 021:190.620   Data:  00 20 08 BD
T20F0 021:190.632 - 0.054ms returns 0
T20F0 021:191.506 JLINK_ReadMem(0x000010C0, 0x40 Bytes, ...)
T20F0 021:191.526    -- Read from flash cache (64 bytes @ 0x000010C0)
T20F0 021:191.542   Data:  C3 F3 C0 14 DB 09 F9 D1 01 20 00 F0 A3 F8 05 4B ...
T20F0 021:191.556 - 0.049ms returns 0
T20F0 021:191.970 JLINK_ReadMem(0x00001100, 0x40 Bytes, ...)
T20F0 021:191.986    -- Read from flash cache (64 bytes @ 0x00001100)
T20F0 021:191.998   Data:  01 F1 10 4D 10 4A 28 68 B2 FB F0 F2 4F F4 7A 73 ...
T20F0 021:192.012 - 0.041ms returns 0
T20F0 021:196.158 JLINK_ReadMem(0x00001140, 0x40 Bytes, ...)
T20F0 021:196.188    -- Read from flash cache (64 bytes @ 0x00001140)
T20F0 021:196.202   Data:  70 47 00 BF 04 05 00 20 00 CA 9A 3B 70 B5 0C 4B ...
T20F0 021:196.214 - 0.055ms returns 0
T20F0 021:459.244 JLINK_ReadMem(0x000010C0, 0x40 Bytes, ...)
T20F0 021:459.308    -- Read from flash cache (64 bytes @ 0x000010C0)
T20F0 021:459.326   Data:  C3 F3 C0 14 DB 09 F9 D1 01 20 00 F0 A3 F8 05 4B ...
T20F0 021:459.340 - 0.095ms returns 0
T20F0 021:459.838 JLINK_ReadMem(0x00001100, 0x40 Bytes, ...)
T20F0 021:459.868    -- Read from flash cache (64 bytes @ 0x00001100)
T20F0 021:459.886   Data:  01 F1 10 4D 10 4A 28 68 B2 FB F0 F2 4F F4 7A 73 ...
T20F0 021:459.904 - 0.066ms returns 0
T20F0 021:554.792 JLINK_ReadMem(0x000010C0, 0x40 Bytes, ...)
T20F0 021:554.892    -- Read from flash cache (64 bytes @ 0x000010C0)
T20F0 021:554.906   Data:  C3 F3 C0 14 DB 09 F9 D1 01 20 00 F0 A3 F8 05 4B ...
T20F0 021:554.920 - 0.130ms returns 0
T20F0 021:555.392 JLINK_ReadMem(0x00001100, 0x40 Bytes, ...)
T20F0 021:555.424    -- Read from flash cache (64 bytes @ 0x00001100)
T20F0 021:555.448   Data:  01 F1 10 4D 10 4A 28 68 B2 FB F0 F2 4F F4 7A 73 ...
T20F0 021:555.468 - 0.076ms returns 0
T20F0 023:804.708 JLINK_ReadMem(0x20000480, 0x1 Bytes, ...)
T20F0 023:804.840   CPU_ReadMem(64 bytes @ 0x20000480)
T20F0 023:805.756    -- Updating C cache (64 bytes @ 0x20000480)
T20F0 023:805.786    -- Read from C cache (1 bytes @ 0x20000480)
T20F0 023:805.798   Data:  00
T20F0 023:805.812 - 1.110ms returns 0
T20F0 023:806.252 JLINK_ReadMem(0x20000481, 0x1 Bytes, ...)
T20F0 023:806.282    -- Read from C cache (1 bytes @ 0x20000481)
T20F0 023:806.294   Data:  00
T20F0 023:806.308 - 0.054ms returns 0
T20F0 023:806.658 JLINK_ReadMem(0x20000480, 0x30 Bytes, ...)
T20F0 023:806.688    -- Read from C cache (48 bytes @ 0x20000480)
T20F0 023:806.702   Data:  00 00 01 00 55 49 43 53 FF FF 00 00 00 00 00 00 ...
T20F0 023:806.714 - 0.056ms returns 0
T20F0 023:807.192 JLINK_ReadMem(0x20000468, 0x8 Bytes, ...)
T20F0 023:807.220   CPU_ReadMem(64 bytes @ 0x20000440)
T20F0 023:808.038    -- Updating C cache (64 bytes @ 0x20000440)
T20F0 023:808.056    -- Read from C cache (8 bytes @ 0x20000468)
T20F0 023:808.068   Data:  00 00 00 00 00 00 00 00
T20F0 023:808.090 - 0.898ms returns 0
T20F0 023:979.120 JLINK_ReadMem(0x20000480, 0x8 Bytes, ...)
T20F0 023:979.188    -- Read from C cache (8 bytes @ 0x20000480)
T20F0 023:979.208   Data:  00 00 01 00 55 49 43 53
T20F0 023:979.220 - 0.101ms returns 0
T20F0 023:980.140 JLINK_ReadMem(0x20000481, 0x8 Bytes, ...)
T20F0 023:980.172    -- Read from C cache (8 bytes @ 0x20000481)
T20F0 023:980.196   Data:  00 01 00 55 49 43 53 FF
T20F0 023:980.216 - 0.074ms returns 0
T20F0 023:980.996 JLINK_ReadMem(0x20000482, 0x8 Bytes, ...)
T20F0 023:981.028    -- Read from C cache (8 bytes @ 0x20000482)
T20F0 023:981.050   Data:  01 00 55 49 43 53 FF FF
T20F0 023:981.068 - 0.072ms returns 0
T20F0 023:981.964 JLINK_ReadMem(0x20000482, 0x8 Bytes, ...)
T20F0 023:981.996    -- Read from C cache (8 bytes @ 0x20000482)
T20F0 023:982.020   Data:  01 00 55 49 43 53 FF FF
T20F0 023:982.042 - 0.076ms returns 0
T44C0 414:645.664   
  ***** Error: Connection to emulator lost!
T257C 434:530.240 JLINK_Halt()
T257C 434:530.304 - 0.047ms returns 0x00
T257C 434:530.304 JLINK_ReadReg(XPSR)
T257C 434:530.304 - 0.012ms returns 0x00000000
T257C 434:543.008 JLINK_Close()
T257C 434:553.280 - 10.311ms
T257C 434:553.344   
T257C 434:553.408   Closed
